{"C:\\Users\\masou\\OneDrive\\spring26\\Reddit-AI-Debate-Analyzer\\frontend\\src\\api.js": {"path":"C:\\Users\\masou\\OneDrive\\spring26\\Reddit-AI-Debate-Analyzer\\frontend\\src\\api.js","statementMap":{"0":{"start":{"line":3,"column":17},"end":{"line":3,"column":26}},"1":{"start":{"line":6,"column":16},"end":{"line":6,"column":20}},"2":{"start":{"line":9,"column":2},"end":{"line":9,"column":19}},"3":{"start":{"line":13,"column":2},"end":{"line":13,"column":20}},"4":{"start":{"line":14,"column":2},"end":{"line":18,"column":3}},"5":{"start":{"line":15,"column":4},"end":{"line":15,"column":46}},"6":{"start":{"line":17,"column":4},"end":{"line":17,"column":42}},"7":{"start":{"line":22,"column":2},"end":{"line":22,"column":49}},"8":{"start":{"line":23,"column":2},"end":{"line":23,"column":19}},"9":{"start":{"line":27,"column":2},"end":{"line":27,"column":19}},"10":{"start":{"line":28,"column":2},"end":{"line":28,"column":40}},"11":{"start":{"line":32,"column":18},"end":{"line":32,"column":56}},"12":{"start":{"line":33,"column":2},"end":{"line":33,"column":66}},"13":{"start":{"line":33,"column":17},"end":{"line":33,"column":66}},"14":{"start":{"line":34,"column":2},"end":{"line":34,"column":17}},"15":{"start":{"line":38,"column":20},"end":{"line":38,"column":24}},"16":{"start":{"line":40,"column":2},"end":{"line":40,"column":27}},"17":{"start":{"line":45,"column":2},"end":{"line":48,"column":3}},"18":{"start":{"line":46,"column":4},"end":{"line":46,"column":20}},"19":{"start":{"line":47,"column":4},"end":{"line":47,"column":39}},"20":{"start":{"line":49,"column":2},"end":{"line":49,"column":13}},"21":{"start":{"line":55,"column":14},"end":{"line":59,"column":4}},"22":{"start":{"line":60,"column":2},"end":{"line":63,"column":3}},"23":{"start":{"line":61,"column":17},"end":{"line":61,"column":51}},"24":{"start":{"line":61,"column":47},"end":{"line":61,"column":49}},"25":{"start":{"line":62,"column":4},"end":{"line":62,"column":52}},"26":{"start":{"line":64,"column":2},"end":{"line":64,"column":20}},"27":{"start":{"line":68,"column":14},"end":{"line":72,"column":4}},"28":{"start":{"line":73,"column":2},"end":{"line":76,"column":3}},"29":{"start":{"line":74,"column":17},"end":{"line":74,"column":51}},"30":{"start":{"line":74,"column":47},"end":{"line":74,"column":49}},"31":{"start":{"line":75,"column":4},"end":{"line":75,"column":59}},"32":{"start":{"line":77,"column":2},"end":{"line":77,"column":20}},"33":{"start":{"line":81,"column":14},"end":{"line":85,"column":4}},"34":{"start":{"line":86,"column":2},"end":{"line":89,"column":3}},"35":{"start":{"line":87,"column":17},"end":{"line":87,"column":51}},"36":{"start":{"line":87,"column":47},"end":{"line":87,"column":49}},"37":{"start":{"line":88,"column":4},"end":{"line":88,"column":59}},"38":{"start":{"line":90,"column":2},"end":{"line":90,"column":20}},"39":{"start":{"line":94,"column":14},"end":{"line":96,"column":4}},"40":{"start":{"line":97,"column":2},"end":{"line":97,"column":50}},"41":{"start":{"line":97,"column":15},"end":{"line":97,"column":50}},"42":{"start":{"line":98,"column":2},"end":{"line":98,"column":20}},"43":{"start":{"line":104,"column":17},"end":{"line":104,"column":38}},"44":{"start":{"line":105,"column":2},"end":{"line":105,"column":52}},"45":{"start":{"line":105,"column":17},"end":{"line":105,"column":52}},"46":{"start":{"line":106,"column":2},"end":{"line":106,"column":48}},"47":{"start":{"line":106,"column":19},"end":{"line":106,"column":48}},"48":{"start":{"line":107,"column":2},"end":{"line":107,"column":57}},"49":{"start":{"line":107,"column":16},"end":{"line":107,"column":57}},"50":{"start":{"line":108,"column":13},"end":{"line":108,"column":30}},"51":{"start":{"line":109,"column":12},"end":{"line":111,"column":4}},"52":{"start":{"line":112,"column":2},"end":{"line":112,"column":34}},"53":{"start":{"line":113,"column":2},"end":{"line":113,"column":56}},"54":{"start":{"line":113,"column":15},"end":{"line":113,"column":56}},"55":{"start":{"line":114,"column":2},"end":{"line":114,"column":20}},"56":{"start":{"line":118,"column":12},"end":{"line":122,"column":4}},"57":{"start":{"line":123,"column":2},"end":{"line":123,"column":34}},"58":{"start":{"line":124,"column":2},"end":{"line":124,"column":49}},"59":{"start":{"line":124,"column":15},"end":{"line":124,"column":49}},"60":{"start":{"line":125,"column":2},"end":{"line":125,"column":20}},"61":{"start":{"line":129,"column":12},"end":{"line":133,"column":4}},"62":{"start":{"line":134,"column":2},"end":{"line":134,"column":34}},"63":{"start":{"line":135,"column":2},"end":{"line":135,"column":56}},"64":{"start":{"line":135,"column":15},"end":{"line":135,"column":56}},"65":{"start":{"line":136,"column":2},"end":{"line":136,"column":20}},"66":{"start":{"line":142,"column":12},"end":{"line":144,"column":4}},"67":{"start":{"line":145,"column":2},"end":{"line":145,"column":34}},"68":{"start":{"line":146,"column":2},"end":{"line":146,"column":59}},"69":{"start":{"line":146,"column":15},"end":{"line":146,"column":59}},"70":{"start":{"line":147,"column":2},"end":{"line":147,"column":20}},"71":{"start":{"line":151,"column":12},"end":{"line":155,"column":4}},"72":{"start":{"line":156,"column":2},"end":{"line":156,"column":34}},"73":{"start":{"line":157,"column":2},"end":{"line":157,"column":56}},"74":{"start":{"line":157,"column":15},"end":{"line":157,"column":56}},"75":{"start":{"line":158,"column":2},"end":{"line":158,"column":20}},"76":{"start":{"line":162,"column":14},"end":{"line":166,"column":4}},"77":{"start":{"line":167,"column":2},"end":{"line":167,"column":60}},"78":{"start":{"line":167,"column":15},"end":{"line":167,"column":60}},"79":{"start":{"line":168,"column":2},"end":{"line":168,"column":20}},"80":{"start":{"line":172,"column":14},"end":{"line":176,"column":4}},"81":{"start":{"line":177,"column":2},"end":{"line":177,"column":59}},"82":{"start":{"line":177,"column":15},"end":{"line":177,"column":59}},"83":{"start":{"line":178,"column":2},"end":{"line":178,"column":20}},"84":{"start":{"line":184,"column":14},"end":{"line":186,"column":4}},"85":{"start":{"line":187,"column":2},"end":{"line":187,"column":61}},"86":{"start":{"line":187,"column":15},"end":{"line":187,"column":61}},"87":{"start":{"line":188,"column":2},"end":{"line":188,"column":20}},"88":{"start":{"line":192,"column":14},"end":{"line":195,"column":4}},"89":{"start":{"line":196,"column":2},"end":{"line":196,"column":65}},"90":{"start":{"line":196,"column":15},"end":{"line":196,"column":65}},"91":{"start":{"line":197,"column":2},"end":{"line":197,"column":20}},"92":{"start":{"line":203,"column":12},"end":{"line":205,"column":4}},"93":{"start":{"line":206,"column":2},"end":{"line":206,"column":34}},"94":{"start":{"line":207,"column":2},"end":{"line":207,"column":64}},"95":{"start":{"line":207,"column":15},"end":{"line":207,"column":64}},"96":{"start":{"line":208,"column":2},"end":{"line":208,"column":20}},"97":{"start":{"line":212,"column":12},"end":{"line":214,"column":4}},"98":{"start":{"line":215,"column":2},"end":{"line":215,"column":34}},"99":{"start":{"line":216,"column":2},"end":{"line":216,"column":63}},"100":{"start":{"line":216,"column":15},"end":{"line":216,"column":63}},"101":{"start":{"line":217,"column":2},"end":{"line":217,"column":20}},"102":{"start":{"line":221,"column":12},"end":{"line":224,"column":4}},"103":{"start":{"line":225,"column":2},"end":{"line":225,"column":34}},"104":{"start":{"line":226,"column":2},"end":{"line":226,"column":67}},"105":{"start":{"line":226,"column":15},"end":{"line":226,"column":67}},"106":{"start":{"line":227,"column":2},"end":{"line":227,"column":20}},"107":{"start":{"line":231,"column":12},"end":{"line":234,"column":4}},"108":{"start":{"line":235,"column":2},"end":{"line":235,"column":34}},"109":{"start":{"line":236,"column":2},"end":{"line":236,"column":72}},"110":{"start":{"line":236,"column":15},"end":{"line":236,"column":72}},"111":{"start":{"line":237,"column":2},"end":{"line":237,"column":20}},"112":{"start":{"line":241,"column":14},"end":{"line":243,"column":4}},"113":{"start":{"line":244,"column":2},"end":{"line":244,"column":68}},"114":{"start":{"line":244,"column":15},"end":{"line":244,"column":68}},"115":{"start":{"line":245,"column":2},"end":{"line":245,"column":20}},"116":{"start":{"line":251,"column":14},"end":{"line":255,"column":4}},"117":{"start":{"line":256,"column":2},"end":{"line":256,"column":58}},"118":{"start":{"line":256,"column":15},"end":{"line":256,"column":58}},"119":{"start":{"line":257,"column":2},"end":{"line":257,"column":20}},"120":{"start":{"line":262,"column":21},"end":{"line":262,"column":25}},"121":{"start":{"line":265,"column":2},"end":{"line":265,"column":72}},"122":{"start":{"line":265,"column":50},"end":{"line":265,"column":72}},"123":{"start":{"line":267,"column":2},"end":{"line":270,"column":5}},"124":{"start":{"line":272,"column":2},"end":{"line":272,"column":24}},"125":{"start":{"line":276,"column":2},"end":{"line":279,"column":3}},"126":{"start":{"line":277,"column":4},"end":{"line":277,"column":32}},"127":{"start":{"line":278,"column":4},"end":{"line":278,"column":26}}},"fnMap":{"0":{"name":"getToken","decl":{"start":{"line":8,"column":16},"end":{"line":8,"column":24}},"loc":{"start":{"line":8,"column":27},"end":{"line":10,"column":1}},"line":8},"1":{"name":"setToken","decl":{"start":{"line":12,"column":16},"end":{"line":12,"column":24}},"loc":{"start":{"line":12,"column":32},"end":{"line":19,"column":1}},"line":12},"2":{"name":"loadToken","decl":{"start":{"line":21,"column":16},"end":{"line":21,"column":25}},"loc":{"start":{"line":21,"column":28},"end":{"line":24,"column":1}},"line":21},"3":{"name":"clearToken","decl":{"start":{"line":26,"column":16},"end":{"line":26,"column":26}},"loc":{"start":{"line":26,"column":29},"end":{"line":29,"column":1}},"line":26},"4":{"name":"authHeaders","decl":{"start":{"line":31,"column":9},"end":{"line":31,"column":20}},"loc":{"start":{"line":31,"column":23},"end":{"line":35,"column":1}},"line":31},"5":{"name":"setOnAuthFailure","decl":{"start":{"line":39,"column":16},"end":{"line":39,"column":32}},"loc":{"start":{"line":39,"column":43},"end":{"line":41,"column":1}},"line":39},"6":{"name":"handleResponse","decl":{"start":{"line":44,"column":15},"end":{"line":44,"column":29}},"loc":{"start":{"line":44,"column":35},"end":{"line":50,"column":1}},"line":44},"7":{"name":"login","decl":{"start":{"line":54,"column":22},"end":{"line":54,"column":27}},"loc":{"start":{"line":54,"column":48},"end":{"line":65,"column":1}},"line":54},"8":{"name":"(anonymous_8)","decl":{"start":{"line":61,"column":40},"end":{"line":61,"column":41}},"loc":{"start":{"line":61,"column":47},"end":{"line":61,"column":49}},"line":61},"9":{"name":"register","decl":{"start":{"line":67,"column":22},"end":{"line":67,"column":30}},"loc":{"start":{"line":67,"column":58},"end":{"line":78,"column":1}},"line":67},"10":{"name":"(anonymous_10)","decl":{"start":{"line":74,"column":40},"end":{"line":74,"column":41}},"loc":{"start":{"line":74,"column":47},"end":{"line":74,"column":49}},"line":74},"11":{"name":"googleLogin","decl":{"start":{"line":80,"column":22},"end":{"line":80,"column":33}},"loc":{"start":{"line":80,"column":46},"end":{"line":91,"column":1}},"line":80},"12":{"name":"(anonymous_12)","decl":{"start":{"line":87,"column":40},"end":{"line":87,"column":41}},"loc":{"start":{"line":87,"column":47},"end":{"line":87,"column":49}},"line":87},"13":{"name":"fetchMe","decl":{"start":{"line":93,"column":22},"end":{"line":93,"column":29}},"loc":{"start":{"line":93,"column":32},"end":{"line":99,"column":1}},"line":93},"14":{"name":"fetchPosts","decl":{"start":{"line":103,"column":22},"end":{"line":103,"column":32}},"loc":{"start":{"line":103,"column":67},"end":{"line":115,"column":1}},"line":103},"15":{"name":"voteOnPost","decl":{"start":{"line":117,"column":22},"end":{"line":117,"column":32}},"loc":{"start":{"line":117,"column":51},"end":{"line":126,"column":1}},"line":117},"16":{"name":"createPost","decl":{"start":{"line":128,"column":22},"end":{"line":128,"column":32}},"loc":{"start":{"line":128,"column":67},"end":{"line":137,"column":1}},"line":128},"17":{"name":"fetchComments","decl":{"start":{"line":141,"column":22},"end":{"line":141,"column":35}},"loc":{"start":{"line":141,"column":44},"end":{"line":148,"column":1}},"line":141},"18":{"name":"addCommentApi","decl":{"start":{"line":150,"column":22},"end":{"line":150,"column":35}},"loc":{"start":{"line":150,"column":67},"end":{"line":159,"column":1}},"line":150},"19":{"name":"voteOnComment","decl":{"start":{"line":161,"column":22},"end":{"line":161,"column":35}},"loc":{"start":{"line":161,"column":57},"end":{"line":169,"column":1}},"line":161},"20":{"name":"reportComment","decl":{"start":{"line":171,"column":22},"end":{"line":171,"column":35}},"loc":{"start":{"line":171,"column":55},"end":{"line":179,"column":1}},"line":171},"21":{"name":"fetchSubreddits","decl":{"start":{"line":183,"column":22},"end":{"line":183,"column":37}},"loc":{"start":{"line":183,"column":40},"end":{"line":189,"column":1}},"line":183},"22":{"name":"joinSubredditApi","decl":{"start":{"line":191,"column":22},"end":{"line":191,"column":38}},"loc":{"start":{"line":191,"column":52},"end":{"line":198,"column":1}},"line":191},"23":{"name":"fetchNotifications","decl":{"start":{"line":202,"column":22},"end":{"line":202,"column":40}},"loc":{"start":{"line":202,"column":43},"end":{"line":209,"column":1}},"line":202},"24":{"name":"fetchUnreadCount","decl":{"start":{"line":211,"column":22},"end":{"line":211,"column":38}},"loc":{"start":{"line":211,"column":41},"end":{"line":218,"column":1}},"line":211},"25":{"name":"markNotificationRead","decl":{"start":{"line":220,"column":22},"end":{"line":220,"column":42}},"loc":{"start":{"line":220,"column":52},"end":{"line":228,"column":1}},"line":220},"26":{"name":"markAllNotificationsRead","decl":{"start":{"line":230,"column":22},"end":{"line":230,"column":46}},"loc":{"start":{"line":230,"column":49},"end":{"line":238,"column":1}},"line":230},"27":{"name":"fetchReasoningSummary","decl":{"start":{"line":240,"column":22},"end":{"line":240,"column":43}},"loc":{"start":{"line":240,"column":55},"end":{"line":246,"column":1}},"line":240},"28":{"name":"analyzeDraftRest","decl":{"start":{"line":250,"column":22},"end":{"line":250,"column":38}},"loc":{"start":{"line":250,"column":50},"end":{"line":258,"column":1}},"line":250},"29":{"name":"getComposerSocket","decl":{"start":{"line":264,"column":16},"end":{"line":264,"column":33}},"loc":{"start":{"line":264,"column":36},"end":{"line":273,"column":1}},"line":264},"30":{"name":"disconnectComposerSocket","decl":{"start":{"line":275,"column":16},"end":{"line":275,"column":40}},"loc":{"start":{"line":275,"column":43},"end":{"line":280,"column":1}},"line":275}},"branchMap":{"0":{"loc":{"start":{"line":14,"column":2},"end":{"line":18,"column":3}},"type":"if","locations":[{"start":{"line":14,"column":2},"end":{"line":18,"column":3}},{"start":{"line":16,"column":9},"end":{"line":18,"column":3}}],"line":14},"1":{"loc":{"start":{"line":33,"column":2},"end":{"line":33,"column":66}},"type":"if","locations":[{"start":{"line":33,"column":2},"end":{"line":33,"column":66}},{"start":{},"end":{}}],"line":33},"2":{"loc":{"start":{"line":45,"column":2},"end":{"line":48,"column":3}},"type":"if","locations":[{"start":{"line":45,"column":2},"end":{"line":48,"column":3}},{"start":{},"end":{}}],"line":45},"3":{"loc":{"start":{"line":45,"column":6},"end":{"line":45,"column":41}},"type":"binary-expr","locations":[{"start":{"line":45,"column":6},"end":{"line":45,"column":24}},{"start":{"line":45,"column":28},"end":{"line":45,"column":41}}],"line":45},"4":{"loc":{"start":{"line":60,"column":2},"end":{"line":63,"column":3}},"type":"if","locations":[{"start":{"line":60,"column":2},"end":{"line":63,"column":3}},{"start":{},"end":{}}],"line":60},"5":{"loc":{"start":{"line":62,"column":20},"end":{"line":62,"column":50}},"type":"binary-expr","locations":[{"start":{"line":62,"column":20},"end":{"line":62,"column":32}},{"start":{"line":62,"column":36},"end":{"line":62,"column":50}}],"line":62},"6":{"loc":{"start":{"line":73,"column":2},"end":{"line":76,"column":3}},"type":"if","locations":[{"start":{"line":73,"column":2},"end":{"line":76,"column":3}},{"start":{},"end":{}}],"line":73},"7":{"loc":{"start":{"line":75,"column":20},"end":{"line":75,"column":57}},"type":"binary-expr","locations":[{"start":{"line":75,"column":20},"end":{"line":75,"column":32}},{"start":{"line":75,"column":36},"end":{"line":75,"column":57}}],"line":75},"8":{"loc":{"start":{"line":86,"column":2},"end":{"line":89,"column":3}},"type":"if","locations":[{"start":{"line":86,"column":2},"end":{"line":89,"column":3}},{"start":{},"end":{}}],"line":86},"9":{"loc":{"start":{"line":88,"column":20},"end":{"line":88,"column":57}},"type":"binary-expr","locations":[{"start":{"line":88,"column":20},"end":{"line":88,"column":32}},{"start":{"line":88,"column":36},"end":{"line":88,"column":57}}],"line":88},"10":{"loc":{"start":{"line":97,"column":2},"end":{"line":97,"column":50}},"type":"if","locations":[{"start":{"line":97,"column":2},"end":{"line":97,"column":50}},{"start":{},"end":{}}],"line":97},"11":{"loc":{"start":{"line":105,"column":2},"end":{"line":105,"column":52}},"type":"if","locations":[{"start":{"line":105,"column":2},"end":{"line":105,"column":52}},{"start":{},"end":{}}],"line":105},"12":{"loc":{"start":{"line":106,"column":2},"end":{"line":106,"column":48}},"type":"if","locations":[{"start":{"line":106,"column":2},"end":{"line":106,"column":48}},{"start":{},"end":{}}],"line":106},"13":{"loc":{"start":{"line":107,"column":2},"end":{"line":107,"column":57}},"type":"if","locations":[{"start":{"line":107,"column":2},"end":{"line":107,"column":57}},{"start":{},"end":{}}],"line":107},"14":{"loc":{"start":{"line":109,"column":44},"end":{"line":109,"column":62}},"type":"cond-expr","locations":[{"start":{"line":109,"column":49},"end":{"line":109,"column":57}},{"start":{"line":109,"column":60},"end":{"line":109,"column":62}}],"line":109},"15":{"loc":{"start":{"line":113,"column":2},"end":{"line":113,"column":56}},"type":"if","locations":[{"start":{"line":113,"column":2},"end":{"line":113,"column":56}},{"start":{},"end":{}}],"line":113},"16":{"loc":{"start":{"line":124,"column":2},"end":{"line":124,"column":49}},"type":"if","locations":[{"start":{"line":124,"column":2},"end":{"line":124,"column":49}},{"start":{},"end":{}}],"line":124},"17":{"loc":{"start":{"line":135,"column":2},"end":{"line":135,"column":56}},"type":"if","locations":[{"start":{"line":135,"column":2},"end":{"line":135,"column":56}},{"start":{},"end":{}}],"line":135},"18":{"loc":{"start":{"line":146,"column":2},"end":{"line":146,"column":59}},"type":"if","locations":[{"start":{"line":146,"column":2},"end":{"line":146,"column":59}},{"start":{},"end":{}}],"line":146},"19":{"loc":{"start":{"line":154,"column":50},"end":{"line":154,"column":73}},"type":"binary-expr","locations":[{"start":{"line":154,"column":50},"end":{"line":154,"column":65}},{"start":{"line":154,"column":69},"end":{"line":154,"column":73}}],"line":154},"20":{"loc":{"start":{"line":157,"column":2},"end":{"line":157,"column":56}},"type":"if","locations":[{"start":{"line":157,"column":2},"end":{"line":157,"column":56}},{"start":{},"end":{}}],"line":157},"21":{"loc":{"start":{"line":167,"column":2},"end":{"line":167,"column":60}},"type":"if","locations":[{"start":{"line":167,"column":2},"end":{"line":167,"column":60}},{"start":{},"end":{}}],"line":167},"22":{"loc":{"start":{"line":177,"column":2},"end":{"line":177,"column":59}},"type":"if","locations":[{"start":{"line":177,"column":2},"end":{"line":177,"column":59}},{"start":{},"end":{}}],"line":177},"23":{"loc":{"start":{"line":187,"column":2},"end":{"line":187,"column":61}},"type":"if","locations":[{"start":{"line":187,"column":2},"end":{"line":187,"column":61}},{"start":{},"end":{}}],"line":187},"24":{"loc":{"start":{"line":196,"column":2},"end":{"line":196,"column":65}},"type":"if","locations":[{"start":{"line":196,"column":2},"end":{"line":196,"column":65}},{"start":{},"end":{}}],"line":196},"25":{"loc":{"start":{"line":207,"column":2},"end":{"line":207,"column":64}},"type":"if","locations":[{"start":{"line":207,"column":2},"end":{"line":207,"column":64}},{"start":{},"end":{}}],"line":207},"26":{"loc":{"start":{"line":216,"column":2},"end":{"line":216,"column":63}},"type":"if","locations":[{"start":{"line":216,"column":2},"end":{"line":216,"column":63}},{"start":{},"end":{}}],"line":216},"27":{"loc":{"start":{"line":226,"column":2},"end":{"line":226,"column":67}},"type":"if","locations":[{"start":{"line":226,"column":2},"end":{"line":226,"column":67}},{"start":{},"end":{}}],"line":226},"28":{"loc":{"start":{"line":236,"column":2},"end":{"line":236,"column":72}},"type":"if","locations":[{"start":{"line":236,"column":2},"end":{"line":236,"column":72}},{"start":{},"end":{}}],"line":236},"29":{"loc":{"start":{"line":244,"column":2},"end":{"line":244,"column":68}},"type":"if","locations":[{"start":{"line":244,"column":2},"end":{"line":244,"column":68}},{"start":{},"end":{}}],"line":244},"30":{"loc":{"start":{"line":256,"column":2},"end":{"line":256,"column":58}},"type":"if","locations":[{"start":{"line":256,"column":2},"end":{"line":256,"column":58}},{"start":{},"end":{}}],"line":256},"31":{"loc":{"start":{"line":265,"column":2},"end":{"line":265,"column":72}},"type":"if","locations":[{"start":{"line":265,"column":2},"end":{"line":265,"column":72}},{"start":{},"end":{}}],"line":265},"32":{"loc":{"start":{"line":265,"column":6},"end":{"line":265,"column":48}},"type":"binary-expr","locations":[{"start":{"line":265,"column":6},"end":{"line":265,"column":20}},{"start":{"line":265,"column":24},"end":{"line":265,"column":48}}],"line":265},"33":{"loc":{"start":{"line":276,"column":2},"end":{"line":279,"column":3}},"type":"if","locations":[{"start":{"line":276,"column":2},"end":{"line":279,"column":3}},{"start":{},"end":{}}],"line":276}},"s":{"0":1,"1":1,"2":0,"3":0,"4":0,"5":0,"6":0,"7":0,"8":0,"9":0,"10":0,"11":0,"12":0,"13":0,"14":0,"15":1,"16":0,"17":0,"18":0,"19":0,"20":0,"21":0,"22":0,"23":0,"24":0,"25":0,"26":0,"27":0,"28":0,"29":0,"30":0,"31":0,"32":0,"33":0,"34":0,"35":0,"36":0,"37":0,"38":0,"39":0,"40":0,"41":0,"42":0,"43":0,"44":0,"45":0,"46":0,"47":0,"48":0,"49":0,"50":0,"51":0,"52":0,"53":0,"54":0,"55":0,"56":0,"57":0,"58":0,"59":0,"60":0,"61":0,"62":0,"63":0,"64":0,"65":0,"66":0,"67":0,"68":0,"69":0,"70":0,"71":0,"72":0,"73":0,"74":0,"75":0,"76":0,"77":0,"78":0,"79":0,"80":0,"81":0,"82":0,"83":0,"84":0,"85":0,"86":0,"87":0,"88":0,"89":0,"90":0,"91":0,"92":0,"93":0,"94":0,"95":0,"96":0,"97":0,"98":0,"99":0,"100":0,"101":0,"102":0,"103":0,"104":0,"105":0,"106":0,"107":0,"108":0,"109":0,"110":0,"111":0,"112":0,"113":0,"114":0,"115":0,"116":0,"117":0,"118":0,"119":0,"120":1,"121":0,"122":0,"123":0,"124":0,"125":0,"126":0,"127":0},"f":{"0":0,"1":0,"2":0,"3":0,"4":0,"5":0,"6":0,"7":0,"8":0,"9":0,"10":0,"11":0,"12":0,"13":0,"14":0,"15":0,"16":0,"17":0,"18":0,"19":0,"20":0,"21":0,"22":0,"23":0,"24":0,"25":0,"26":0,"27":0,"28":0,"29":0,"30":0},"b":{"0":[0,0],"1":[0,0],"2":[0,0],"3":[0,0],"4":[0,0],"5":[0,0],"6":[0,0],"7":[0,0],"8":[0,0],"9":[0,0],"10":[0,0],"11":[0,0],"12":[0,0],"13":[0,0],"14":[0,0],"15":[0,0],"16":[0,0],"17":[0,0],"18":[0,0],"19":[0,0],"20":[0,0],"21":[0,0],"22":[0,0],"23":[0,0],"24":[0,0],"25":[0,0],"26":[0,0],"27":[0,0],"28":[0,0],"29":[0,0],"30":[0,0],"31":[0,0],"32":[0,0],"33":[0,0]},"_coverageSchema":"1a1c01bbd47fc00a2c39e90264f33305004495a9","hash":"10f42f66e98d57873ca3d70ef914c66c8d8e8153"}
,"C:\\Users\\masou\\OneDrive\\spring26\\Reddit-AI-Debate-Analyzer\\frontend\\src\\components\\ComposerWithFeedback.jsx": {"path":"C:\\Users\\masou\\OneDrive\\spring26\\Reddit-AI-Debate-Analyzer\\frontend\\src\\components\\ComposerWithFeedback.jsx","statementMap":{"0":{"start":{"line":12,"column":77},"end":{"line":12,"column":102}},"1":{"start":{"line":13,"column":36},"end":{"line":13,"column":48}},"2":{"start":{"line":14,"column":44},"end":{"line":14,"column":59}},"3":{"start":{"line":15,"column":22},"end":{"line":15,"column":34}},"4":{"start":{"line":16,"column":22},"end":{"line":16,"column":34}},"5":{"start":{"line":17,"column":22},"end":{"line":17,"column":34}},"6":{"start":{"line":20,"column":2},"end":{"line":35,"column":50}},"7":{"start":{"line":21,"column":4},"end":{"line":21,"column":63}},"8":{"start":{"line":21,"column":29},"end":{"line":21,"column":63}},"9":{"start":{"line":23,"column":4},"end":{"line":30,"column":5}},"10":{"start":{"line":24,"column":6},"end":{"line":24,"column":30}},"11":{"start":{"line":25,"column":6},"end":{"line":27,"column":14}},"12":{"start":{"line":26,"column":8},"end":{"line":26,"column":32}},"13":{"start":{"line":29,"column":6},"end":{"line":29,"column":29}},"14":{"start":{"line":32,"column":4},"end":{"line":34,"column":6}},"15":{"start":{"line":33,"column":6},"end":{"line":33,"column":65}},"16":{"start":{"line":33,"column":31},"end":{"line":33,"column":65}},"17":{"start":{"line":38,"column":2},"end":{"line":40,"column":25}},"18":{"start":{"line":39,"column":4},"end":{"line":39,"column":40}},"19":{"start":{"line":39,"column":17},"end":{"line":39,"column":39}},"20":{"start":{"line":43,"column":23},"end":{"line":48,"column":8}},"21":{"start":{"line":44,"column":4},"end":{"line":47,"column":5}},"22":{"start":{"line":45,"column":6},"end":{"line":45,"column":68}},"23":{"start":{"line":46,"column":6},"end":{"line":46,"column":70}},"24":{"start":{"line":50,"column":23},"end":{"line":56,"column":3}},"25":{"start":{"line":51,"column":4},"end":{"line":55,"column":5}},"26":{"start":{"line":52,"column":6},"end":{"line":52,"column":33}},"27":{"start":{"line":53,"column":6},"end":{"line":53,"column":23}},"28":{"start":{"line":54,"column":6},"end":{"line":54,"column":29}},"29":{"start":{"line":58,"column":23},"end":{"line":62,"column":3}},"30":{"start":{"line":59,"column":4},"end":{"line":59,"column":21}},"31":{"start":{"line":60,"column":4},"end":{"line":60,"column":27}},"32":{"start":{"line":61,"column":4},"end":{"line":61,"column":29}},"33":{"start":{"line":61,"column":18},"end":{"line":61,"column":29}},"34":{"start":{"line":64,"column":22},"end":{"line":69,"column":3}},"35":{"start":{"line":65,"column":4},"end":{"line":65,"column":28}},"36":{"start":{"line":66,"column":4},"end":{"line":68,"column":5}},"37":{"start":{"line":67,"column":6},"end":{"line":67,"column":30}},"38":{"start":{"line":73,"column":33},"end":{"line":102,"column":3}},"39":{"start":{"line":74,"column":4},"end":{"line":76,"column":5}},"40":{"start":{"line":75,"column":6},"end":{"line":75,"column":42}},"41":{"start":{"line":78,"column":19},"end":{"line":78,"column":96}},"42":{"start":{"line":78,"column":60},"end":{"line":78,"column":95}},"43":{"start":{"line":79,"column":17},"end":{"line":79,"column":19}},"44":{"start":{"line":80,"column":20},"end":{"line":80,"column":21}},"45":{"start":{"line":82,"column":4},"end":{"line":98,"column":7}},"46":{"start":{"line":83,"column":20},"end":{"line":83,"column":40}},"47":{"start":{"line":84,"column":18},"end":{"line":84,"column":36}},"48":{"start":{"line":86,"column":6},"end":{"line":86,"column":36}},"49":{"start":{"line":86,"column":29},"end":{"line":86,"column":36}},"50":{"start":{"line":88,"column":6},"end":{"line":88,"column":62}},"51":{"start":{"line":90,"column":29},"end":{"line":94,"column":38}},"52":{"start":{"line":96,"column":6},"end":{"line":96,"column":122}},"53":{"start":{"line":97,"column":6},"end":{"line":97,"column":22}},"54":{"start":{"line":100,"column":4},"end":{"line":100,"column":53}},"55":{"start":{"line":101,"column":4},"end":{"line":101,"column":25}},"56":{"start":{"line":104,"column":21},"end":{"line":111,"column":3}},"57":{"start":{"line":105,"column":4},"end":{"line":110,"column":31}},"58":{"start":{"line":114,"column":16},"end":{"line":114,"column":73}},"59":{"start":{"line":115,"column":24},"end":{"line":119,"column":3}},"60":{"start":{"line":116,"column":4},"end":{"line":116,"column":174}},"61":{"start":{"line":116,"column":17},"end":{"line":116,"column":174}},"62":{"start":{"line":117,"column":4},"end":{"line":117,"column":180}},"63":{"start":{"line":117,"column":17},"end":{"line":117,"column":180}},"64":{"start":{"line":118,"column":4},"end":{"line":118,"column":146}},"65":{"start":{"line":121,"column":22},"end":{"line":121,"column":42}},"66":{"start":{"line":124,"column":22},"end":{"line":124,"column":24}},"67":{"start":{"line":125,"column":22},"end":{"line":125,"column":47}},"68":{"start":{"line":126,"column":20},"end":{"line":126,"column":61}},"69":{"start":{"line":128,"column":22},"end":{"line":128,"column":111}},"70":{"start":{"line":129,"column":18},"end":{"line":129,"column":45}},"71":{"start":{"line":132,"column":29},"end":{"line":137,"column":3}},"72":{"start":{"line":133,"column":4},"end":{"line":133,"column":38}},"73":{"start":{"line":133,"column":23},"end":{"line":133,"column":38}},"74":{"start":{"line":134,"column":4},"end":{"line":134,"column":42}},"75":{"start":{"line":134,"column":25},"end":{"line":134,"column":42}},"76":{"start":{"line":135,"column":4},"end":{"line":135,"column":38}},"77":{"start":{"line":135,"column":21},"end":{"line":135,"column":38}},"78":{"start":{"line":136,"column":4},"end":{"line":136,"column":19}},"79":{"start":{"line":139,"column":26},"end":{"line":139,"column":46}},"80":{"start":{"line":141,"column":24},"end":{"line":180,"column":3}},"81":{"start":{"line":142,"column":4},"end":{"line":179,"column":5}},"82":{"start":{"line":144,"column":8},"end":{"line":151,"column":10}},"83":{"start":{"line":153,"column":8},"end":{"line":160,"column":10}},"84":{"start":{"line":162,"column":8},"end":{"line":169,"column":10}},"85":{"start":{"line":171,"column":8},"end":{"line":178,"column":10}},"86":{"start":{"line":182,"column":2},"end":{"line":419,"column":4}},"87":{"start":{"line":212,"column":31},"end":{"line":212,"column":59}},"88":{"start":{"line":344,"column":24},"end":{"line":347,"column":30}},"89":{"start":{"line":361,"column":24},"end":{"line":371,"column":30}},"90":{"start":{"line":385,"column":38},"end":{"line":385,"column":63}},"91":{"start":{"line":386,"column":24},"end":{"line":408,"column":26}}},"fnMap":{"0":{"name":"ComposerWithFeedback","decl":{"start":{"line":11,"column":24},"end":{"line":11,"column":44}},"loc":{"start":{"line":11,"column":77},"end":{"line":420,"column":1}},"line":11},"1":{"name":"(anonymous_1)","decl":{"start":{"line":20,"column":12},"end":{"line":20,"column":13}},"loc":{"start":{"line":20,"column":18},"end":{"line":35,"column":3}},"line":20},"2":{"name":"(anonymous_2)","decl":{"start":{"line":25,"column":39},"end":{"line":25,"column":40}},"loc":{"start":{"line":25,"column":45},"end":{"line":27,"column":7}},"line":25},"3":{"name":"(anonymous_3)","decl":{"start":{"line":32,"column":11},"end":{"line":32,"column":12}},"loc":{"start":{"line":32,"column":17},"end":{"line":34,"column":5}},"line":32},"4":{"name":"(anonymous_4)","decl":{"start":{"line":38,"column":12},"end":{"line":38,"column":13}},"loc":{"start":{"line":38,"column":18},"end":{"line":40,"column":3}},"line":38},"5":{"name":"(anonymous_5)","decl":{"start":{"line":39,"column":11},"end":{"line":39,"column":12}},"loc":{"start":{"line":39,"column":17},"end":{"line":39,"column":39}},"line":39},"6":{"name":"(anonymous_6)","decl":{"start":{"line":43,"column":35},"end":{"line":43,"column":36}},"loc":{"start":{"line":43,"column":41},"end":{"line":48,"column":3}},"line":43},"7":{"name":"(anonymous_7)","decl":{"start":{"line":50,"column":23},"end":{"line":50,"column":24}},"loc":{"start":{"line":50,"column":29},"end":{"line":56,"column":3}},"line":50},"8":{"name":"(anonymous_8)","decl":{"start":{"line":58,"column":23},"end":{"line":58,"column":24}},"loc":{"start":{"line":58,"column":29},"end":{"line":62,"column":3}},"line":58},"9":{"name":"(anonymous_9)","decl":{"start":{"line":64,"column":22},"end":{"line":64,"column":23}},"loc":{"start":{"line":64,"column":28},"end":{"line":69,"column":3}},"line":64},"10":{"name":"(anonymous_10)","decl":{"start":{"line":73,"column":33},"end":{"line":73,"column":34}},"loc":{"start":{"line":73,"column":39},"end":{"line":102,"column":3}},"line":73},"11":{"name":"(anonymous_11)","decl":{"start":{"line":78,"column":50},"end":{"line":78,"column":51}},"loc":{"start":{"line":78,"column":60},"end":{"line":78,"column":95}},"line":78},"12":{"name":"(anonymous_12)","decl":{"start":{"line":82,"column":19},"end":{"line":82,"column":20}},"loc":{"start":{"line":82,"column":30},"end":{"line":98,"column":5}},"line":82},"13":{"name":"(anonymous_13)","decl":{"start":{"line":104,"column":21},"end":{"line":104,"column":22}},"loc":{"start":{"line":104,"column":31},"end":{"line":111,"column":3}},"line":104},"14":{"name":"(anonymous_14)","decl":{"start":{"line":115,"column":24},"end":{"line":115,"column":25}},"loc":{"start":{"line":115,"column":31},"end":{"line":119,"column":3}},"line":115},"15":{"name":"(anonymous_15)","decl":{"start":{"line":132,"column":29},"end":{"line":132,"column":30}},"loc":{"start":{"line":132,"column":35},"end":{"line":137,"column":3}},"line":132},"16":{"name":"(anonymous_16)","decl":{"start":{"line":141,"column":24},"end":{"line":141,"column":25}},"loc":{"start":{"line":141,"column":34},"end":{"line":180,"column":3}},"line":141},"17":{"name":"(anonymous_17)","decl":{"start":{"line":212,"column":24},"end":{"line":212,"column":25}},"loc":{"start":{"line":212,"column":31},"end":{"line":212,"column":59}},"line":212},"18":{"name":"(anonymous_18)","decl":{"start":{"line":343,"column":52},"end":{"line":343,"column":53}},"loc":{"start":{"line":344,"column":24},"end":{"line":347,"column":30}},"line":344},"19":{"name":"(anonymous_19)","decl":{"start":{"line":360,"column":53},"end":{"line":360,"column":54}},"loc":{"start":{"line":361,"column":24},"end":{"line":371,"column":30}},"line":361},"20":{"name":"(anonymous_20)","decl":{"start":{"line":384,"column":48},"end":{"line":384,"column":49}},"loc":{"start":{"line":384,"column":59},"end":{"line":409,"column":23}},"line":384}},"branchMap":{"0":{"loc":{"start":{"line":21,"column":4},"end":{"line":21,"column":63}},"type":"if","locations":[{"start":{"line":21,"column":4},"end":{"line":21,"column":63}},{"start":{},"end":{}}],"line":21},"1":{"loc":{"start":{"line":23,"column":4},"end":{"line":30,"column":5}},"type":"if","locations":[{"start":{"line":23,"column":4},"end":{"line":30,"column":5}},{"start":{"line":28,"column":11},"end":{"line":30,"column":5}}],"line":23},"2":{"loc":{"start":{"line":33,"column":6},"end":{"line":33,"column":65}},"type":"if","locations":[{"start":{"line":33,"column":6},"end":{"line":33,"column":65}},{"start":{},"end":{}}],"line":33},"3":{"loc":{"start":{"line":44,"column":4},"end":{"line":47,"column":5}},"type":"if","locations":[{"start":{"line":44,"column":4},"end":{"line":47,"column":5}},{"start":{},"end":{}}],"line":44},"4":{"loc":{"start":{"line":44,"column":8},"end":{"line":44,"column":50}},"type":"binary-expr","locations":[{"start":{"line":44,"column":8},"end":{"line":44,"column":27}},{"start":{"line":44,"column":31},"end":{"line":44,"column":50}}],"line":44},"5":{"loc":{"start":{"line":51,"column":4},"end":{"line":55,"column":5}},"type":"if","locations":[{"start":{"line":51,"column":4},"end":{"line":55,"column":5}},{"start":{},"end":{}}],"line":51},"6":{"loc":{"start":{"line":61,"column":4},"end":{"line":61,"column":29}},"type":"if","locations":[{"start":{"line":61,"column":4},"end":{"line":61,"column":29}},{"start":{},"end":{}}],"line":61},"7":{"loc":{"start":{"line":66,"column":4},"end":{"line":68,"column":5}},"type":"if","locations":[{"start":{"line":66,"column":4},"end":{"line":68,"column":5}},{"start":{},"end":{}}],"line":66},"8":{"loc":{"start":{"line":74,"column":4},"end":{"line":76,"column":5}},"type":"if","locations":[{"start":{"line":74,"column":4},"end":{"line":76,"column":5}},{"start":{},"end":{}}],"line":74},"9":{"loc":{"start":{"line":74,"column":8},"end":{"line":74,"column":54}},"type":"binary-expr","locations":[{"start":{"line":74,"column":8},"end":{"line":74,"column":22}},{"start":{"line":74,"column":26},"end":{"line":74,"column":54}}],"line":74},"10":{"loc":{"start":{"line":86,"column":6},"end":{"line":86,"column":36}},"type":"if","locations":[{"start":{"line":86,"column":6},"end":{"line":86,"column":36}},{"start":{},"end":{}}],"line":86},"11":{"loc":{"start":{"line":90,"column":29},"end":{"line":94,"column":38}},"type":"cond-expr","locations":[{"start":{"line":91,"column":10},"end":{"line":91,"column":42}},{"start":{"line":92,"column":10},"end":{"line":94,"column":38}}],"line":90},"12":{"loc":{"start":{"line":92,"column":10},"end":{"line":94,"column":38}},"type":"cond-expr","locations":[{"start":{"line":93,"column":12},"end":{"line":93,"column":44}},{"start":{"line":94,"column":12},"end":{"line":94,"column":38}}],"line":92},"13":{"loc":{"start":{"line":114,"column":16},"end":{"line":114,"column":73}},"type":"cond-expr","locations":[{"start":{"line":114,"column":32},"end":{"line":114,"column":69}},{"start":{"line":114,"column":72},"end":{"line":114,"column":73}}],"line":114},"14":{"loc":{"start":{"line":116,"column":4},"end":{"line":116,"column":174}},"type":"if","locations":[{"start":{"line":116,"column":4},"end":{"line":116,"column":174}},{"start":{},"end":{}}],"line":116},"15":{"loc":{"start":{"line":117,"column":4},"end":{"line":117,"column":180}},"type":"if","locations":[{"start":{"line":117,"column":4},"end":{"line":117,"column":180}},{"start":{},"end":{}}],"line":117},"16":{"loc":{"start":{"line":128,"column":22},"end":{"line":128,"column":111}},"type":"binary-expr","locations":[{"start":{"line":128,"column":22},"end":{"line":128,"column":35}},{"start":{"line":128,"column":40},"end":{"line":128,"column":71}},{"start":{"line":128,"column":75},"end":{"line":128,"column":110}}],"line":128},"17":{"loc":{"start":{"line":133,"column":4},"end":{"line":133,"column":38}},"type":"if","locations":[{"start":{"line":133,"column":4},"end":{"line":133,"column":38}},{"start":{},"end":{}}],"line":133},"18":{"loc":{"start":{"line":134,"column":4},"end":{"line":134,"column":42}},"type":"if","locations":[{"start":{"line":134,"column":4},"end":{"line":134,"column":42}},{"start":{},"end":{}}],"line":134},"19":{"loc":{"start":{"line":135,"column":4},"end":{"line":135,"column":38}},"type":"if","locations":[{"start":{"line":135,"column":4},"end":{"line":135,"column":38}},{"start":{},"end":{}}],"line":135},"20":{"loc":{"start":{"line":142,"column":4},"end":{"line":179,"column":5}},"type":"switch","locations":[{"start":{"line":143,"column":6},"end":{"line":151,"column":10}},{"start":{"line":152,"column":6},"end":{"line":160,"column":10}},{"start":{"line":161,"column":6},"end":{"line":169,"column":10}},{"start":{"line":170,"column":6},"end":{"line":178,"column":10}}],"line":142},"21":{"loc":{"start":{"line":190,"column":13},"end":{"line":195,"column":13}},"type":"binary-expr","locations":[{"start":{"line":190,"column":13},"end":{"line":190,"column":28}},{"start":{"line":191,"column":14},"end":{"line":194,"column":21}}],"line":190},"22":{"loc":{"start":{"line":235,"column":16},"end":{"line":237,"column":68}},"type":"cond-expr","locations":[{"start":{"line":236,"column":20},"end":{"line":236,"column":76}},{"start":{"line":237,"column":20},"end":{"line":237,"column":68}}],"line":235},"23":{"loc":{"start":{"line":251,"column":13},"end":{"line":257,"column":13}},"type":"binary-expr","locations":[{"start":{"line":251,"column":13},"end":{"line":251,"column":40}},{"start":{"line":252,"column":14},"end":{"line":256,"column":20}}],"line":251},"24":{"loc":{"start":{"line":260,"column":13},"end":{"line":266,"column":13}},"type":"binary-expr","locations":[{"start":{"line":260,"column":13},"end":{"line":260,"column":42}},{"start":{"line":261,"column":14},"end":{"line":265,"column":20}}],"line":260},"25":{"loc":{"start":{"line":269,"column":13},"end":{"line":286,"column":13}},"type":"binary-expr","locations":[{"start":{"line":269,"column":13},"end":{"line":269,"column":40}},{"start":{"line":270,"column":14},"end":{"line":285,"column":20}}],"line":269},"26":{"loc":{"start":{"line":289,"column":13},"end":{"line":414,"column":13}},"type":"binary-expr","locations":[{"start":{"line":289,"column":13},"end":{"line":289,"column":42}},{"start":{"line":289,"column":46},"end":{"line":289,"column":59}},{"start":{"line":290,"column":14},"end":{"line":413,"column":17}}],"line":289},"27":{"loc":{"start":{"line":329,"column":17},"end":{"line":334,"column":17}},"type":"binary-expr","locations":[{"start":{"line":329,"column":17},"end":{"line":329,"column":28}},{"start":{"line":330,"column":18},"end":{"line":333,"column":24}}],"line":329},"28":{"loc":{"start":{"line":337,"column":17},"end":{"line":351,"column":17}},"type":"binary-expr","locations":[{"start":{"line":337,"column":17},"end":{"line":337,"column":52}},{"start":{"line":338,"column":18},"end":{"line":350,"column":24}}],"line":337},"29":{"loc":{"start":{"line":354,"column":17},"end":{"line":375,"column":17}},"type":"binary-expr","locations":[{"start":{"line":354,"column":17},"end":{"line":354,"column":53}},{"start":{"line":355,"column":18},"end":{"line":374,"column":24}}],"line":354},"30":{"loc":{"start":{"line":365,"column":29},"end":{"line":369,"column":29}},"type":"binary-expr","locations":[{"start":{"line":365,"column":29},"end":{"line":365,"column":50}},{"start":{"line":366,"column":30},"end":{"line":368,"column":34}}],"line":365},"31":{"loc":{"start":{"line":378,"column":17},"end":{"line":412,"column":17}},"type":"binary-expr","locations":[{"start":{"line":378,"column":17},"end":{"line":378,"column":48}},{"start":{"line":379,"column":18},"end":{"line":411,"column":24}}],"line":378},"32":{"loc":{"start":{"line":397,"column":29},"end":{"line":403,"column":29}},"type":"binary-expr","locations":[{"start":{"line":397,"column":29},"end":{"line":397,"column":46}},{"start":{"line":398,"column":30},"end":{"line":402,"column":36}}],"line":397}},"s":{"0":82,"1":82,"2":82,"3":82,"4":82,"5":82,"6":82,"7":65,"8":4,"9":65,"10":17,"11":17,"12":4,"13":48,"14":65,"15":65,"16":18,"17":82,"18":41,"19":41,"20":82,"21":2,"22":2,"23":2,"24":82,"25":1,"26":1,"27":1,"28":1,"29":82,"30":2,"31":2,"32":2,"33":1,"34":82,"35":2,"36":2,"37":1,"38":82,"39":82,"40":53,"41":29,"42":9,"43":29,"44":29,"45":29,"46":38,"47":38,"48":38,"49":4,"50":34,"51":34,"52":34,"53":34,"54":29,"55":29,"56":82,"57":150,"58":82,"59":82,"60":82,"61":4,"62":78,"63":25,"64":53,"65":82,"66":82,"67":82,"68":82,"69":82,"70":82,"71":82,"72":82,"73":5,"74":77,"75":1,"76":76,"77":31,"78":45,"79":82,"80":82,"81":38,"82":18,"83":14,"84":5,"85":1,"86":82,"87":21,"88":6,"89":2,"90":38,"91":38},"f":{"0":82,"1":65,"2":4,"3":65,"4":41,"5":41,"6":2,"7":1,"8":2,"9":2,"10":82,"11":9,"12":38,"13":150,"14":82,"15":82,"16":38,"17":21,"18":6,"19":2,"20":38},"b":{"0":[4,61],"1":[17,48],"2":[18,47],"3":[2,0],"4":[2,2],"5":[1,0],"6":[1,1],"7":[1,1],"8":[53,29],"9":[82,31],"10":[4,34],"11":[18,16],"12":[11,5],"13":[31,51],"14":[4,78],"15":[25,53],"16":[82,31,2],"17":[5,77],"18":[1,76],"19":[31,45],"20":[18,14,5,1],"21":[82,2],"22":[39,43],"23":[82,45],"24":[82,1],"25":[82,5],"26":[82,31,31],"27":[31,4],"28":[31,6],"29":[31,2],"30":[2,2],"31":[31,29],"32":[38,37]},"_coverageSchema":"1a1c01bbd47fc00a2c39e90264f33305004495a9","hash":"eafb659910cc9b0670f0abbe335b18e4b16e7d6d"}
,"C:\\Users\\masou\\OneDrive\\spring26\\Reddit-AI-Debate-Analyzer\\frontend\\src\\components\\PostDetail.jsx": {"path":"C:\\Users\\masou\\OneDrive\\spring26\\Reddit-AI-Debate-Analyzer\\frontend\\src\\components\\PostDetail.jsx","statementMap":{"0":{"start":{"line":9,"column":122},"end":{"line":9,"column":147}},"1":{"start":{"line":11,"column":38},"end":{"line":11,"column":52}},"2":{"start":{"line":12,"column":36},"end":{"line":12,"column":48}},"3":{"start":{"line":13,"column":48},"end":{"line":13,"column":63}},"4":{"start":{"line":14,"column":38},"end":{"line":14,"column":52}},"5":{"start":{"line":15,"column":50},"end":{"line":15,"column":64}},"6":{"start":{"line":16,"column":42},"end":{"line":16,"column":54}},"7":{"start":{"line":17,"column":50},"end":{"line":17,"column":62}},"8":{"start":{"line":18,"column":50},"end":{"line":18,"column":62}},"9":{"start":{"line":19,"column":50},"end":{"line":19,"column":65}},"10":{"start":{"line":22,"column":22},"end":{"line":22,"column":81}},"11":{"start":{"line":22,"column":40},"end":{"line":22,"column":61}},"12":{"start":{"line":23,"column":2},"end":{"line":29,"column":34}},"13":{"start":{"line":24,"column":22},"end":{"line":24,"column":71}},"14":{"start":{"line":24,"column":31},"end":{"line":24,"column":69}},"15":{"start":{"line":24,"column":55},"end":{"line":24,"column":69}},"16":{"start":{"line":25,"column":4},"end":{"line":28,"column":5}},"17":{"start":{"line":26,"column":6},"end":{"line":26,"column":54}},"18":{"start":{"line":27,"column":6},"end":{"line":27,"column":70}},"19":{"start":{"line":27,"column":19},"end":{"line":27,"column":69}},"20":{"start":{"line":32,"column":2},"end":{"line":37,"column":21}},"21":{"start":{"line":33,"column":4},"end":{"line":36,"column":5}},"22":{"start":{"line":34,"column":6},"end":{"line":34,"column":46}},"23":{"start":{"line":35,"column":6},"end":{"line":35,"column":58}},"24":{"start":{"line":35,"column":21},"end":{"line":35,"column":55}},"25":{"start":{"line":40,"column":2},"end":{"line":44,"column":25}},"26":{"start":{"line":41,"column":4},"end":{"line":41,"column":24}},"27":{"start":{"line":42,"column":4},"end":{"line":42,"column":21}},"28":{"start":{"line":43,"column":4},"end":{"line":43,"column":30}},"29":{"start":{"line":47,"column":15},"end":{"line":47,"column":98}},"30":{"start":{"line":47,"column":49},"end":{"line":47,"column":73}},"31":{"start":{"line":48,"column":22},"end":{"line":48,"column":58}},"32":{"start":{"line":50,"column":22},"end":{"line":65,"column":19}},"33":{"start":{"line":51,"column":16},"end":{"line":51,"column":18}},"34":{"start":{"line":52,"column":18},"end":{"line":52,"column":20}},"35":{"start":{"line":53,"column":4},"end":{"line":55,"column":5}},"36":{"start":{"line":54,"column":6},"end":{"line":54,"column":41}},"37":{"start":{"line":56,"column":4},"end":{"line":63,"column":5}},"38":{"start":{"line":57,"column":19},"end":{"line":57,"column":28}},"39":{"start":{"line":58,"column":6},"end":{"line":62,"column":7}},"40":{"start":{"line":59,"column":8},"end":{"line":59,"column":51}},"41":{"start":{"line":61,"column":8},"end":{"line":61,"column":25}},"42":{"start":{"line":64,"column":4},"end":{"line":64,"column":17}},"43":{"start":{"line":67,"column":2},"end":{"line":67,"column":42}},"44":{"start":{"line":67,"column":30},"end":{"line":67,"column":42}},"45":{"start":{"line":69,"column":21},"end":{"line":79,"column":3}},"46":{"start":{"line":70,"column":16},"end":{"line":70,"column":26}},"47":{"start":{"line":71,"column":19},"end":{"line":71,"column":29}},"48":{"start":{"line":72,"column":21},"end":{"line":72,"column":47}},"49":{"start":{"line":73,"column":22},"end":{"line":73,"column":47}},"50":{"start":{"line":74,"column":21},"end":{"line":74,"column":47}},"51":{"start":{"line":75,"column":4},"end":{"line":75,"column":49}},"52":{"start":{"line":75,"column":23},"end":{"line":75,"column":49}},"53":{"start":{"line":76,"column":4},"end":{"line":76,"column":51}},"54":{"start":{"line":76,"column":24},"end":{"line":76,"column":51}},"55":{"start":{"line":77,"column":4},"end":{"line":77,"column":48}},"56":{"start":{"line":77,"column":22},"end":{"line":77,"column":48}},"57":{"start":{"line":78,"column":4},"end":{"line":78,"column":37}},"58":{"start":{"line":82,"column":22},"end":{"line":102,"column":3}},"59":{"start":{"line":83,"column":16},"end":{"line":85,"column":65}},"60":{"start":{"line":86,"column":4},"end":{"line":98,"column":5}},"61":{"start":{"line":87,"column":6},"end":{"line":87,"column":47}},"62":{"start":{"line":90,"column":17},"end":{"line":90,"column":51}},"63":{"start":{"line":91,"column":6},"end":{"line":91,"column":21}},"64":{"start":{"line":92,"column":6},"end":{"line":92,"column":34}},"65":{"start":{"line":93,"column":6},"end":{"line":93,"column":29}},"66":{"start":{"line":94,"column":6},"end":{"line":94,"column":36}},"67":{"start":{"line":95,"column":6},"end":{"line":95,"column":18}},"68":{"start":{"line":96,"column":6},"end":{"line":96,"column":35}},"69":{"start":{"line":97,"column":6},"end":{"line":97,"column":36}},"70":{"start":{"line":99,"column":21},"end":{"line":99,"column":50}},"71":{"start":{"line":100,"column":4},"end":{"line":100,"column":28}},"72":{"start":{"line":101,"column":4},"end":{"line":101,"column":87}},"73":{"start":{"line":101,"column":21},"end":{"line":101,"column":79}},"74":{"start":{"line":101,"column":46},"end":{"line":101,"column":77}},"75":{"start":{"line":105,"column":28},"end":{"line":117,"column":3}},"76":{"start":{"line":106,"column":4},"end":{"line":106,"column":53}},"77":{"start":{"line":106,"column":46},"end":{"line":106,"column":53}},"78":{"start":{"line":107,"column":4},"end":{"line":107,"column":29}},"79":{"start":{"line":108,"column":4},"end":{"line":116,"column":5}},"80":{"start":{"line":109,"column":6},"end":{"line":109,"column":60}},"81":{"start":{"line":110,"column":6},"end":{"line":110,"column":23}},"82":{"start":{"line":111,"column":6},"end":{"line":111,"column":26}},"83":{"start":{"line":113,"column":6},"end":{"line":113,"column":42}},"84":{"start":{"line":115,"column":6},"end":{"line":115,"column":32}},"85":{"start":{"line":120,"column":29},"end":{"line":135,"column":3}},"86":{"start":{"line":121,"column":19},"end":{"line":121,"column":84}},"87":{"start":{"line":122,"column":4},"end":{"line":122,"column":44}},"88":{"start":{"line":122,"column":37},"end":{"line":122,"column":44}},"89":{"start":{"line":123,"column":4},"end":{"line":123,"column":30}},"90":{"start":{"line":124,"column":4},"end":{"line":134,"column":5}},"91":{"start":{"line":125,"column":6},"end":{"line":125,"column":48}},"92":{"start":{"line":126,"column":6},"end":{"line":126,"column":70}},"93":{"start":{"line":126,"column":37},"end":{"line":126,"column":67}},"94":{"start":{"line":127,"column":6},"end":{"line":127,"column":32}},"95":{"start":{"line":128,"column":6},"end":{"line":128,"column":26}},"96":{"start":{"line":129,"column":6},"end":{"line":129,"column":30}},"97":{"start":{"line":131,"column":6},"end":{"line":131,"column":43}},"98":{"start":{"line":133,"column":6},"end":{"line":133,"column":33}},"99":{"start":{"line":137,"column":25},"end":{"line":137,"column":87}},"100":{"start":{"line":139,"column":23},"end":{"line":139,"column":51}},"101":{"start":{"line":140,"column":19},"end":{"line":140,"column":48}},"102":{"start":{"line":143,"column":24},"end":{"line":300,"column":3}},"103":{"start":{"line":144,"column":28},"end":{"line":144,"column":62}},"104":{"start":{"line":145,"column":22},"end":{"line":145,"column":23}},"105":{"start":{"line":146,"column":24},"end":{"line":146,"column":50}},"106":{"start":{"line":148,"column":4},"end":{"line":299,"column":6}},"107":{"start":{"line":170,"column":31},"end":{"line":170,"column":66}},"108":{"start":{"line":181,"column":31},"end":{"line":181,"column":68}},"109":{"start":{"line":190,"column":31},"end":{"line":190,"column":92}},"110":{"start":{"line":190,"column":93},"end":{"line":190,"column":110}},"111":{"start":{"line":196,"column":29},"end":{"line":196,"column":63}},"112":{"start":{"line":208,"column":33},"end":{"line":208,"column":106}},"113":{"start":{"line":208,"column":107},"end":{"line":208,"column":127}},"114":{"start":{"line":208,"column":128},"end":{"line":208,"column":152}},"115":{"start":{"line":221,"column":33},"end":{"line":221,"column":61}},"116":{"start":{"line":229,"column":33},"end":{"line":229,"column":62}},"117":{"start":{"line":236,"column":35},"end":{"line":236,"column":55}},"118":{"start":{"line":236,"column":56},"end":{"line":236,"column":73}},"119":{"start":{"line":251,"column":18},"end":{"line":257,"column":27}},"120":{"start":{"line":253,"column":35},"end":{"line":253,"column":53}},"121":{"start":{"line":264,"column":35},"end":{"line":264,"column":70}},"122":{"start":{"line":272,"column":33},"end":{"line":272,"column":63}},"123":{"start":{"line":279,"column":35},"end":{"line":279,"column":61}},"124":{"start":{"line":279,"column":62},"end":{"line":279,"column":82}},"125":{"start":{"line":279,"column":83},"end":{"line":279,"column":107}},"126":{"start":{"line":296,"column":48},"end":{"line":296,"column":79}},"127":{"start":{"line":302,"column":2},"end":{"line":438,"column":4}},"128":{"start":{"line":320,"column":26},"end":{"line":320,"column":45}},"129":{"start":{"line":383,"column":33},"end":{"line":383,"column":58}},"130":{"start":{"line":394,"column":33},"end":{"line":394,"column":60}},"131":{"start":{"line":407,"column":31},"end":{"line":407,"column":59}},"132":{"start":{"line":425,"column":38},"end":{"line":425,"column":63}},"133":{"start":{"line":431,"column":46},"end":{"line":431,"column":71}}},"fnMap":{"0":{"name":"PostDetail","decl":{"start":{"line":8,"column":24},"end":{"line":8,"column":34}},"loc":{"start":{"line":8,"column":37},"end":{"line":439,"column":1}},"line":8},"1":{"name":"(anonymous_1)","decl":{"start":{"line":22,"column":34},"end":{"line":22,"column":35}},"loc":{"start":{"line":22,"column":40},"end":{"line":22,"column":61}},"line":22},"2":{"name":"(anonymous_2)","decl":{"start":{"line":23,"column":12},"end":{"line":23,"column":13}},"loc":{"start":{"line":23,"column":18},"end":{"line":29,"column":3}},"line":23},"3":{"name":"(anonymous_3)","decl":{"start":{"line":24,"column":22},"end":{"line":24,"column":23}},"loc":{"start":{"line":24,"column":29},"end":{"line":24,"column":71}},"line":24},"4":{"name":"(anonymous_4)","decl":{"start":{"line":27,"column":13},"end":{"line":27,"column":14}},"loc":{"start":{"line":27,"column":19},"end":{"line":27,"column":69}},"line":27},"5":{"name":"(anonymous_5)","decl":{"start":{"line":32,"column":12},"end":{"line":32,"column":13}},"loc":{"start":{"line":32,"column":18},"end":{"line":37,"column":3}},"line":32},"6":{"name":"(anonymous_6)","decl":{"start":{"line":35,"column":13},"end":{"line":35,"column":14}},"loc":{"start":{"line":35,"column":19},"end":{"line":35,"column":57}},"line":35},"7":{"name":"(anonymous_7)","decl":{"start":{"line":40,"column":12},"end":{"line":40,"column":13}},"loc":{"start":{"line":40,"column":18},"end":{"line":44,"column":3}},"line":40},"8":{"name":"(anonymous_8)","decl":{"start":{"line":47,"column":42},"end":{"line":47,"column":43}},"loc":{"start":{"line":47,"column":49},"end":{"line":47,"column":73}},"line":47},"9":{"name":"(anonymous_9)","decl":{"start":{"line":50,"column":30},"end":{"line":50,"column":31}},"loc":{"start":{"line":50,"column":36},"end":{"line":65,"column":3}},"line":50},"10":{"name":"(anonymous_10)","decl":{"start":{"line":69,"column":21},"end":{"line":69,"column":22}},"loc":{"start":{"line":69,"column":31},"end":{"line":79,"column":3}},"line":69},"11":{"name":"(anonymous_11)","decl":{"start":{"line":82,"column":22},"end":{"line":82,"column":23}},"loc":{"start":{"line":82,"column":42},"end":{"line":102,"column":3}},"line":82},"12":{"name":"(anonymous_12)","decl":{"start":{"line":101,"column":15},"end":{"line":101,"column":16}},"loc":{"start":{"line":101,"column":21},"end":{"line":101,"column":79}},"line":101},"13":{"name":"(anonymous_13)","decl":{"start":{"line":101,"column":35},"end":{"line":101,"column":36}},"loc":{"start":{"line":101,"column":46},"end":{"line":101,"column":77}},"line":101},"14":{"name":"(anonymous_14)","decl":{"start":{"line":105,"column":28},"end":{"line":105,"column":29}},"loc":{"start":{"line":105,"column":48},"end":{"line":117,"column":3}},"line":105},"15":{"name":"(anonymous_15)","decl":{"start":{"line":120,"column":29},"end":{"line":120,"column":30}},"loc":{"start":{"line":120,"column":50},"end":{"line":135,"column":3}},"line":120},"16":{"name":"(anonymous_16)","decl":{"start":{"line":126,"column":26},"end":{"line":126,"column":27}},"loc":{"start":{"line":126,"column":37},"end":{"line":126,"column":67}},"line":126},"17":{"name":"(anonymous_17)","decl":{"start":{"line":143,"column":24},"end":{"line":143,"column":25}},"loc":{"start":{"line":143,"column":48},"end":{"line":300,"column":3}},"line":143},"18":{"name":"(anonymous_18)","decl":{"start":{"line":170,"column":25},"end":{"line":170,"column":26}},"loc":{"start":{"line":170,"column":31},"end":{"line":170,"column":66}},"line":170},"19":{"name":"(anonymous_19)","decl":{"start":{"line":181,"column":25},"end":{"line":181,"column":26}},"loc":{"start":{"line":181,"column":31},"end":{"line":181,"column":68}},"line":181},"20":{"name":"(anonymous_20)","decl":{"start":{"line":190,"column":23},"end":{"line":190,"column":24}},"loc":{"start":{"line":190,"column":29},"end":{"line":190,"column":112}},"line":190},"21":{"name":"(anonymous_21)","decl":{"start":{"line":196,"column":23},"end":{"line":196,"column":24}},"loc":{"start":{"line":196,"column":29},"end":{"line":196,"column":63}},"line":196},"22":{"name":"(anonymous_22)","decl":{"start":{"line":208,"column":25},"end":{"line":208,"column":26}},"loc":{"start":{"line":208,"column":31},"end":{"line":208,"column":154}},"line":208},"23":{"name":"(anonymous_23)","decl":{"start":{"line":221,"column":26},"end":{"line":221,"column":27}},"loc":{"start":{"line":221,"column":33},"end":{"line":221,"column":61}},"line":221},"24":{"name":"(anonymous_24)","decl":{"start":{"line":229,"column":27},"end":{"line":229,"column":28}},"loc":{"start":{"line":229,"column":33},"end":{"line":229,"column":62}},"line":229},"25":{"name":"(anonymous_25)","decl":{"start":{"line":236,"column":27},"end":{"line":236,"column":28}},"loc":{"start":{"line":236,"column":33},"end":{"line":236,"column":75}},"line":236},"26":{"name":"(anonymous_26)","decl":{"start":{"line":250,"column":36},"end":{"line":250,"column":37}},"loc":{"start":{"line":251,"column":18},"end":{"line":257,"column":27}},"line":251},"27":{"name":"(anonymous_27)","decl":{"start":{"line":253,"column":29},"end":{"line":253,"column":30}},"loc":{"start":{"line":253,"column":35},"end":{"line":253,"column":53}},"line":253},"28":{"name":"(anonymous_28)","decl":{"start":{"line":264,"column":28},"end":{"line":264,"column":29}},"loc":{"start":{"line":264,"column":35},"end":{"line":264,"column":70}},"line":264},"29":{"name":"(anonymous_29)","decl":{"start":{"line":272,"column":27},"end":{"line":272,"column":28}},"loc":{"start":{"line":272,"column":33},"end":{"line":272,"column":63}},"line":272},"30":{"name":"(anonymous_30)","decl":{"start":{"line":279,"column":27},"end":{"line":279,"column":28}},"loc":{"start":{"line":279,"column":33},"end":{"line":279,"column":109}},"line":279},"31":{"name":"(anonymous_31)","decl":{"start":{"line":296,"column":37},"end":{"line":296,"column":38}},"loc":{"start":{"line":296,"column":48},"end":{"line":296,"column":79}},"line":296},"32":{"name":"(anonymous_32)","decl":{"start":{"line":320,"column":19},"end":{"line":320,"column":20}},"loc":{"start":{"line":320,"column":26},"end":{"line":320,"column":45}},"line":320},"33":{"name":"(anonymous_33)","decl":{"start":{"line":383,"column":27},"end":{"line":383,"column":28}},"loc":{"start":{"line":383,"column":33},"end":{"line":383,"column":58}},"line":383},"34":{"name":"(anonymous_34)","decl":{"start":{"line":394,"column":27},"end":{"line":394,"column":28}},"loc":{"start":{"line":394,"column":33},"end":{"line":394,"column":60}},"line":394},"35":{"name":"(anonymous_35)","decl":{"start":{"line":407,"column":25},"end":{"line":407,"column":26}},"loc":{"start":{"line":407,"column":31},"end":{"line":407,"column":59}},"line":407},"36":{"name":"(anonymous_36)","decl":{"start":{"line":425,"column":28},"end":{"line":425,"column":29}},"loc":{"start":{"line":425,"column":38},"end":{"line":425,"column":63}},"line":425},"37":{"name":"(anonymous_37)","decl":{"start":{"line":431,"column":33},"end":{"line":431,"column":34}},"loc":{"start":{"line":431,"column":46},"end":{"line":431,"column":71}},"line":431}},"branchMap":{"0":{"loc":{"start":{"line":24,"column":31},"end":{"line":24,"column":69}},"type":"if","locations":[{"start":{"line":24,"column":31},"end":{"line":24,"column":69}},{"start":{},"end":{}}],"line":24},"1":{"loc":{"start":{"line":25,"column":4},"end":{"line":28,"column":5}},"type":"if","locations":[{"start":{"line":25,"column":4},"end":{"line":28,"column":5}},{"start":{},"end":{}}],"line":25},"2":{"loc":{"start":{"line":33,"column":4},"end":{"line":36,"column":5}},"type":"if","locations":[{"start":{"line":33,"column":4},"end":{"line":36,"column":5}},{"start":{},"end":{}}],"line":33},"3":{"loc":{"start":{"line":47,"column":15},"end":{"line":47,"column":98}},"type":"cond-expr","locations":[{"start":{"line":47,"column":31},"end":{"line":47,"column":90}},{"start":{"line":47,"column":94},"end":{"line":47,"column":98}}],"line":47},"4":{"loc":{"start":{"line":47,"column":31},"end":{"line":47,"column":90}},"type":"binary-expr","locations":[{"start":{"line":47,"column":31},"end":{"line":47,"column":74}},{"start":{"line":47,"column":78},"end":{"line":47,"column":90}}],"line":47},"5":{"loc":{"start":{"line":48,"column":22},"end":{"line":48,"column":58}},"type":"cond-expr","locations":[{"start":{"line":48,"column":29},"end":{"line":48,"column":53}},{"start":{"line":48,"column":56},"end":{"line":48,"column":58}}],"line":48},"6":{"loc":{"start":{"line":58,"column":6},"end":{"line":62,"column":7}},"type":"if","locations":[{"start":{"line":58,"column":6},"end":{"line":62,"column":7}},{"start":{"line":60,"column":13},"end":{"line":62,"column":7}}],"line":58},"7":{"loc":{"start":{"line":58,"column":10},"end":{"line":58,"column":53}},"type":"binary-expr","locations":[{"start":{"line":58,"column":10},"end":{"line":58,"column":27}},{"start":{"line":58,"column":31},"end":{"line":58,"column":53}}],"line":58},"8":{"loc":{"start":{"line":67,"column":2},"end":{"line":67,"column":42}},"type":"if","locations":[{"start":{"line":67,"column":2},"end":{"line":67,"column":42}},{"start":{},"end":{}}],"line":67},"9":{"loc":{"start":{"line":67,"column":6},"end":{"line":67,"column":28}},"type":"binary-expr","locations":[{"start":{"line":67,"column":6},"end":{"line":67,"column":19}},{"start":{"line":67,"column":23},"end":{"line":67,"column":28}}],"line":67},"10":{"loc":{"start":{"line":75,"column":4},"end":{"line":75,"column":49}},"type":"if","locations":[{"start":{"line":75,"column":4},"end":{"line":75,"column":49}},{"start":{},"end":{}}],"line":75},"11":{"loc":{"start":{"line":76,"column":4},"end":{"line":76,"column":51}},"type":"if","locations":[{"start":{"line":76,"column":4},"end":{"line":76,"column":51}},{"start":{},"end":{}}],"line":76},"12":{"loc":{"start":{"line":77,"column":4},"end":{"line":77,"column":48}},"type":"if","locations":[{"start":{"line":77,"column":4},"end":{"line":77,"column":48}},{"start":{},"end":{}}],"line":77},"13":{"loc":{"start":{"line":83,"column":16},"end":{"line":85,"column":65}},"type":"cond-expr","locations":[{"start":{"line":84,"column":8},"end":{"line":84,"column":51}},{"start":{"line":85,"column":8},"end":{"line":85,"column":65}}],"line":83},"14":{"loc":{"start":{"line":99,"column":21},"end":{"line":99,"column":50}},"type":"cond-expr","locations":[{"start":{"line":99,"column":39},"end":{"line":99,"column":45}},{"start":{"line":99,"column":48},"end":{"line":99,"column":50}}],"line":99},"15":{"loc":{"start":{"line":101,"column":46},"end":{"line":101,"column":77}},"type":"cond-expr","locations":[{"start":{"line":101,"column":66},"end":{"line":101,"column":70}},{"start":{"line":101,"column":73},"end":{"line":101,"column":77}}],"line":101},"16":{"loc":{"start":{"line":106,"column":4},"end":{"line":106,"column":53}},"type":"if","locations":[{"start":{"line":106,"column":4},"end":{"line":106,"column":53}},{"start":{},"end":{}}],"line":106},"17":{"loc":{"start":{"line":106,"column":8},"end":{"line":106,"column":44}},"type":"binary-expr","locations":[{"start":{"line":106,"column":8},"end":{"line":106,"column":25}},{"start":{"line":106,"column":29},"end":{"line":106,"column":44}}],"line":106},"18":{"loc":{"start":{"line":121,"column":19},"end":{"line":121,"column":84}},"type":"cond-expr","locations":[{"start":{"line":121,"column":46},"end":{"line":121,"column":69}},{"start":{"line":121,"column":72},"end":{"line":121,"column":84}}],"line":121},"19":{"loc":{"start":{"line":122,"column":4},"end":{"line":122,"column":44}},"type":"if","locations":[{"start":{"line":122,"column":4},"end":{"line":122,"column":44}},{"start":{},"end":{}}],"line":122},"20":{"loc":{"start":{"line":122,"column":8},"end":{"line":122,"column":35}},"type":"binary-expr","locations":[{"start":{"line":122,"column":8},"end":{"line":122,"column":15}},{"start":{"line":122,"column":19},"end":{"line":122,"column":35}}],"line":122},"21":{"loc":{"start":{"line":143,"column":34},"end":{"line":143,"column":43}},"type":"default-arg","locations":[{"start":{"line":143,"column":42},"end":{"line":143,"column":43}}],"line":143},"22":{"loc":{"start":{"line":149,"column":109},"end":{"line":149,"column":159}},"type":"cond-expr","locations":[{"start":{"line":149,"column":121},"end":{"line":149,"column":154}},{"start":{"line":149,"column":157},"end":{"line":149,"column":159}}],"line":149},"23":{"loc":{"start":{"line":171,"column":55},"end":{"line":171,"column":139}},"type":"cond-expr","locations":[{"start":{"line":171,"column":82},"end":{"line":171,"column":99}},{"start":{"line":171,"column":102},"end":{"line":171,"column":139}}],"line":171},"24":{"loc":{"start":{"line":177,"column":73},"end":{"line":177,"column":135}},"type":"cond-expr","locations":[{"start":{"line":177,"column":100},"end":{"line":177,"column":117}},{"start":{"line":177,"column":120},"end":{"line":177,"column":135}}],"line":177},"25":{"loc":{"start":{"line":182,"column":55},"end":{"line":182,"column":135}},"type":"cond-expr","locations":[{"start":{"line":182,"column":84},"end":{"line":182,"column":98}},{"start":{"line":182,"column":101},"end":{"line":182,"column":135}}],"line":182},"26":{"loc":{"start":{"line":190,"column":45},"end":{"line":190,"column":90}},"type":"cond-expr","locations":[{"start":{"line":190,"column":73},"end":{"line":190,"column":77}},{"start":{"line":190,"column":80},"end":{"line":190,"column":90}}],"line":190},"27":{"loc":{"start":{"line":191,"column":51},"end":{"line":191,"column":136}},"type":"cond-expr","locations":[{"start":{"line":191,"column":79},"end":{"line":191,"column":96}},{"start":{"line":191,"column":99},"end":{"line":191,"column":136}}],"line":191},"28":{"loc":{"start":{"line":200,"column":15},"end":{"line":200,"column":62}},"type":"cond-expr","locations":[{"start":{"line":200,"column":43},"end":{"line":200,"column":52}},{"start":{"line":200,"column":55},"end":{"line":200,"column":62}}],"line":200},"29":{"loc":{"start":{"line":202,"column":13},"end":{"line":213,"column":13}},"type":"cond-expr","locations":[{"start":{"line":203,"column":14},"end":{"line":205,"column":21}},{"start":{"line":207,"column":14},"end":{"line":212,"column":23}}],"line":202},"30":{"loc":{"start":{"line":208,"column":53},"end":{"line":208,"column":104}},"type":"cond-expr","locations":[{"start":{"line":208,"column":87},"end":{"line":208,"column":91}},{"start":{"line":208,"column":94},"end":{"line":208,"column":104}}],"line":208},"31":{"loc":{"start":{"line":217,"column":11},"end":{"line":243,"column":11}},"type":"binary-expr","locations":[{"start":{"line":217,"column":11},"end":{"line":217,"column":36}},{"start":{"line":218,"column":12},"end":{"line":242,"column":18}}],"line":217},"32":{"loc":{"start":{"line":230,"column":28},"end":{"line":230,"column":64}},"type":"binary-expr","locations":[{"start":{"line":230,"column":28},"end":{"line":230,"column":45}},{"start":{"line":230,"column":49},"end":{"line":230,"column":64}}],"line":230},"33":{"loc":{"start":{"line":233,"column":19},"end":{"line":233,"column":59}},"type":"cond-expr","locations":[{"start":{"line":233,"column":37},"end":{"line":233,"column":49}},{"start":{"line":233,"column":52},"end":{"line":233,"column":59}}],"line":233},"34":{"loc":{"start":{"line":246,"column":11},"end":{"line":286,"column":11}},"type":"binary-expr","locations":[{"start":{"line":246,"column":11},"end":{"line":246,"column":42}},{"start":{"line":247,"column":12},"end":{"line":285,"column":18}}],"line":246},"35":{"loc":{"start":{"line":254,"column":85},"end":{"line":254,"column":202}},"type":"cond-expr","locations":[{"start":{"line":254,"column":106},"end":{"line":254,"column":144}},{"start":{"line":254,"column":147},"end":{"line":254,"column":202}}],"line":254},"36":{"loc":{"start":{"line":260,"column":15},"end":{"line":269,"column":15}},"type":"binary-expr","locations":[{"start":{"line":260,"column":15},"end":{"line":260,"column":39}},{"start":{"line":261,"column":16},"end":{"line":268,"column":18}}],"line":260},"37":{"loc":{"start":{"line":273,"column":28},"end":{"line":273,"column":119}},"type":"binary-expr","locations":[{"start":{"line":273,"column":28},"end":{"line":273,"column":41}},{"start":{"line":273,"column":46},"end":{"line":273,"column":70}},{"start":{"line":273,"column":74},"end":{"line":273,"column":98}},{"start":{"line":273,"column":103},"end":{"line":273,"column":119}}],"line":273},"38":{"loc":{"start":{"line":276,"column":19},"end":{"line":276,"column":71}},"type":"cond-expr","locations":[{"start":{"line":276,"column":38},"end":{"line":276,"column":53}},{"start":{"line":276,"column":56},"end":{"line":276,"column":71}}],"line":276},"39":{"loc":{"start":{"line":295,"column":9},"end":{"line":297,"column":9}},"type":"binary-expr","locations":[{"start":{"line":295,"column":9},"end":{"line":295,"column":25}},{"start":{"line":295,"column":29},"end":{"line":295,"column":56}},{"start":{"line":296,"column":10},"end":{"line":296,"column":87}}],"line":295},"40":{"loc":{"start":{"line":364,"column":13},"end":{"line":370,"column":13}},"type":"binary-expr","locations":[{"start":{"line":364,"column":13},"end":{"line":364,"column":23}},{"start":{"line":365,"column":14},"end":{"line":369,"column":16}}],"line":364},"41":{"loc":{"start":{"line":373,"column":13},"end":{"line":377,"column":13}},"type":"binary-expr","locations":[{"start":{"line":373,"column":13},"end":{"line":373,"column":25}},{"start":{"line":374,"column":14},"end":{"line":376,"column":18}}],"line":373},"42":{"loc":{"start":{"line":384,"column":57},"end":{"line":384,"column":124}},"type":"cond-expr","locations":[{"start":{"line":384,"column":81},"end":{"line":384,"column":98}},{"start":{"line":384,"column":101},"end":{"line":384,"column":124}}],"line":384},"43":{"loc":{"start":{"line":390,"column":63},"end":{"line":390,"column":166}},"type":"cond-expr","locations":[{"start":{"line":390,"column":87},"end":{"line":390,"column":104}},{"start":{"line":390,"column":107},"end":{"line":390,"column":166}}],"line":390},"44":{"loc":{"start":{"line":390,"column":107},"end":{"line":390,"column":166}},"type":"cond-expr","locations":[{"start":{"line":390,"column":133},"end":{"line":390,"column":148}},{"start":{"line":390,"column":151},"end":{"line":390,"column":166}}],"line":390},"45":{"loc":{"start":{"line":395,"column":57},"end":{"line":395,"column":120}},"type":"cond-expr","locations":[{"start":{"line":395,"column":83},"end":{"line":395,"column":97}},{"start":{"line":395,"column":100},"end":{"line":395,"column":120}}],"line":395},"46":{"loc":{"start":{"line":411,"column":23},"end":{"line":411,"column":71}},"type":"cond-expr","locations":[{"start":{"line":411,"column":47},"end":{"line":411,"column":61}},{"start":{"line":411,"column":64},"end":{"line":411,"column":71}}],"line":411}},"s":{"0":124,"1":124,"2":124,"3":124,"4":124,"5":124,"6":124,"7":124,"8":124,"9":124,"10":124,"11":4,"12":124,"13":54,"14":2,"15":1,"16":54,"17":53,"18":53,"19":53,"20":124,"21":54,"22":53,"23":53,"24":53,"25":124,"26":54,"27":54,"28":54,"29":124,"30":125,"31":124,"32":124,"33":54,"34":54,"35":54,"36":46,"37":54,"38":46,"39":46,"40":12,"41":34,"42":54,"43":124,"44":1,"45":123,"46":235,"47":235,"48":235,"49":235,"50":235,"51":235,"52":232,"53":3,"54":1,"55":2,"56":1,"57":1,"58":123,"59":6,"60":6,"61":6,"62":1,"63":1,"64":1,"65":1,"66":1,"67":1,"68":1,"69":1,"70":6,"71":6,"72":6,"73":2,"74":2,"75":123,"76":3,"77":0,"78":3,"79":3,"80":3,"81":2,"82":2,"83":1,"84":3,"85":123,"86":5,"87":5,"88":0,"89":5,"90":5,"91":5,"92":4,"93":4,"94":4,"95":4,"96":4,"97":1,"98":5,"99":123,"100":123,"101":123,"102":123,"103":112,"104":112,"105":112,"106":112,"107":0,"108":0,"109":7,"110":7,"111":3,"112":10,"113":10,"114":10,"115":4,"116":3,"117":0,"118":0,"119":165,"120":7,"121":2,"122":5,"123":0,"124":0,"125":0,"126":12,"127":123,"128":44,"129":0,"130":0,"131":3,"132":0,"133":100},"f":{"0":124,"1":4,"2":54,"3":2,"4":53,"5":54,"6":53,"7":54,"8":125,"9":54,"10":235,"11":6,"12":2,"13":2,"14":3,"15":5,"16":4,"17":112,"18":0,"19":0,"20":7,"21":3,"22":10,"23":4,"24":3,"25":0,"26":165,"27":7,"28":2,"29":5,"30":0,"31":12,"32":44,"33":0,"34":0,"35":3,"36":0,"37":100},"b":{"0":[1,1],"1":[53,1],"2":[53,1],"3":[123,1],"4":[123,0],"5":[123,1],"6":[12,34],"7":[46,13],"8":[1,123],"9":[124,123],"10":[232,3],"11":[1,2],"12":[1,1],"13":[3,3],"14":[3,3],"15":[1,1],"16":[0,3],"17":[3,3],"18":[1,4],"19":[0,5],"20":[5,5],"21":[0],"22":[12,100],"23":[1,111],"24":[1,111],"25":[0,112],"26":[1,6],"27":[20,92],"28":[4,108],"29":[4,108],"30":[1,9],"31":[112,20],"32":[20,7],"33":[3,17],"34":[112,33],"35":[15,150],"36":[33,6],"37":[33,15,6,11],"38":[5,28],"39":[112,112,11],"40":[123,1],"41":[123,122],"42":[1,122],"43":[1,122],"44":[1,121],"45":[1,122],"46":[3,120]},"_coverageSchema":"1a1c01bbd47fc00a2c39e90264f33305004495a9","hash":"882fa7718fd2818c218a87540527590c5b8d5e7b"}
,"C:\\Users\\masou\\OneDrive\\spring26\\Reddit-AI-Debate-Analyzer\\frontend\\src\\context\\RedditContext.jsx": {"path":"C:\\Users\\masou\\OneDrive\\spring26\\Reddit-AI-Debate-Analyzer\\frontend\\src\\context\\RedditContext.jsx","statementMap":{"0":{"start":{"line":27,"column":29},"end":{"line":27,"column":44}},"1":{"start":{"line":30,"column":2},"end":{"line":30,"column":35}},"2":{"start":{"line":33,"column":30},"end":{"line":463,"column":1}},"3":{"start":{"line":34,"column":28},"end":{"line":34,"column":40}},"4":{"start":{"line":35,"column":38},"end":{"line":35,"column":50}},"5":{"start":{"line":36,"column":26},"end":{"line":36,"column":40}},"6":{"start":{"line":37,"column":48},"end":{"line":37,"column":63}},"7":{"start":{"line":38,"column":40},"end":{"line":38,"column":54}},"8":{"start":{"line":39,"column":52},"end":{"line":39,"column":66}},"9":{"start":{"line":40,"column":42},"end":{"line":40,"column":56}},"10":{"start":{"line":41,"column":40},"end":{"line":41,"column":52}},"11":{"start":{"line":42,"column":40},"end":{"line":42,"column":55}},"12":{"start":{"line":43,"column":58},"end":{"line":43,"column":70}},"13":{"start":{"line":44,"column":34},"end":{"line":44,"column":46}},"14":{"start":{"line":45,"column":36},"end":{"line":45,"column":48}},"15":{"start":{"line":46,"column":52},"end":{"line":46,"column":64}},"16":{"start":{"line":47,"column":44},"end":{"line":47,"column":58}},"17":{"start":{"line":48,"column":48},"end":{"line":48,"column":63}},"18":{"start":{"line":49,"column":44},"end":{"line":49,"column":56}},"19":{"start":{"line":50,"column":40},"end":{"line":50,"column":51}},"20":{"start":{"line":51,"column":20},"end":{"line":51,"column":32}},"21":{"start":{"line":52,"column":18},"end":{"line":52,"column":31}},"22":{"start":{"line":55,"column":4},"end":{"line":62,"column":6}},"23":{"start":{"line":66,"column":34},"end":{"line":69,"column":6}},"24":{"start":{"line":70,"column":4},"end":{"line":70,"column":43}},"25":{"start":{"line":71,"column":4},"end":{"line":71,"column":51}},"26":{"start":{"line":72,"column":4},"end":{"line":72,"column":28}},"27":{"start":{"line":76,"column":2},"end":{"line":104,"column":9}},"28":{"start":{"line":77,"column":4},"end":{"line":77,"column":32}},"29":{"start":{"line":77,"column":25},"end":{"line":77,"column":32}},"30":{"start":{"line":78,"column":4},"end":{"line":78,"column":27}},"31":{"start":{"line":80,"column":4},"end":{"line":85,"column":7}},"32":{"start":{"line":81,"column":6},"end":{"line":81,"column":19}},"33":{"start":{"line":82,"column":6},"end":{"line":82,"column":20}},"34":{"start":{"line":83,"column":6},"end":{"line":83,"column":32}},"35":{"start":{"line":84,"column":6},"end":{"line":84,"column":30}},"36":{"start":{"line":87,"column":4},"end":{"line":103,"column":9}},"37":{"start":{"line":88,"column":6},"end":{"line":102,"column":7}},"38":{"start":{"line":89,"column":28},"end":{"line":89,"column":39}},"39":{"start":{"line":90,"column":8},"end":{"line":96,"column":9}},"40":{"start":{"line":91,"column":30},"end":{"line":91,"column":48}},"41":{"start":{"line":92,"column":10},"end":{"line":92,"column":36}},"42":{"start":{"line":93,"column":10},"end":{"line":93,"column":60}},"43":{"start":{"line":94,"column":10},"end":{"line":94,"column":35}},"44":{"start":{"line":95,"column":10},"end":{"line":95,"column":35}},"45":{"start":{"line":98,"column":8},"end":{"line":98,"column":54}},"46":{"start":{"line":99,"column":8},"end":{"line":99,"column":21}},"47":{"start":{"line":101,"column":8},"end":{"line":101,"column":30}},"48":{"start":{"line":107,"column":20},"end":{"line":114,"column":3}},"49":{"start":{"line":108,"column":31},"end":{"line":108,"column":65}},"50":{"start":{"line":109,"column":4},"end":{"line":109,"column":20}},"51":{"start":{"line":110,"column":4},"end":{"line":110,"column":30}},"52":{"start":{"line":111,"column":4},"end":{"line":111,"column":54}},"53":{"start":{"line":112,"column":4},"end":{"line":112,"column":29}},"54":{"start":{"line":113,"column":4},"end":{"line":113,"column":29}},"55":{"start":{"line":116,"column":23},"end":{"line":123,"column":3}},"56":{"start":{"line":117,"column":31},"end":{"line":117,"column":75}},"57":{"start":{"line":118,"column":4},"end":{"line":118,"column":20}},"58":{"start":{"line":119,"column":4},"end":{"line":119,"column":30}},"59":{"start":{"line":120,"column":4},"end":{"line":120,"column":54}},"60":{"start":{"line":121,"column":4},"end":{"line":121,"column":29}},"61":{"start":{"line":122,"column":4},"end":{"line":122,"column":29}},"62":{"start":{"line":125,"column":26},"end":{"line":132,"column":3}},"63":{"start":{"line":126,"column":31},"end":{"line":126,"column":63}},"64":{"start":{"line":127,"column":4},"end":{"line":127,"column":20}},"65":{"start":{"line":128,"column":4},"end":{"line":128,"column":30}},"66":{"start":{"line":129,"column":4},"end":{"line":129,"column":54}},"67":{"start":{"line":130,"column":4},"end":{"line":130,"column":29}},"68":{"start":{"line":131,"column":4},"end":{"line":131,"column":29}},"69":{"start":{"line":135,"column":4},"end":{"line":138,"column":6}},"70":{"start":{"line":143,"column":18},"end":{"line":143,"column":20}},"71":{"start":{"line":144,"column":4},"end":{"line":146,"column":5}},"72":{"start":{"line":145,"column":6},"end":{"line":145,"column":57}},"73":{"start":{"line":145,"column":22},"end":{"line":145,"column":57}},"74":{"start":{"line":147,"column":4},"end":{"line":147,"column":17}},"75":{"start":{"line":151,"column":18},"end":{"line":151,"column":20}},"76":{"start":{"line":152,"column":4},"end":{"line":154,"column":5}},"77":{"start":{"line":153,"column":6},"end":{"line":153,"column":60}},"78":{"start":{"line":153,"column":22},"end":{"line":153,"column":60}},"79":{"start":{"line":155,"column":4},"end":{"line":155,"column":17}},"80":{"start":{"line":159,"column":2},"end":{"line":174,"column":58}},"81":{"start":{"line":160,"column":4},"end":{"line":160,"column":22}},"82":{"start":{"line":160,"column":15},"end":{"line":160,"column":22}},"83":{"start":{"line":161,"column":4},"end":{"line":173,"column":9}},"84":{"start":{"line":162,"column":6},"end":{"line":172,"column":7}},"85":{"start":{"line":163,"column":21},"end":{"line":167,"column":9}},"86":{"start":{"line":168,"column":8},"end":{"line":168,"column":42}},"87":{"start":{"line":169,"column":8},"end":{"line":169,"column":78}},"88":
[...]
,"loc":{"start":{"line":80,"column":27},"end":{"line":85,"column":5}},"line":80},"6":{"name":"(anonymous_6)","decl":{"start":{"line":87,"column":5},"end":{"line":87,"column":6}},"loc":{"start":{"line":87,"column":17},"end":{"line":103,"column":5}},"line":87},"7":{"name":"(anonymous_7)","decl":{"start":{"line":107,"column":20},"end":{"line":107,"column":21}},"loc":{"start":{"line":107,"column":50},"end":{"line":114,"column":3}},"line":107},"8":{"name":"(anonymous_8)","decl":{"start":{"line":116,"column":23},"end":{"line":116,"column":24}},"loc":{"start":{"line":116,"column":60},"end":{"line":123,"column":3}},"line":116},"9":{"name":"(anonymous_9)","decl":{"start":{"line":125,"column":26},"end":{"line":125,"column":27}},"loc":{"start":{"line":125,"column":48},"end":{"line":132,"column":3}},"line":125},"10":{"name":"normalizePost","decl":{"start":{"line":134,"column":11},"end":{"line":134,"column":24}},"loc":{"start":{"line":134,"column":28},"end":{"line":139,"column":3}},"line":134},"11":{"name":"extractVotesFromPosts","decl":{"start":{"line":142,"column":11},"end":{"line":142,"column":32}},"loc":{"start":{"line":142,"column":44},"end":{"line":148,"column":3}},"line":142},"12":{"name":"extractVotesFromComments","decl":{"start":{"line":150,"column":11},"end":{"line":150,"column":35}},"loc":{"start":{"line":150,"column":50},"end":{"line":156,"column":3}},"line":150},"13":{"name":"(anonymous_13)","decl":{"start":{"line":159,"column":12},"end":{"line":159,"column":13}},"loc":{"start":{"line":159,"column":18},"end":{"line":174,"column":3}},"line":159},"14":{"name":"(anonymous_14)","decl":{"start":{"line":161,"column":5},"end":{"line":161,"column":6}},"loc":{"start":{"line":161,"column":17},"end":{"line":173,"column":5}},"line":161},"15":{"name":"(anonymous_15)","decl":{"start":{"line":169,"column":21},"end":{"line":169,"column":22}},"loc":{"start":{"line":169,"column":32},"end":{"line":169,"column":75}},"line":169},"16":{"name":"(anonymous_16)","decl":{"start":{"line":177,"column":12},"end":{"line":177,"column":13}},"loc":{"start":{"line":177,"column":18},"end":{"line":188,"column":3}},"line":177},"17":{"name":"(anonymous_17)","decl":{"start":{"line":179,"column":5},"end":{"line":179,"column":6}},"loc":{"start":{"line":179,"column":17},"end":{"line":187,"column":5}},"line":179},"18":{"name":"(anonymous_18)","decl":{"start":{"line":182,"column":29},"end":{"line":182,"column":30}},"loc":{"start":{"line":182,"column":37},"end":{"line":182,"column":79}},"line":182},"19":{"name":"(anonymous_19)","decl":{"start":{"line":183,"column":21},"end":{"line":183,"column":22}},"loc":{"start":{"line":183,"column":32},"end":{"line":183,"column":78}},"line":183},"20":{"name":"(anonymous_20)","decl":{"start":{"line":191,"column":12},"end":{"line":191,"column":13}},"loc":{"start":{"line":191,"column":18},"end":{"line":218,"column":3}},"line":191},"21":{"name":"(anonymous_21)","decl":{"start":{"line":196,"column":33},"end":{"line":196,"column":34}},"loc":{"start":{"line":196,"column":45},"end":{"line":206,"column":5}},"line":196},"22":{"name":"(anonymous_22)","decl":{"start":{"line":208,"column":32},"end":{"line":208,"column":33}},"loc":{"start":{"line":208,"column":41},"end":{"line":211,"column":5}},"line":208},"23":{"name":"(anonymous_23)","decl":{"start":{"line":213,"column":11},"end":{"line":213,"column":12}},"loc":{"start":{"line":213,"column":17},"end":{"line":217,"column":5}},"line":213},"24":{"name":"(anonymous_24)","decl":{"start":{"line":221,"column":12},"end":{"line":221,"column":13}},"loc":{"start":{"line":221,"column":18},"end":{"line":243,"column":3}},"line":221},"25":{"name":"loadNotifications","decl":{"start":{"line":225,"column":19},"end":{"line":225,"column":36}},"loc":{"start":{"line":225,"column":39},"end":{"line":238,"column":5}},"line":225},"26":{"name":"(anonymous_26)","decl":{"start":{"line":242,"column":11},"end":{"line":242,"column":12}},"loc":{"start":{"line":242,"column":17},"end":{"line":242,"column":63}},"line":242},"27":{"name":"(anonymous_27)","decl":{"start":{"line":246,"column":33},"end":{"line":246,"column":34}},"loc":{"start":{"line":246,"column":61},"end":{"line":263,"column":3}},"line":246},"28":{"name":"(anonymous_28)","decl":{"start":{"line":251,"column":15},"end":{"line":251,"column":16}},"loc":{"start":{"line":252,"column":8},"end":{"line":254,"column":9}},"line":252},"29":{"name":"(anonymous_29)","decl":{"start":{"line":252,"column":17},"end":{"line":252,"column":18}},"loc":{"start":{"line":253,"column":10},"end":{"line":253,"column":69}},"line":253},"30":{"name":"(anonymous_30)","decl":{"start":{"line":256,"column":19},"end":{"line":256,"column":20}},"loc":{"start":{"line":256,"column":30},"end":{"line":259,"column":7}},"line":256},"31":{"name":"(anonymous_31)","decl":{"start":{"line":266,"column":40},"end":{"line":266,"column":41}},"loc":{"start":{"line":266,"column":71},"end":{"line":283,"column":3}},"line":266},"32":{"name":"(anonymous_32)","decl":{"start":{"line":271,"column":18},"end":{"line":271,"column":19}},"loc":{"start":{"line":272,"column":8},"end":{"line":274,"column":9}},"line":272},"33":{"name":"(anonymous_33)","decl":{"start":{"line":272,"column":17},"end":{"line":272,"column":18}},"loc":{"start":{"line":273,"column":10},"end":{"line":273,"column":63}},"line":273},"34":{"name":"(anonymous_34)","decl":{"start":{"line":276,"column":19},"end":{"line":276,"column":20}},"loc":{"start":{"line":276,"column":30},"end":{"line":279,"column":7}},"line":276},"35":{"name":"(anonymous_35)","decl":{"start":{"line":286,"column":36},"end":{"line":286,"column":37}},"loc":{"start":{"line":286,"column":48},"end":{"line":295,"column":3}},"line":286},"36":{"name":"(anonymous_36)","decl":{"start":{"line":287,"column":13},"end":{"line":287,"column":14}},"loc":{"start":{"line":288,"column":6},"end":{"line":293,"column":8}},"line":288},"37":{"name":"(anonymous_37)","decl":{"start":{"line":288,"column":20},"end":{"line":288,"column":21}},"loc":{"start":{"line":288,"column":30},"end":{"line":293,"column":7}},"line":288},"38":{"name":"(anonymous_38)","decl":{"start":{"line":298,"column":36},"end":{"line":298,"column":37}},"loc":{"start":{"line":298,"column":59},"end":{"line":308,"column":3}},"line":298},"39":{"name":"(anonymous_39)","decl":{"start":{"line":301,"column":30},"end":{"line":301,"column":31}},"loc":{"start":{"line":301,"column":40},"end":{"line":304,"column":7}},"line":301},"40":{"name":"(anonymous_40)","decl":{"start":{"line":303,"column":27},"end":{"line":303,"column":28}},"loc":{"start":{"line":303,"column":35},"end":{"line":303,"column":53}},"line":303},"41":{"name":"(anonymous_41)","decl":{"start":{"line":311,"column":35},"end":{"line":311,"column":36}},"loc":{"start":{"line":311,"column":41},"end":{"line":313,"column":3}},"line":311},"42":{"name":"(anonymous_42)","decl":{"start":{"line":316,"column":36},"end":{"line":316,"column":37}},"loc":{"start":{"line":316,"column":51},"end":{"line":321,"column":3}},"line":316},"43":{"name":"(anonymous_43)","decl":{"start":{"line":317,"column":25},"end":{"line":317,"column":26}},"loc":{"start":{"line":317,"column":36},"end":{"line":320,"column":5}},"line":317},"44":{"name":"(anonymous_44)","decl":{"start":{"line":324,"column":40},"end":{"line":324,"column":41}},"loc":{"start":{"line":324,"column":55},"end":{"line":326,"column":3}},"line":324},"45":{"name":"(anonymous_45)","decl":{"start":{"line":329,"column":35},"end":{"line":329,"column":36}},"loc":{"start":{"line":329,"column":50},"end":{"line":346,"column":3}},"line":329},"46":{"name":"(anonymous_46)","decl":{"start":{"line":349,"column":38},"end":{"line":349,"column":39}},"loc":{"start":{"line":349,"column":50},"end":{"line":351,"column":3}},"line":349},"47":{"name":"(anonymous_47)","decl":{"start":{"line":350,"column":27},"end":{"line":350,"column":28}},"loc":{"start":{"line":350,"column":34},"end":{"line":350,"column":53}},"line":350},"48":{"name":"(anonymous_48)","decl":{"start":{"line":354,"column":33},"end":{"line":354,"column":34}},"loc":{"start":{"line":354,"column":74},"end":{"line":365,"column":3}},"line":354},"49":{"name":"(anonymous_49)","decl":{"start":{"line":357,"column":18},"end":{"line":357,"column":19}},"loc":{"start":{"line":357,"column":28},"end":{"line":360,"column":7}},"line":357},"50":{"name":"(anonymous_50)","decl":{"start":{"line":368,"column":33},"end":{"line":368,"column":34}},"loc":{"start":{"line":368,"column":77},"end":{"line":372,"column":3}},"line":368},"51":{"name":"(anonymous_51)","decl":{"start":{"line":370,"column":13},"end":{"line":370,"column":14}},"loc":{"start":{"line":370,"column":23},"end":{"line":370,"column":56}},"line":370},"52":{"name":"(anonymous_52)","decl":{"start":{"line":375,"column":29},"end":{"line":375,"column":30}},"loc":{"start":{"line":375,"column":35},"end":{"line":390,"column":3}},"line":375},"53":{"name":"(anonymous_53)","decl":{"start":{"line":393,"column":36},"end":{"line":393,"column":37}},"loc":{"start":{"line":393,"column":55},"end":{"line":401,"column":3}},"line":393},"54":{"name":"(anonymous_54)","decl":{"start":{"line":396,"column":23},"end":{"line":396,"column":24}},"loc":{"start":{"line":396,"column":33},"end":{"line":396,"column":95}},"line":396},"55":{"name":"(anonymous_55)","decl":{"start":{"line":396,"column":42},"end":{"line":396,"column":43}},"loc":{"start":{"line":396,"column":49},"end":{"line":396,"column":94}},"line":396},"56":{"name":"(anonymous_56)","decl":{"start":{"line":397,"column":21},"end":{"line":397,"column":22}},"loc":{"start":{"line":397,"column":31},"end":{"line":397,"column":52}},"line":397},"57":{"name":"(anonymous_57)","decl":{"start":{"line":404,"column":40},"end":{"line":404,"column":41}},"loc":{"start":{"line":404,"column":52},"end":{"line":412,"column":3}},"line":404},"58":{"name":"(anonymous_58)","decl":{"start":{"line":407,"column":23},"end":{"line":407,"column":24}},"loc":{"start":{"line":407,"column":33},"end":{"line":407,"column":74}},"line":407},"59":{"name":"(anonymous_59)","decl":{"start":{"line":407,"column":42},"end":{"line":407,"column":43}},"loc":{"start":{"line":407,"column":50},"end":{"line":407,"column":72}},"line":407}},"branchMap":{"0":{"loc":{"start":{"line":58,"column":14},"end":{"line":58,"column":30}},"type":"binary-expr","locations":[{"start":{"line":58,"column":14},"end":{"line":58,"column":22}},{"start":{"line":58,"column":26},"end":{"line":58,"column":30}}],"line":58},"1":{"loc":{"start":{"line":60,"column":18},"end":{"line":60,"column":68}},"type":"cond-expr","locations":[{"start":{"line":60,"column":33},"end":{"line":60,"column":55}},{"start":{"line":60,"column":58},"end":{"line":60,"column":68}}],"line":60},"2":{"loc":{"start":{"line":61,"column":24},"end":{"line":61,"column":48}},"type":"binary-expr","locations":[{"start":{"line":61,"column":24},"end":{"line":61,"column":42}},{"start":{"line":61,"column":46},"end":{"line":61,"column":48}}],"line":61},"3":{"loc":{"start":{"line":77,"column":4},"end":{"line":77,"column":32}},"type":"if","locations":[{"start":{"line":77,"column":4},"end":{"line":77,"column":32}},{"start":{},"end":{}}],"line":77},"4":{"loc":{"start":{"line":90,"column":8},"end":{"line":96,"column":9}},"type":"if","locations":[{"start":{"line":90,"column":8},"end":{"line":96,"column":9}},{"start":{},"end":{}}],"line":90},"5":{"loc":{"start":{"line":93,"column":34},"end":{"line":93,"column":58}},"type":"binary-expr","locations":[{"start":{"line":93,"column":34},"end":{"line":93,"column":52}},{"start":{"line":93,"column":56},"end":{"line":93,"column":58}}],"line":93},"6":{"loc":{"start":{"line":111,"column":28},"end":{"line":111,"column":52}},"type":"binary-expr","locations":[{"start":{"line":111,"column":28},"end":{"line":111,"column":46}},{"start":{"line":111,"column":50},"end":{"line":111,"column":52}}],"line":111},"7":{"loc":{"start":{"line":120,"column":28},"end":{"line":120,"column":52}},"type":"binary-expr","locations":[{"start":{"line":120,"column":28},"end":{"line":120,"column":46}},{"start":{"line":120,"column":50},"end":{"line":120,"column":52}}],"line":120},"8":{"loc":{"start":{"line":129,"column":28},"end":{"line":129,"column":52}},"type":"binary-expr","locations":[{"start":{"line":129,"column":28},"end":{"line":129,"column":46}},{"start":{"line":129,"column":50},"end":{"line":129,"column":52}}],"line":129},"9":{"loc":{"start":{"line":145,"column":6},"end":{"line":145,"column":57}},"type":"if","locations":[{"start":{"line":145,"column":6},"end":{"line":145,"column":57}},{"start":{},"end":{}}],"line":145},"10":{"loc":{"start":{"line":153,"column":6},"end":{"line":153,"column":60}},"type":"if","locations":[{"start":{"line":153,"column":6},"end":{"line":153,"column":60}},{"start":{},"end":{}}],"line":153},"11":{"loc":{"start":{"line":160,"column":4},"end":{"line":160,"column":22}},"type":"if","locations":[{"start":{"line":160,"column":4},"end":{"line":160,"column":22}},{"start":{},"end":{}}],"line":160},"12":{"loc":{"start":{"line":164,"column":10},"end":{"line":164,"column":68}},"type":"cond-expr","locations":[{"start":{"line":164,"column":24},"end":{"line":164,"column":33}},{"start":{"line":164,"column":37},"end":{"line":164,"column":67}}],"line":164},"13":{"loc":{"start":{"line":164,"column":37},"end":{"line":164,"column":67}},"type":"binary-expr","locations":[{"start":{"line":164,"column":37},"end":{"line":164,"column":54}},{"start":{"line":164,"column":58},"end":{"line":164,"column":67}}],"line":164},"14":{"loc":{"start":{"line":165,"column":10},"end":{"line":165,"column":34}},"type":"binary-expr","locations":[{"start":{"line":165,"column":10},"end":{"line":165,"column":21}},{"start":{"line":165,"column":25},"end":{"line":165,"column":34}}],"line":165},"15":{"loc":{"start":{"line":166,"column":10},"end":{"line":166,"column":43}},"type":"cond-expr","locations":[{"start":{"line":166,"column":24},"end":{"line":166,"column":31}},{"start":{"line":166,"column":34},"end":{"line":166,"column":43}}],"line":166},"16":{"loc":{"start":{"line":178,"column":4},"end":{"line":178,"column":30}},"type":"if","locations":[{"start":{"line":178,"column":4},"end":{"line":178,"column":30}},{"start":{},"end":{}}],"line":178},"17":{"loc":{"start":{"line":192,"column":4},"end":{"line":192,"column":22}},"type":"if","locations":[{"start":{"line":192,"column":4},"end":{"line":192,"column":22}},{"start":{},"end":{}}],"line":192},"18":{"loc":{"start":{"line":222,"column":4},"end":{"line":222,"column":22}},"type":"if","locations":[{"start":{"line":222,"column":4},"end":{"line":222,"column":22}},{"start":{},"end":{}}],"line":222},"19":{"loc":{"start":{"line":231,"column":8},"end":{"line":234,"column":9}},"type":"if","locations":[{"start":{"line":231,"column":8},"end":{"line":234,"column":9}},{"start":{},"end":{}}],"line":231},"20":{"loc":{"start":{"line":253,"column":10},"end":{"line":253,"column":69}},"type":"cond-expr","locations":[{"start":{"line":253,"column":31},"end":{"line":253,"column":62}},{"start":{"line":253,"column":65},"end":{"line":253,"column":69}}],"line":253},"21":{"loc":{"start":{"line":258,"column":19},"end":{"line":258,"column":35}},"type":"binary-expr","locations":[{"start":{"line":258,"column":19},"end":{"line":258,"column":27}},{"start":{"line":258,"column":31},"end":{"line":258,"column":35}}],"line":258},"22":{"loc":{"start":{"line":273,"column":10},"end":{"line":273,"column":63}},"type":"cond-expr","locations":[{"start":{"line":273,"column":31},"end":{"line":273,"column":59}},{"start":{"line":273,"column":62},"end":{"line":273,"column":63}}],"line":273},"23":{"loc":{"start":{"line":278,"column":19},"end":{"line":278,"column":35}},"type":"binary-expr","locations":[{"start":{"line":278,"column":19},"end":{"line":278,"column":27}},{"start":{"line":278,"column":31},"end":{"line":278,"column":35}}],"line":278},"24":{"loc":{"start":{"line":289,"column":8},"end":{"line":291,"column":9}},"type":"if","locations":[{"start":{"line":289,"column":8},"end":{"line":291,"column":9}},{"start":{},"end":{}}],"line":289},"25":{"loc":{"start":{"line":302,"column":8},"end":{"line":302,"column":50}},"type":"if","locations":[{"start":{"line":302,"column":8},"end":{"line":302,"column":50}},{"start":{},"end":{}}],"line":302},"26":{"loc":{"start":{"line":330,"column":4},"end":{"line":333,"column":5}},"type":"if","locations":[{"start":{"line":330,"column":4},"end":{"line":333,"column":5}},{"start":{},"end":{}}],"line":330},"27":{"loc":{"start":{"line":330,"column":8},"end":{"line":330,"column":50}},"type":"binary-expr","locations":[{"start":{"line":330,"column":8},"end":{"line":330,"column":18}},{"start":{"line":330,"column":22},"end":{"line":330,"column":50}}],"line":330},"28":{"loc":{"start":{"line":338,"column":4},"end":{"line":345,"column":5}},"type":"if","locations":[{"start":{"line":338,"column":4},"end":{"line":345,"column":5}},{"start":{"line":340,"column":11},"end":{"line":345,"column":5}}],"line":338},"29":{"loc":{"start":{"line":338,"column":8},"end":{"line":338,"column":34}},"type":"binary-expr","locations":[{"start":{"line":338,"column":8},"end":{"line":338,"column":14}},{"start":{"line":338,"column":18},"end":{"line":338,"column":34}}],"line":338},"30":{"loc":{"start":{"line":396,"column":49},"end":{"line":396,"column":94}},"type":"cond-expr","locations":[{"start":{"line":396,"column":68},"end":{"line":396,"column":90}},{"start":{"line":396,"column":93},"end":{"line":396,"column":94}}],"line":396}},"s":{"0":2,"1":0,"2":2,"3":0,"4":0,"5":0,"6":0,"7":0,"8":0,"9":0,"10":0,"11":0,"12":0,"13":0,"14":0,"15":0,"16":0,"17":0,"18":0,"19":0,"20":0,"21":0,"22":0,"23":0,"24":0,"25":0,"26":0,"27":0,"28":0,"29":0,"30":0,"31":0,"32":0,"33":0,"34":0,"35":0,"36":0,"37":0,"38":0,"39":0,"40":0,"41":0,"42":0,"43":0,"44":0,"45":0,"46":0,"47":0,"48":0,"49":0,"50":0,"51":0,"52":0,"53":0,"54":0,"55":0,"56":0,"57":0,"58":0,"59":0,"60":0,"61":0,"62":0,"63":0,"64":0,"65":0,"66":0,"67":0,"68":0,"69":0,"70":0,"71":0,"72":0,"73":0,"74":0,"75":0,"76":0,"77":0,"78":0,"79":0,"80":0,"81":0,"82":0,"83":0,"84":0,"85":0,"86":0,"87":0,"88":0,"89":0,"90":0,"91":0,"92":0,"93":0,"94":0,"95":0,"96":0,"97":0,"98":0,"99":0,"100":0,"101":0,"102":0,"103":0,"104":0,"105":0,"106":0,"107":0,"108":0,"109":0,"110":0,"111":0,"112":0,"113":0,"114":0,"115":0,"116":0,"117":0,"118":0,"119":0,"120":0,"121":0,"122":0,"123":0,"124":0,"125":0,"126":0,"127":0,"128":0,"129":0,"130":0,"131":0,"132":0,"133":0,"134":0,"135":0,"136":0,"137":0,"138":0,"139":0,"140":0,"141":0,"142":0,"143":0,"144":0,"145":0,"146":0,"147":0,"148":0,"149":0,"150":0,"151":0,"152":0,"153":0,"154":0,"155":0,"156":0,"157":0,"158":0,"159":0,"160":0,"161":0,"162":0,"163":0,"164":0,"165":0,"166":0,"167":0,"168":0,"169":0,"170":0,"171":0,"172":0,"173":0,"174":0,"175":0,"176":0,"177":0,"178":0,"179":0,"180":0,"181":0,"182":0,"183":0,"184":0,"185":0,"186":0,"187":0,"188":0,"189":0,"190":0,"191":0,"192":0,"193":0,"194":0,"195":0,"196":0,"197":0,"198":0,"199":0,"200":0,"201":0,"202":0,"203":0,"204":0,"205":0,"206":0,"207":0,"208":0,"209":0,"210":0,"211":0,"212":0,"213":0,"214":0,"215":0,"216":0,"217":0,"218":0,"219":0,"220":0,"221":0,"222":0,"223":0,"224":0,"225":0,"226":0,"227":0,"228":0,"229":0,"230":0,"231":0,"232":0},"f":{"0":0,"1":0,"2":0,"3":0,"4":0,"5":0,"6":0,"7":0,"8":0,"9":0,"10":0,"11":0,"12":0,"13":0,"14":0,"15":0,"16":0,"17":0,"18":0,"19":0,"20":0,"21":0,"22":0,"23":0,"24":0,"25":0,"26":0,"27":0,"28":0,"29":0,"30":0,"31":0,"32":0,"33":0,"34":0,"35":0,"36":0,"37":0,"38":0,"39":0,"40":0,"41":0,"42":0,"43":0,"44":0,"45":0,"46":0,"47":0,"48":0,"49":0,"50":0,"51":0,"52":0,"53":0,"54":0,"55":0,"56":0,"57":0,"58":0,"59":0},"b":{"0":[0,0],"1":[0,0],"2":[0,0],"3":[0,0],"4":[0,0],"5":[0,0],"6":[0,0],"7":[0,0],"8":[0,0],"9":[0,0],"10":[0,0],"11":[0,0],"12":[0,0],"13":[0,0],"14":[0,0],"15":[0,0],"16":[0,0],"17":[0,0],"18":[0,0],"19":[0,0],"20":[0,0],"21":[0,0],"22":[0,0],"23":[0,0],"24":[0,0],"25":[0,0],"26":[0,0],"27":[0,0],"28":[0,0],"29":[0,0],"30":[0,0]},"_coverageSchema":"1a1c01bbd47fc00a2c39e90264f33305004495a9","hash":"4b560861ae9ffbafb99152d74f484b034e477ee6"}
}
