TN:
SF:src\api.js
FN:8,getToken
FN:12,setToken
FN:21,loadToken
FN:26,clearToken
FN:31,authHeaders
FN:39,setOnAuthFailure
FN:44,handleResponse
FN:54,login
FN:61,(anonymous_8)
FN:67,register
FN:74,(anonymous_10)
FN:80,googleLogin
FN:87,(anonymous_12)
FN:93,fetchMe
FN:103,fetchPosts
FN:117,voteOnPost
FN:128,createPost
FN:141,fetchComments
FN:150,addCommentApi
FN:161,voteOnComment
FN:171,reportComment
FN:183,fetchSubreddits
FN:191,joinSubredditApi
FN:202,fetchNotifications
FN:211,fetchUnreadCount
FN:220,markNotificationRead
FN:230,markAllNotificationsRead
FN:240,fetchReasoningSummary
FN:250,analyzeDraftRest
FN:264,getComposerSocket
FN:275,disconnectComposerSocket
FNF:31
FNH:0
FNDA:0,getToken
FNDA:0,setToken
FNDA:0,loadToken
FNDA:0,clearToken
FNDA:0,authHeaders
FNDA:0,setOnAuthFailure
FNDA:0,handleResponse
FNDA:0,login
FNDA:0,(anonymous_8)
FNDA:0,register
FNDA:0,(anonymous_10)
FNDA:0,googleLogin
FNDA:0,(anonymous_12)
FNDA:0,fetchMe
FNDA:0,fetchPosts
FNDA:0,voteOnPost
FNDA:0,createPost
FNDA:0,fetchComments
FNDA:0,addCommentApi
FNDA:0,voteOnComment
FNDA:0,reportComment
FNDA:0,fetchSubreddits
FNDA:0,joinSubredditApi
FNDA:0,fetchNotifications
FNDA:0,fetchUnreadCount
FNDA:0,markNotificationRead
FNDA:0,markAllNotificationsRead
FNDA:0,fetchReasoningSummary
FNDA:0,analyzeDraftRest
FNDA:0,getComposerSocket
FNDA:0,disconnectComposerSocket
DA:3,1
DA:6,1
DA:9,0
DA:13,0
DA:14,0
DA:15,0
DA:17,0
DA:22,0
DA:23,0
DA:27,0
DA:28,0
DA:32,0
DA:33,0
DA:34,0
DA:38,1
DA:40,0
DA:45,0
DA:46,0
DA:47,0
DA:49,0
DA:55,0
DA:60,0
DA:61,0
DA:62,0
DA:64,0
DA:68,0
DA:73,0
DA:74,0
DA:75,0
DA:77,0
DA:81,0
DA:86,0
DA:87,0
DA:88,0
DA:90,0
DA:94,0
DA:97,0
DA:98,0
DA:104,0
DA:105,0
DA:106,0
DA:107,0
DA:108,0
DA:109,0
DA:112,0
DA:113,0
DA:114,0
DA:118,0
DA:123,0
DA:124,0
DA:125,0
DA:129,0
DA:134,0
DA:135,0
DA:136,0
DA:142,0
DA:145,0
DA:146,0
DA:147,0
DA:151,0
DA:156,0
DA:157,0
DA:158,0
DA:162,0
DA:167,0
DA:168,0
DA:172,0
DA:177,0
DA:178,0
DA:184,0
DA:187,0
DA:188,0
DA:192,0
DA:196,0
DA:197,0
DA:203,0
DA:206,0
DA:207,0
DA:208,0
DA:212,0
DA:215,0
DA:216,0
DA:217,0
DA:221,0
DA:225,0
DA:226,0
DA:227,0
DA:231,0
DA:235,0
DA:236,0
DA:237,0
DA:241,0
DA:244,0
DA:245,0
DA:251,0
DA:256,0
DA:257,0
DA:262,1
DA:265,0
DA:267,0
DA:272,0
DA:276,0
DA:277,0
DA:278,0
LF:104
LH:4
BRDA:14,0,0,0
BRDA:14,0,1,0
BRDA:33,1,0,0
BRDA:33,1,1,0
BRDA:45,2,0,0
BRDA:45,2,1,0
BRDA:45,3,0,0
BRDA:45,3,1,0
BRDA:60,4,0,0
BRDA:60,4,1,0
BRDA:62,5,0,0
BRDA:62,5,1,0
BRDA:73,6,0,0
BRDA:73,6,1,0
BRDA:75,7,0,0
BRDA:75,7,1,0
BRDA:86,8,0,0
BRDA:86,8,1,0
BRDA:88,9,0,0
BRDA:88,9,1,0
BRDA:97,10,0,0
BRDA:97,10,1,0
BRDA:105,11,0,0
BRDA:105,11,1,0
BRDA:106,12,0,0
BRDA:106,12,1,0
BRDA:107,13,0,0
BRDA:107,13,1,0
BRDA:109,14,0,0
BRDA:109,14,1,0
BRDA:113,15,0,0
BRDA:113,15,1,0
BRDA:124,16,0,0
BRDA:124,16,1,0
BRDA:135,17,0,0
BRDA:135,17,1,0
BRDA:146,18,0,0
BRDA:146,18,1,0
BRDA:154,19,0,0
BRDA:154,19,1,0
BRDA:157,20,0,0
BRDA:157,20,1,0
BRDA:167,21,0,0
BRDA:167,21,1,0
BRDA:177,22,0,0
BRDA:177,22,1,0
BRDA:187,23,0,0
BRDA:187,23,1,0
BRDA:196,24,0,0
BRDA:196,24,1,0
BRDA:207,25,0,0
BRDA:207,25,1,0
BRDA:216,26,0,0
BRDA:216,26,1,0
BRDA:226,27,0,0
BRDA:226,27,1,0
BRDA:236,28,0,0
BRDA:236,28,1,0
BRDA:244,29,0,0
BRDA:244,29,1,0
BRDA:256,30,0,0
BRDA:256,30,1,0
BRDA:265,31,0,0
BRDA:265,31,1,0
BRDA:265,32,0,0
BRDA:265,32,1,0
BRDA:276,33,0,0
BRDA:276,33,1,0
BRF:68
BRH:0
end_of_record
TN:
SF:src\components\ComposerWithFeedback.jsx
FN:11,ComposerWithFeedback
FN:20,(anonymous_1)
FN:25,(anonymous_2)
FN:32,(anonymous_3)
FN:38,(anonymous_4)
FN:39,(anonymous_5)
FN:43,(anonymous_6)
FN:50,(anonymous_7)
FN:58,(anonymous_8)
FN:64,(anonymous_9)
FN:73,(anonymous_10)
FN:78,(anonymous_11)
FN:82,(anonymous_12)
FN:104,(anonymous_13)
FN:115,(anonymous_14)
FN:132,(anonymous_15)
FN:141,(anonymous_16)
FN:212,(anonymous_17)
FN:343,(anonymous_18)
FN:360,(anonymous_19)
FN:384,(anonymous_20)
FNF:21
FNH:21
FNDA:82,ComposerWithFeedback
FNDA:65,(anonymous_1)
FNDA:4,(anonymous_2)
FNDA:65,(anonymous_3)
FNDA:41,(anonymous_4)
FNDA:41,(anonymous_5)
FNDA:2,(anonymous_6)
FNDA:1,(anonymous_7)
FNDA:2,(anonymous_8)
FNDA:2,(anonymous_9)
FNDA:82,(anonymous_10)
FNDA:9,(anonymous_11)
FNDA:38,(anonymous_12)
FNDA:150,(anonymous_13)
FNDA:82,(anonymous_14)
FNDA:82,(anonymous_15)
FNDA:38,(anonymous_16)
FNDA:21,(anonymous_17)
FNDA:6,(anonymous_18)
FNDA:2,(anonymous_19)
FNDA:38,(anonymous_20)
DA:12,82
DA:13,82
DA:14,82
DA:15,82
DA:16,82
DA:17,82
DA:20,82
DA:21,65
DA:23,65
DA:24,17
DA:25,17
DA:26,4
DA:29,48
DA:32,65
DA:33,65
DA:38,82
DA:39,41
DA:43,82
DA:44,2
DA:45,2
DA:46,2
DA:50,82
DA:51,1
DA:52,1
DA:53,1
DA:54,1
DA:58,82
DA:59,2
DA:60,2
DA:61,2
DA:64,82
DA:65,2
DA:66,2
DA:67,1
DA:73,82
DA:74,82
DA:75,53
DA:78,29
DA:79,29
DA:80,29
DA:82,29
DA:83,38
DA:84,38
DA:86,38
DA:88,34
DA:90,34
DA:96,34
DA:97,34
DA:100,29
DA:101,29
DA:104,82
DA:105,150
DA:114,82
DA:115,82
DA:116,82
DA:117,78
DA:118,53
DA:121,82
DA:124,82
DA:125,82
DA:126,82
DA:128,82
DA:129,82
DA:132,82
DA:133,82
DA:134,77
DA:135,76
DA:136,45
DA:139,82
DA:141,82
DA:142,38
DA:144,18
DA:153,14
DA:162,5
DA:171,1
DA:182,82
DA:212,21
DA:344,6
DA:361,2
DA:385,38
DA:386,38
LF:81
LH:81
BRDA:21,0,0,4
BRDA:21,0,1,61
BRDA:23,1,0,17
BRDA:23,1,1,48
BRDA:33,2,0,18
BRDA:33,2,1,47
BRDA:44,3,0,2
BRDA:44,3,1,0
BRDA:44,4,0,2
BRDA:44,4,1,2
BRDA:51,5,0,1
BRDA:51,5,1,0
BRDA:61,6,0,1
BRDA:61,6,1,1
BRDA:66,7,0,1
BRDA:66,7,1,1
BRDA:74,8,0,53
BRDA:74,8,1,29
BRDA:74,9,0,82
BRDA:74,9,1,31
BRDA:86,10,0,4
BRDA:86,10,1,34
BRDA:90,11,0,18
BRDA:90,11,1,16
BRDA:92,12,0,11
BRDA:92,12,1,5
BRDA:114,13,0,31
BRDA:114,13,1,51
BRDA:116,14,0,4
BRDA:116,14,1,78
BRDA:117,15,0,25
BRDA:117,15,1,53
BRDA:128,16,0,82
BRDA:128,16,1,31
BRDA:128,16,2,2
BRDA:133,17,0,5
BRDA:133,17,1,77
BRDA:134,18,0,1
BRDA:134,18,1,76
BRDA:135,19,0,31
BRDA:135,19,1,45
BRDA:142,20,0,18
BRDA:142,20,1,14
BRDA:142,20,2,5
BRDA:142,20,3,1
BRDA:190,21,0,82
BRDA:190,21,1,2
BRDA:235,22,0,39
BRDA:235,22,1,43
BRDA:251,23,0,82
BRDA:251,23,1,45
BRDA:260,24,0,82
BRDA:260,24,1,1
BRDA:269,25,0,82
BRDA:269,25,1,5
BRDA:289,26,0,82
BRDA:289,26,1,31
BRDA:289,26,2,31
BRDA:329,27,0,31
BRDA:329,27,1,4
BRDA:337,28,0,31
BRDA:337,28,1,6
BRDA:354,29,0,31
BRDA:354,29,1,2
BRDA:365,30,0,2
BRDA:365,30,1,2
BRDA:378,31,0,31
BRDA:378,31,1,29
BRDA:397,32,0,38
BRDA:397,32,1,37
BRF:70
BRH:68
end_of_record
TN:
SF:src\components\PostDetail.jsx
FN:8,PostDetail
FN:22,(anonymous_1)
FN:23,(anonymous_2)
FN:24,(anonymous_3)
FN:27,(anonymous_4)
FN:32,(anonymous_5)
FN:35,(anonymous_6)
FN:40,(anonymous_7)
FN:47,(anonymous_8)
FN:50,(anonymous_9)
FN:69,(anonymous_10)
FN:82,(anonymous_11)
FN:101,(anonymous_12)
FN:101,(anonymous_13)
FN:105,(anonymous_14)
FN:120,(anonymous_15)
FN:126,(anonymous_16)
FN:143,(anonymous_17)
FN:170,(anonymous_18)
FN:181,(anonymous_19)
FN:190,(anonymous_20)
FN:196,(anonymous_21)
FN:208,(anonymous_22)
FN:221,(anonymous_23)
FN:229,(anonymous_24)
FN:236,(anonymous_25)
FN:250,(anonymous_26)
FN:253,(anonymous_27)
FN:264,(anonymous_28)
FN:272,(anonymous_29)
FN:279,(anonymous_30)
FN:296,(anonymous_31)
FN:320,(anonymous_32)
FN:383,(anonymous_33)
FN:394,(anonymous_34)
FN:407,(anonymous_35)
FN:425,(anonymous_36)
FN:431,(anonymous_37)
FNF:38
FNH:31
FNDA:124,PostDetail
FNDA:4,(anonymous_1)
FNDA:54,(anonymous_2)
FNDA:2,(anonymous_3)
FNDA:53,(anonymous_4)
FNDA:54,(anonymous_5)
FNDA:53,(anonymous_6)
FNDA:54,(anonymous_7)
FNDA:125,(anonymous_8)
FNDA:54,(anonymous_9)
FNDA:235,(anonymous_10)
FNDA:6,(anonymous_11)
FNDA:2,(anonymous_12)
FNDA:2,(anonymous_13)
FNDA:3,(anonymous_14)
FNDA:5,(anonymous_15)
FNDA:4,(anonymous_16)
FNDA:112,(anonymous_17)
FNDA:0,(anonymous_18)
FNDA:0,(anonymous_19)
FNDA:7,(anonymous_20)
FNDA:3,(anonymous_21)
FNDA:10,(anonymous_22)
FNDA:4,(anonymous_23)
FNDA:3,(anonymous_24)
FNDA:0,(anonymous_25)
FNDA:165,(anonymous_26)
FNDA:7,(anonymous_27)
FNDA:2,(anonymous_28)
FNDA:5,(anonymous_29)
FNDA:0,(anonymous_30)
FNDA:12,(anonymous_31)
FNDA:44,(anonymous_32)
FNDA:0,(anonymous_33)
FNDA:0,(anonymous_34)
FNDA:3,(anonymous_35)
FNDA:0,(anonymous_36)
FNDA:100,(anonymous_37)
DA:9,124
DA:11,124
DA:12,124
DA:13,124
DA:14,124
DA:15,124
DA:16,124
DA:17,124
DA:18,124
DA:19,124
DA:22,124
DA:23,124
DA:24,54
DA:25,54
DA:26,53
DA:27,53
DA:32,124
DA:33,54
DA:34,53
DA:35,53
DA:40,124
DA:41,54
DA:42,54
DA:43,54
DA:47,125
DA:48,124
DA:50,124
DA:51,54
DA:52,54
DA:53,54
DA:54,46
DA:56,54
DA:57,46
DA:58,46
DA:59,12
DA:61,34
DA:64,54
DA:67,124
DA:69,123
DA:70,235
DA:71,235
DA:72,235
DA:73,235
DA:74,235
DA:75,235
DA:76,3
DA:77,2
DA:78,1
DA:82,123
DA:83,6
DA:86,6
DA:87,6
DA:90,1
DA:91,1
DA:92,1
DA:93,1
DA:94,1
DA:95,1
DA:96,1
DA:97,1
DA:99,6
DA:100,6
DA:101,6
DA:105,123
DA:106,3
DA:107,3
DA:108,3
DA:109,3
DA:110,2
DA:111,2
DA:113,1
DA:115,3
DA:120,123
DA:121,5
DA:122,5
DA:123,5
DA:124,5
DA:125,5
DA:126,4
DA:127,4
DA:128,4
DA:129,4
DA:131,1
DA:133,5
DA:137,123
DA:139,123
DA:140,123
DA:143,123
DA:144,112
DA:145,112
DA:146,112
DA:148,112
DA:170,0
DA:181,0
DA:190,7
DA:196,3
DA:208,10
DA:221,4
DA:229,3
DA:236,0
DA:251,165
DA:253,7
DA:264,2
DA:272,5
DA:279,0
DA:296,12
DA:302,123
DA:320,44
DA:383,0
DA:394,0
DA:407,3
DA:425,0
DA:431,100
LF:113
LH:106
BRDA:24,0,0,1
BRDA:24,0,1,1
BRDA:25,1,0,53
BRDA:25,1,1,1
BRDA:33,2,0,53
BRDA:33,2,1,1
BRDA:47,3,0,123
BRDA:47,3,1,1
BRDA:47,4,0,123
BRDA:47,4,1,0
BRDA:48,5,0,123
BRDA:48,5,1,1
BRDA:58,6,0,12
BRDA:58,6,1,34
BRDA:58,7,0,46
BRDA:58,7,1,13
BRDA:67,8,0,1
BRDA:67,8,1,123
BRDA:67,9,0,124
BRDA:67,9,1,123
BRDA:75,10,0,232
BRDA:75,10,1,3
BRDA:76,11,0,1
BRDA:76,11,1,2
BRDA:77,12,0,1
BRDA:77,12,1,1
BRDA:83,13,0,3
BRDA:83,13,1,3
BRDA:99,14,0,3
BRDA:99,14,1,3
BRDA:101,15,0,1
BRDA:101,15,1,1
BRDA:106,16,0,0
BRDA:106,16,1,3
BRDA:106,17,0,3
BRDA:106,17,1,3
BRDA:121,18,0,1
BRDA:121,18,1,4
BRDA:122,19,0,0
BRDA:122,19,1,5
BRDA:122,20,0,5
BRDA:122,20,1,5
BRDA:143,21,0,0
BRDA:149,22,0,12
BRDA:149,22,1,100
BRDA:171,23,0,1
BRDA:171,23,1,111
BRDA:177,24,0,1
BRDA:177,24,1,111
BRDA:182,25,0,0
BRDA:182,25,1,112
BRDA:190,26,0,1
BRDA:190,26,1,6
BRDA:191,27,0,20
BRDA:191,27,1,92
BRDA:200,28,0,4
BRDA:200,28,1,108
BRDA:202,29,0,4
BRDA:202,29,1,108
BRDA:208,30,0,1
BRDA:208,30,1,9
BRDA:217,31,0,112
BRDA:217,31,1,20
BRDA:230,32,0,20
BRDA:230,32,1,7
BRDA:233,33,0,3
BRDA:233,33,1,17
BRDA:246,34,0,112
BRDA:246,34,1,33
BRDA:254,35,0,15
BRDA:254,35,1,150
BRDA:260,36,0,33
BRDA:260,36,1,6
BRDA:273,37,0,33
BRDA:273,37,1,15
BRDA:273,37,2,6
BRDA:273,37,3,11
BRDA:276,38,0,5
BRDA:276,38,1,28
BRDA:295,39,0,112
BRDA:295,39,1,112
BRDA:295,39,2,11
BRDA:364,40,0,123
BRDA:364,40,1,1
BRDA:373,41,0,123
BRDA:373,41,1,122
BRDA:384,42,0,1
BRDA:384,42,1,122
BRDA:390,43,0,1
BRDA:390,43,1,122
BRDA:390,44,0,1
BRDA:390,44,1,121
BRDA:395,45,0,1
BRDA:395,45,1,122
BRDA:411,46,0,3
BRDA:411,46,1,120
BRF:96
BRH:91
end_of_record
TN:
SF:src\context\RedditContext.jsx
FN:29,useReddit
FN:33,(anonymous_1)
FN:54,normalizeUser
FN:65,fetchInitialData
FN:76,(anonymous_4)
FN:80,(anonymous_5)
FN:87,(anonymous_6)
FN:107,(anonymous_7)
FN:116,(anonymous_8)
FN:125,(anonymous_9)
FN:134,normalizePost
FN:142,extractVotesFromPosts
FN:150,extractVotesFromComments
FN:159,(anonymous_13)
FN:161,(anonymous_14)
FN:169,(anonymous_15)
FN:177,(anonymous_16)
FN:179,(anonymous_17)
FN:182,(anonymous_18)
FN:183,(anonymous_19)
FN:191,(anonymous_20)
FN:196,(anonymous_21)
FN:208,(anonymous_22)
FN:213,(anonymous_23)
FN:221,(anonymous_24)
FN:225,loadNotifications
FN:242,(anonymous_26)
FN:246,(anonymous_27)
FN:251,(anonymous_28)
FN:252,(anonymous_29)
FN:256,(anonymous_30)
FN:266,(anonymous_31)
FN:271,(anonymous_32)
FN:272,(anonymous_33)
FN:276,(anonymous_34)
FN:286,(anonymous_35)
FN:287,(anonymous_36)
FN:288,(anonymous_37)
FN:298,(anonymous_38)
FN:301,(anonymous_39)
FN:303,(anonymous_40)
FN:311,(anonymous_41)
FN:316,(anonymous_42)
FN:317,(anonymous_43)
FN:324,(anonymous_44)
FN:329,(anonymous_45)
FN:349,(anonymous_46)
FN:350,(anonymous_47)
FN:354,(anonymous_48)
FN:357,(anonymous_49)
FN:368,(anonymous_50)
FN:370,(anonymous_51)
FN:375,(anonymous_52)
FN:393,(anonymous_53)
FN:396,(anonymous_54)
FN:396,(anonymous_55)
FN:397,(anonymous_56)
FN:404,(anonymous_57)
FN:407,(anonymous_58)
FN:407,(anonymous_59)
FNF:60
FNH:0
FNDA:0,useReddit
FNDA:0,(anonymous_1)
FNDA:0,normalizeUser
FNDA:0,fetchInitialData
FNDA:0,(anonymous_4)
FNDA:0,(anonymous_5)
FNDA:0,(anonymous_6)
FNDA:0,(anonymous_7)
FNDA:0,(anonymous_8)
FNDA:0,(anonymous_9)
FNDA:0,normalizePost
FNDA:0,extractVotesFromPosts
FNDA:0,extractVotesFromComments
FNDA:0,(anonymous_13)
FNDA:0,(anonymous_14)
FNDA:0,(anonymous_15)
FNDA:0,(anonymous_16)
FNDA:0,(anonymous_17)
FNDA:0,(anonymous_18)
FNDA:0,(anonymous_19)
FNDA:0,(anonymous_20)
FNDA:0,(anonymous_21)
FNDA:0,(anonymous_22)
FNDA:0,(anonymous_23)
FNDA:0,(anonymous_24)
FNDA:0,loadNotifications
FNDA:0,(anonymous_26)
FNDA:0,(anonymous_27)
FNDA:0,(anonymous_28)
FNDA:0,(anonymous_29)
FNDA:0,(anonymous_30)
FNDA:0,(anonymous_31)
FNDA:0,(anonymous_32)
FNDA:0,(anonymous_33)
FNDA:0,(anonymous_34)
FNDA:0,(anonymous_35)
FNDA:0,(anonymous_36)
FNDA:0,(anonymous_37)
FNDA:0,(anonymous_38)
FNDA:0,(anonymous_39)
FNDA:0,(anonymous_40)
FNDA:0,(anonymous_41)
FNDA:0,(anonymous_42)
FNDA:0,(anonymous_43)
FNDA:0,(anonymous_44)
FNDA:0,(anonymous_45)
FNDA:0,(anonymous_46)
FNDA:0,(anonymous_47)
FNDA:0,(anonymous_48)
FNDA:0,(anonymous_49)
FNDA:0,(anonymous_50)
FNDA:0,(anonymous_51)
FNDA:0,(anonymous_52)
FNDA:0,(anonymous_53)
FNDA:0,(anonymous_54)
FNDA:0,(anonymous_55)
FNDA:0,(anonymous_56)
FNDA:0,(anonymous_57)
FNDA:0,(anonymous_58)
FNDA:0,(anonymous_59)
DA:27,2
DA:30,0
DA:33,2
DA:34,0
DA:35,0
DA:36,0
DA:37,0
DA:38,0
DA:39,0
DA:40,0
DA:41,0
DA:42,0
DA:43,0
DA:44,0
DA:45,0
DA:46,0
DA:47,0
DA:48,0
DA:49,0
DA:50,0
DA:51,0
DA:52,0
DA:55,0
DA:66,0
DA:70,0
DA:71,0
DA:72,0
DA:76,0
DA:77,0
DA:78,0
DA:80,0
DA:81,0
DA:82,0
DA:83,0
DA:84,0
DA:87,0
DA:88,0
DA:89,0
DA:90,0
DA:91,0
DA:92,0
DA:93,0
DA:94,0
DA:95,0
DA:98,0
DA:99,0
DA:101,0
DA:107,0
DA:108,0
DA:109,0
DA:110,0
DA:111,0
DA:112,0
DA:113,0
DA:116,0
DA:117,0
DA:118,0
DA:119,0
DA:120,0
DA:121,0
DA:122,0
DA:125,0
DA:126,0
DA:127,0
DA:128,0
DA:129,0
DA:130,0
DA:131,0
DA:135,0
DA:143,0
DA:144,0
DA:145,0
DA:147,0
DA:151,0
DA:152,0
DA:153,0
DA:155,0
DA:159,0
DA:160,0
DA:161,0
DA:162,0
DA:163,0
DA:168,0
DA:169,0
DA:171,0
DA:177,0
DA:178,0
DA:179,0
DA:180,0
DA:181,0
DA:182,0
DA:183,0
DA:185,0
DA:191,0
DA:192,0
DA:193,0
DA:194,0
DA:196,0
DA:197,0
DA:205,0
DA:208,0
DA:209,0
DA:210,0
DA:213,0
DA:214,0
DA:215,0
DA:216,0
DA:221,0
DA:222,0
DA:223,0
DA:226,0
DA:227,0
DA:231,0
DA:232,0
DA:233,0
DA:236,0
DA:240,0
DA:241,0
DA:242,0
DA:246,0
DA:247,0
DA:249,0
DA:250,0
DA:251,0
DA:252,0
DA:253,0
DA:256,0
DA:261,0
DA:266,0
DA:267,0
DA:269,0
DA:270,0
DA:271,0
DA:272,0
DA:273,0
DA:276,0
DA:281,0
DA:286,0
DA:287,0
DA:288,0
DA:289,0
DA:290,0
DA:292,0
DA:298,0
DA:299,0
DA:300,0
DA:301,0
DA:302,0
DA:303,0
DA:306,0
DA:311,0
DA:312,0
DA:316,0
DA:317,0
DA:324,0
DA:325,0
DA:329,0
DA:330,0
DA:331,0
DA:332,0
DA:335,0
DA:337,0
DA:338,0
DA:339,0
DA:342,0
DA:343,0
DA:344,0
DA:349,0
DA:350,0
DA:354,0
DA:355,0
DA:356,0
DA:357,0
DA:361,0
DA:363,0
DA:368,0
DA:369,0
DA:370,0
DA:371,0
DA:375,0
DA:376,0
DA:377,0
DA:378,0
DA:379,0
DA:380,0
DA:381,0
DA:382,0
DA:383,0
DA:384,0
DA:385,0
DA:386,0
DA:387,0
DA:388,0
DA:389,0
DA:393,0
DA:394,0
DA:395,0
DA:396,0
DA:397,0
DA:399,0
DA:404,0
DA:405,0
DA:406,0
DA:407,0
DA:408,0
DA:410,0
DA:414,0
DA:458,0
LF:208
LH:2
BRDA:58,0,0,0
BRDA:58,0,1,0
BRDA:60,1,0,0
BRDA:60,1,1,0
BRDA:61,2,0,0
BRDA:61,2,1,0
BRDA:77,3,0,0
BRDA:77,3,1,0
BRDA:90,4,0,0
BRDA:90,4,1,0
BRDA:93,5,0,0
BRDA:93,5,1,0
BRDA:111,6,0,0
BRDA:111,6,1,0
BRDA:120,7,0,0
BRDA:120,7,1,0
BRDA:129,8,0,0
BRDA:129,8,1,0
BRDA:145,9,0,0
BRDA:145,9,1,0
BRDA:153,10,0,0
BRDA:153,10,1,0
BRDA:160,11,0,0
BRDA:160,11,1,0
BRDA:164,12,0,0
BRDA:164,12,1,0
BRDA:164,13,0,0
BRDA:164,13,1,0
BRDA:165,14,0,0
BRDA:165,14,1,0
BRDA:166,15,0,0
BRDA:166,15,1,0
BRDA:178,16,0,0
BRDA:178,16,1,0
BRDA:192,17,0,0
BRDA:192,17,1,0
BRDA:222,18,0,0
BRDA:222,18,1,0
BRDA:231,19,0,0
BRDA:231,19,1,0
BRDA:253,20,0,0
BRDA:253,20,1,0
BRDA:258,21,0,0
BRDA:258,21,1,0
BRDA:273,22,0,0
BRDA:273,22,1,0
BRDA:278,23,0,0
BRDA:278,23,1,0
BRDA:289,24,0,0
BRDA:289,24,1,0
BRDA:302,25,0,0
BRDA:302,25,1,0
BRDA:330,26,0,0
BRDA:330,26,1,0
BRDA:330,27,0,0
BRDA:330,27,1,0
BRDA:338,28,0,0
BRDA:338,28,1,0
BRDA:338,29,0,0
BRDA:338,29,1,0
BRDA:396,30,0,0
BRDA:396,30,1,0
BRF:62
BRH:0
end_of_record
