<?xml version="1.0" encoding="UTF-8"?>
<coverage generated="1775447096731" clover="3.2.0">
  <project timestamp="1775447096731" name="All files">
    <metrics statements="265" coveredstatements="264" conditionals="156" coveredconditionals="132" methods="50" coveredmethods="49" elements="471" coveredelements="445" complexity="0" loc="265" ncloc="265" packages="2" files="9" classes="9"/>
    <package name="config">
      <metrics statements="7" coveredstatements="6" conditionals="36" coveredconditionals="19" methods="1" coveredmethods="1"/>
      <file name="env.ts" path="C:\Users\masou\OneDrive\spring26\Reddit-AI-Debate-Analyzer\backend\src\config\env.ts">
        <metrics statements="7" coveredstatements="6" conditionals="36" coveredconditionals="19" methods="1" coveredmethods="1"/>
        <line num="1" count="3" type="stmt"/>
        <line num="2" count="3" type="stmt"/>
        <line num="4" count="3" type="stmt"/>
        <line num="15" count="3" type="stmt"/>
        <line num="16" count="3" type="cond" truecount="2" falsecount="2"/>
        <line num="17" count="0" type="stmt"/>
        <line num="19" count="3" type="cond" truecount="1" falsecount="1"/>
      </file>
    </package>
    <package name="services">
      <metrics statements="258" coveredstatements="258" conditionals="120" coveredconditionals="113" methods="49" coveredmethods="48"/>
      <file name="CircularLogicDetector.ts" path="C:\Users\masou\OneDrive\spring26\Reddit-AI-Debate-Analyzer\backend\src\services\CircularLogicDetector.ts">
        <metrics statements="23" coveredstatements="23" conditionals="10" coveredconditionals="10" methods="5" coveredmethods="5"/>
        <line num="6" count="3" type="stmt"/>
        <line num="8" count="18" type="stmt"/>
        <line num="9" count="38" type="stmt"/>
        <line num="11" count="18" type="cond" truecount="2" falsecount="0"/>
        <line num="14" count="6" type="stmt"/>
        <line num="15" count="12" type="stmt"/>
        <line num="16" count="6" type="stmt"/>
        <line num="17" count="6" type="cond" truecount="2" falsecount="0"/>
        <line num="18" count="1" type="stmt"/>
        <line num="19" count="1" type="stmt"/>
        <line num="33" count="6" type="stmt"/>
        <line num="39" count="6" type="stmt"/>
        <line num="40" count="18" type="stmt"/>
        <line num="41" count="18" type="cond" truecount="4" falsecount="0"/>
        <line num="42" count="3" type="stmt"/>
        <line num="54" count="6" type="stmt"/>
        <line num="58" count="6" type="stmt"/>
        <line num="59" count="6" type="stmt"/>
        <line num="60" count="6" type="stmt"/>
        <line num="61" count="6" type="stmt"/>
        <line num="62" count="32" type="cond" truecount="2" falsecount="0"/>
        <line num="64" count="6" type="stmt"/>
        <line num="68" count="4" type="stmt"/>
      </file>
      <file name="InMemoryCacheService.ts" path="C:\Users\masou\OneDrive\spring26\Reddit-AI-Debate-Analyzer\backend\src\services\InMemoryCacheService.ts">
        <metrics statements="43" coveredstatements="43" conditionals="27" coveredconditionals="22" methods="9" coveredmethods="8"/>
        <line num="12" count="3" type="stmt"/>
        <line num="19" count="31" type="stmt"/>
        <line num="20" count="31" type="stmt"/>
        <line num="21" count="31" type="stmt"/>
        <line num="22" count="31" type="stmt"/>
        <line num="23" count="31" type="stmt"/>
        <line num="27" count="34" type="stmt"/>
        <line num="28" count="34" type="cond" truecount="2" falsecount="0"/>
        <line num="29" count="11" type="cond" truecount="2" falsecount="0"/>
        <line num="30" count="1" type="stmt"/>
        <line num="31" count="1" type="stmt"/>
        <line num="33" count="10" type="stmt"/>
        <line num="37" count="33" type="cond" truecount="4" falsecount="0"/>
        <line num="38" count="1" type="stmt"/>
        <line num="39" count="1" type="cond" truecount="1" falsecount="1"/>
        <line num="41" count="1" type="stmt"/>
        <line num="42" count="1" type="cond" truecount="1" falsecount="1"/>
        <line num="43" count="1" type="stmt"/>
        <line num="47" count="33" type="stmt"/>
        <line num="51" count="33" type="stmt"/>
        <line num="55" count="2" type="stmt"/>
        <line num="59" count="3" type="stmt"/>
        <line num="60" count="3" type="cond" truecount="2" falsecount="0"/>
        <line num="61" count="2" type="cond" truecount="2" falsecount="0"/>
        <line num="62" count="1" type="stmt"/>
        <line num="63" count="1" type="stmt"/>
        <line num="65" count="1" type="stmt"/>
        <line num="69" count="2" type="stmt"/>
        <line num="70" count="2" type="stmt"/>
        <line num="71" count="6" type="cond" truecount="2" falsecount="0"/>
        <line num="72" count="2" type="stmt"/>
        <line num="78" count="32" type="cond" truecount="2" falsecount="0"/>
        <line num="79" count="31" type="stmt"/>
        <line num="80" count="31" type="stmt"/>
        <line num="82" count="32" type="stmt"/>
        <line num="86" count="64" type="cond" truecount="1" falsecount="1"/>
        <line num="87" count="64" type="stmt"/>
        <line num="88" count="64" type="stmt"/>
        <line num="89" count="64" type="stmt"/>
        <line num="91" count="64" type="stmt"/>
        <line num="92" count="42" type="stmt"/>
        <line num="93" count="42" type="cond" truecount="2" falsecount="0"/>
        <line num="95" count="42" type="stmt"/>
      </file>
      <file name="MockAIAnalysisService.ts" path="C:\Users\masou\OneDrive\spring26\Reddit-AI-Debate-Analyzer\backend\src\services\MockAIAnalysisService.ts">
        <metrics statements="7" coveredstatements="7" conditionals="6" coveredconditionals="6" methods="4" coveredmethods="4"/>
        <line num="10" count="4" type="stmt"/>
        <line num="12" count="5" type="stmt"/>
        <line num="19" count="5" type="cond" truecount="4" falsecount="0"/>
        <line num="20" count="5" type="stmt"/>
        <line num="33" count="3" type="stmt"/>
        <line num="37" count="4" type="cond" truecount="2" falsecount="0"/>
        <line num="38" count="4" type="stmt"/>
      </file>
      <file name="ReasoningSummaryService.ts" path="C:\Users\masou\OneDrive\spring26\Reddit-AI-Debate-Analyzer\backend\src\services\ReasoningSummaryService.ts">
        <metrics statements="34" coveredstatements="34" conditionals="10" coveredconditionals="8" methods="5" coveredmethods="5"/>
        <line num="8" count="1" type="stmt"/>
        <line num="10" count="1" type="stmt"/>
        <line num="12" count="7" type="stmt"/>
        <line num="13" count="7" type="stmt"/>
        <line num="14" count="7" type="stmt"/>
        <line num="15" count="7" type="stmt"/>
        <line num="19" count="6" type="stmt"/>
        <line num="22" count="6" type="stmt"/>
        <line num="23" count="6" type="cond" truecount="2" falsecount="0"/>
        <line num="26" count="4" type="stmt"/>
        <line num="27" count="4" type="cond" truecount="2" falsecount="0"/>
        <line num="28" count="2" type="stmt"/>
        <line num="29" count="2" type="stmt"/>
        <line num="30" count="2" type="stmt"/>
        <line num="34" count="2" type="stmt"/>
        <line num="35" count="2" type="cond" truecount="2" falsecount="0"/>
        <line num="36" count="1" type="stmt"/>
        <line num="37" count="1" type="stmt"/>
        <line num="38" count="1" type="stmt"/>
        <line num="39" count="1" type="stmt"/>
        <line num="42" count="1" type="stmt"/>
        <line num="46" count="2" type="stmt"/>
        <line num="48" count="2" type="stmt"/>
        <line num="52" count="2" type="stmt"/>
        <line num="53" count="2" type="stmt"/>
        <line num="55" count="2" type="cond" truecount="1" falsecount="1"/>
        <line num="57" count="2" type="stmt"/>
        <line num="65" count="2" type="stmt"/>
        <line num="66" count="2" type="stmt"/>
        <line num="67" count="2" type="stmt"/>
        <line num="71" count="1" type="stmt"/>
        <line num="72" count="1" type="stmt"/>
        <line num="73" count="1" type="stmt"/>
        <line num="77" count="4" type="stmt"/>
      </file>
      <file name="UnsupportedClaimsDetector.ts" path="C:\Users\masou\OneDrive\spring26\Reddit-AI-Debate-Analyzer\backend\src\services\UnsupportedClaimsDetector.ts">
        <metrics statements="13" coveredstatements="13" conditionals="6" coveredconditionals="6" methods="3" coveredmethods="3"/>
        <line num="7" count="3" type="stmt"/>
        <line num="8" count="56" type="stmt"/>
        <line num="11" count="20" type="stmt"/>
        <line num="14" count="20" type="stmt"/>
        <line num="25" count="20" type="stmt"/>
        <line num="26" count="40" type="stmt"/>
        <line num="27" count="40" type="cond" truecount="4" falsecount="0"/>
        <line num="29" count="9" type="stmt"/>
        <line num="33" count="9" type="stmt"/>
        <line num="35" count="9" type="cond" truecount="2" falsecount="0"/>
        <line num="36" count="7" type="stmt"/>
        <line num="49" count="20" type="stmt"/>
        <line num="53" count="7" type="stmt"/>
      </file>
      <file name="WeakEvidenceDetector.ts" path="C:\Users\masou\OneDrive\spring26\Reddit-AI-Debate-Analyzer\backend\src\services\WeakEvidenceDetector.ts">
        <metrics statements="9" coveredstatements="9" conditionals="4" coveredconditionals="4" methods="2" coveredmethods="2"/>
        <line num="6" count="3" type="stmt"/>
        <line num="8" count="21" type="stmt"/>
        <line num="11" count="21" type="stmt"/>
        <line num="34" count="21" type="stmt"/>
        <line num="35" count="105" type="stmt"/>
        <line num="36" count="105" type="cond" truecount="4" falsecount="0"/>
        <line num="37" count="12" type="stmt"/>
        <line num="49" count="21" type="stmt"/>
        <line num="53" count="12" type="stmt"/>
      </file>
      <file name="WritingFeedbackService.ts" path="C:\Users\masou\OneDrive\spring26\Reddit-AI-Debate-Analyzer\backend\src\services\WritingFeedbackService.ts">
        <metrics statements="56" coveredstatements="56" conditionals="21" coveredconditionals="21" methods="9" coveredmethods="9"/>
        <line num="1" count="2" type="stmt"/>
        <line num="9" count="2" type="stmt"/>
        <line num="10" count="2" type="stmt"/>
        <line num="11" count="2" type="stmt"/>
        <line num="12" count="2" type="stmt"/>
        <line num="14" count="2" type="stmt"/>
        <line num="20" count="47" type="stmt"/>
        <line num="21" count="47" type="stmt"/>
        <line num="22" count="47" type="stmt"/>
        <line num="24" count="47" type="stmt"/>
        <line num="25" count="47" type="stmt"/>
        <line num="26" count="47" type="stmt"/>
        <line num="30" count="21" type="stmt"/>
        <line num="31" count="21" type="stmt"/>
        <line num="34" count="21" type="stmt"/>
        <line num="35" count="21" type="cond" truecount="2" falsecount="0"/>
        <line num="38" count="18" type="stmt"/>
        <line num="44" count="18" type="stmt"/>
        <line num="45" count="18" type="stmt"/>
        <line num="48" count="18" type="stmt"/>
        <line num="50" count="18" type="stmt"/>
        <line num="54" count="5" type="stmt"/>
        <line num="57" count="5" type="stmt"/>
        <line num="67" count="5" type="stmt"/>
        <line num="71" count="21" type="stmt"/>
        <line num="72" count="21" type="stmt"/>
        <line num="73" count="21" type="stmt"/>
        <line num="75" count="21" type="stmt"/>
        <line num="81" count="16" type="stmt"/>
        <line num="88" count="28" type="cond" truecount="2" falsecount="0"/>
        <line num="89" count="14" type="stmt"/>
        <line num="90" count="14" type="stmt"/>
        <line num="91" count="14" type="stmt"/>
        <line num="92" count="33" type="cond" truecount="2" falsecount="0"/>
        <line num="94" count="14" type="stmt"/>
        <line num="98" count="27" type="stmt"/>
        <line num="100" count="27" type="stmt"/>
        <line num="101" count="23" type="cond" truecount="3" falsecount="0"/>
        <line num="103" count="8" type="stmt"/>
        <line num="109" count="8" type="stmt"/>
        <line num="111" count="8" type="stmt"/>
        <line num="117" count="8" type="stmt"/>
        <line num="119" count="6" type="stmt"/>
        <line num="125" count="6" type="stmt"/>
        <line num="129" count="27" type="stmt"/>
        <line num="133" count="30" type="stmt"/>
        <line num="136" count="30" type="cond" truecount="2" falsecount="0"/>
        <line num="137" count="5" type="stmt"/>
        <line num="141" count="30" type="cond" truecount="2" falsecount="0"/>
        <line num="142" count="5" type="stmt"/>
        <line num="146" count="30" type="cond" truecount="2" falsecount="0"/>
        <line num="147" count="2" type="stmt"/>
        <line num="150" count="30" type="cond" truecount="2" falsecount="0"/>
        <line num="151" count="20" type="stmt"/>
        <line num="154" count="30" type="stmt"/>
        <line num="158" count="26" type="stmt"/>
      </file>
      <file name="WritingFeedbackSessionManager.ts" path="C:\Users\masou\OneDrive\spring26\Reddit-AI-Debate-Analyzer\backend\src\services\WritingFeedbackSessionManager.ts">
        <metrics statements="73" coveredstatements="73" conditionals="36" coveredconditionals="36" methods="12" coveredmethods="12"/>
        <line num="15" count="2" type="stmt"/>
        <line num="21" count="55" type="stmt"/>
        <line num="22" count="55" type="stmt"/>
        <line num="23" count="55" type="stmt"/>
        <line num="24" count="55" type="stmt"/>
        <line num="28" count="81" type="cond" truecount="4" falsecount="0"/>
        <line num="29" count="4" type="stmt"/>
        <line num="30" count="4" type="cond" truecount="2" falsecount="0"/>
        <line num="31" count="3" type="stmt"/>
        <line num="34" count="78" type="stmt"/>
        <line num="41" count="78" type="stmt"/>
        <line num="42" count="78" type="stmt"/>
        <line num="46" count="3" type="stmt"/>
        <line num="47" count="3" type="stmt"/>
        <line num="51" count="7" type="stmt"/>
        <line num="52" count="7" type="cond" truecount="2" falsecount="0"/>
        <line num="53" count="5" type="stmt"/>
        <line num="54" count="5" type="stmt"/>
        <line num="55" count="5" type="stmt"/>
        <line num="56" count="5" type="stmt"/>
        <line num="60" count="6" type="stmt"/>
        <line num="61" count="6" type="cond" truecount="2" falsecount="0"/>
        <line num="62" count="5" type="stmt"/>
        <line num="63" count="5" type="stmt"/>
        <line num="64" count="5" type="stmt"/>
        <line num="65" count="5" type="stmt"/>
        <line num="66" count="5" type="stmt"/>
        <line num="70" count="12" type="stmt"/>
        <line num="71" count="12" type="cond" truecount="2" falsecount="0"/>
        <line num="72" count="10" type="stmt"/>
        <line num="73" count="10" type="stmt"/>
        <line num="74" count="10" type="stmt"/>
        <line num="75" count="10" type="stmt"/>
        <line num="79" count="12" type="stmt"/>
        <line num="80" count="12" type="cond" truecount="2" falsecount="0"/>
        <line num="81" count="10" type="cond" truecount="2" falsecount="0"/>
        <line num="82" count="9" type="stmt"/>
        <line num="86" count="28" type="stmt"/>
        <line num="87" count="28" type="cond" truecount="2" falsecount="0"/>
        <line num="88" count="23" type="cond" truecount="2" falsecount="0"/>
        <line num="89" count="2" type="stmt"/>
        <line num="90" count="2" type="stmt"/>
        <line num="92" count="21" type="stmt"/>
        <line num="96" count="15" type="stmt"/>
        <line num="97" count="15" type="stmt"/>
        <line num="98" count="15" type="stmt"/>
        <line num="99" count="15" type="cond" truecount="2" falsecount="0"/>
        <line num="100" count="12" type="stmt"/>
        <line num="103" count="15" type="stmt"/>
        <line num="107" count="8" type="stmt"/>
        <line num="108" count="8" type="stmt"/>
        <line num="109" count="8" type="stmt"/>
        <line num="110" count="25" type="cond" truecount="2" falsecount="0"/>
        <line num="111" count="7" type="stmt"/>
        <line num="112" count="7" type="stmt"/>
        <line num="115" count="8" type="stmt"/>
        <line num="116" count="8" type="stmt"/>
        <line num="120" count="3" type="stmt"/>
        <line num="121" count="3" type="cond" truecount="2" falsecount="0"/>
        <line num="122" count="2" type="stmt"/>
        <line num="123" count="2" type="stmt"/>
        <line num="128" count="164" type="cond" truecount="2" falsecount="0"/>
        <line num="129" count="162" type="stmt"/>
        <line num="130" count="162" type="stmt"/>
        <line num="131" count="162" type="stmt"/>
        <line num="132" count="162" type="stmt"/>
        <line num="133" count="227" type="stmt"/>
        <line num="134" count="227" type="stmt"/>
        <line num="135" count="227" type="stmt"/>
        <line num="136" count="227" type="cond" truecount="2" falsecount="0"/>
        <line num="137" count="5" type="cond" truecount="2" falsecount="0"/>
        <line num="138" count="5" type="cond" truecount="2" falsecount="0"/>
        <line num="139" count="5" type="stmt"/>
      </file>
    </package>
  </project>
</coverage>
