<?xml version="1.0" encoding="UTF-8"?>
<coverage generated="1775401048516" clover="3.2.0">
  <project timestamp="1775401048516" name="All files">
    <metrics statements="181" coveredstatements="139" conditionals="113" coveredconditionals="76" methods="32" coveredmethods="23" elements="326" coveredelements="238" complexity="0" loc="181" ncloc="181" packages="2" files="6" classes="6"/>
    <package name="config">
      <metrics statements="7" coveredstatements="6" conditionals="36" coveredconditionals="19" methods="1" coveredmethods="1"/>
      <file name="env.ts" path="C:\Users\masou\OneDrive\spring26\Reddit-AI-Debate-Analyzer\backend\src\config\env.ts">
        <metrics statements="7" coveredstatements="6" conditionals="36" coveredconditionals="19" methods="1" coveredmethods="1"/>
        <line num="1" count="1" type="stmt"/>
        <line num="2" count="1" type="stmt"/>
        <line num="4" count="1" type="stmt"/>
        <line num="15" count="1" type="stmt"/>
        <line num="16" count="1" type="cond" truecount="2" falsecount="2"/>
        <line num="17" count="0" type="stmt"/>
        <line num="19" count="1" type="cond" truecount="1" falsecount="1"/>
      </file>
    </package>
    <package name="services">
      <metrics statements="174" coveredstatements="133" conditionals="77" coveredconditionals="57" methods="31" coveredmethods="22"/>
      <file name="CircularLogicDetector.ts" path="C:\Users\masou\OneDrive\spring26\Reddit-AI-Debate-Analyzer\backend\src\services\CircularLogicDetector.ts">
        <metrics statements="23" coveredstatements="1" conditionals="10" coveredconditionals="0" methods="5" coveredmethods="0"/>
        <line num="6" count="1" type="stmt"/>
        <line num="8" count="0" type="stmt"/>
        <line num="9" count="0" type="stmt"/>
        <line num="11" count="0" type="cond" truecount="0" falsecount="2"/>
        <line num="14" count="0" type="stmt"/>
        <line num="15" count="0" type="stmt"/>
        <line num="16" count="0" type="stmt"/>
        <line num="17" count="0" type="cond" truecount="0" falsecount="2"/>
        <line num="18" count="0" type="stmt"/>
        <line num="19" count="0" type="stmt"/>
        <line num="33" count="0" type="stmt"/>
        <line num="39" count="0" type="stmt"/>
        <line num="40" count="0" type="stmt"/>
        <line num="41" count="0" type="cond" truecount="0" falsecount="4"/>
        <line num="42" count="0" type="stmt"/>
        <line num="54" count="0" type="stmt"/>
        <line num="58" count="0" type="stmt"/>
        <line num="59" count="0" type="stmt"/>
        <line num="60" count="0" type="stmt"/>
        <line num="61" count="0" type="stmt"/>
        <line num="62" count="0" type="cond" truecount="0" falsecount="2"/>
        <line num="64" count="0" type="stmt"/>
        <line num="68" count="0" type="stmt"/>
      </file>
      <file name="UnsupportedClaimsDetector.ts" path="C:\Users\masou\OneDrive\spring26\Reddit-AI-Debate-Analyzer\backend\src\services\UnsupportedClaimsDetector.ts">
        <metrics statements="13" coveredstatements="2" conditionals="6" coveredconditionals="0" methods="3" coveredmethods="1"/>
        <line num="7" count="1" type="stmt"/>
        <line num="8" count="36" type="stmt"/>
        <line num="11" count="0" type="stmt"/>
        <line num="14" count="0" type="stmt"/>
        <line num="25" count="0" type="stmt"/>
        <line num="26" count="0" type="stmt"/>
        <line num="27" count="0" type="cond" truecount="0" falsecount="4"/>
        <line num="29" count="0" type="stmt"/>
        <line num="33" count="0" type="stmt"/>
        <line num="35" count="0" type="cond" truecount="0" falsecount="2"/>
        <line num="36" count="0" type="stmt"/>
        <line num="49" count="0" type="stmt"/>
        <line num="53" count="0" type="stmt"/>
      </file>
      <file name="WeakEvidenceDetector.ts" path="C:\Users\masou\OneDrive\spring26\Reddit-AI-Debate-Analyzer\backend\src\services\WeakEvidenceDetector.ts">
        <metrics statements="9" coveredstatements="1" conditionals="4" coveredconditionals="0" methods="2" coveredmethods="0"/>
        <line num="6" count="1" type="stmt"/>
        <line num="8" count="0" type="stmt"/>
        <line num="11" count="0" type="stmt"/>
        <line num="34" count="0" type="stmt"/>
        <line num="35" count="0" type="stmt"/>
        <line num="36" count="0" type="cond" truecount="0" falsecount="4"/>
        <line num="37" count="0" type="stmt"/>
        <line num="49" count="0" type="stmt"/>
        <line num="53" count="0" type="stmt"/>
      </file>
      <file name="WritingFeedbackService.ts" path="C:\Users\masou\OneDrive\spring26\Reddit-AI-Debate-Analyzer\backend\src\services\WritingFeedbackService.ts">
        <metrics statements="56" coveredstatements="56" conditionals="21" coveredconditionals="21" methods="9" coveredmethods="9"/>
        <line num="1" count="1" type="stmt"/>
        <line num="9" count="1" type="stmt"/>
        <line num="10" count="1" type="stmt"/>
        <line num="11" count="1" type="stmt"/>
        <line num="12" count="1" type="stmt"/>
        <line num="14" count="1" type="stmt"/>
        <line num="20" count="36" type="stmt"/>
        <line num="21" count="36" type="stmt"/>
        <line num="22" count="36" type="stmt"/>
        <line num="24" count="36" type="stmt"/>
        <line num="25" count="36" type="stmt"/>
        <line num="26" count="36" type="stmt"/>
        <line num="30" count="9" type="stmt"/>
        <line num="31" count="9" type="stmt"/>
        <line num="34" count="9" type="stmt"/>
        <line num="35" count="9" type="cond" truecount="2" falsecount="0"/>
        <line num="38" count="7" type="stmt"/>
        <line num="44" count="7" type="stmt"/>
        <line num="45" count="7" type="stmt"/>
        <line num="48" count="7" type="stmt"/>
        <line num="50" count="7" type="stmt"/>
        <line num="54" count="3" type="stmt"/>
        <line num="57" count="3" type="stmt"/>
        <line num="67" count="3" type="stmt"/>
        <line num="71" count="10" type="stmt"/>
        <line num="72" count="10" type="stmt"/>
        <line num="73" count="10" type="stmt"/>
        <line num="75" count="10" type="stmt"/>
        <line num="81" count="10" type="stmt"/>
        <line num="88" count="17" type="cond" truecount="2" falsecount="0"/>
        <line num="89" count="10" type="stmt"/>
        <line num="90" count="10" type="stmt"/>
        <line num="91" count="10" type="stmt"/>
        <line num="92" count="27" type="cond" truecount="2" falsecount="0"/>
        <line num="94" count="10" type="stmt"/>
        <line num="98" count="16" type="stmt"/>
        <line num="100" count="16" type="stmt"/>
        <line num="101" count="17" type="cond" truecount="3" falsecount="0"/>
        <line num="103" count="8" type="stmt"/>
        <line num="109" count="8" type="stmt"/>
        <line num="111" count="4" type="stmt"/>
        <line num="117" count="4" type="stmt"/>
        <line num="119" count="4" type="stmt"/>
        <line num="125" count="4" type="stmt"/>
        <line num="129" count="16" type="stmt"/>
        <line num="133" count="19" type="stmt"/>
        <line num="136" count="19" type="cond" truecount="2" falsecount="0"/>
        <line num="137" count="4" type="stmt"/>
        <line num="141" count="19" type="cond" truecount="2" falsecount="0"/>
        <line num="142" count="4" type="stmt"/>
        <line num="146" count="19" type="cond" truecount="2" falsecount="0"/>
        <line num="147" count="2" type="stmt"/>
        <line num="150" count="19" type="cond" truecount="2" falsecount="0"/>
        <line num="151" count="11" type="stmt"/>
        <line num="154" count="19" type="stmt"/>
        <line num="158" count="14" type="stmt"/>
      </file>
      <file name="WritingFeedbackSessionManager.ts" path="C:\Users\masou\OneDrive\spring26\Reddit-AI-Debate-Analyzer\backend\src\services\WritingFeedbackSessionManager.ts">
        <metrics statements="73" coveredstatements="73" conditionals="36" coveredconditionals="36" methods="12" coveredmethods="12"/>
        <line num="15" count="1" type="stmt"/>
        <line num="21" count="35" type="stmt"/>
        <line num="22" count="35" type="stmt"/>
        <line num="23" count="35" type="stmt"/>
        <line num="24" count="35" type="stmt"/>
        <line num="28" count="45" type="cond" truecount="4" falsecount="0"/>
        <line num="29" count="3" type="stmt"/>
        <line num="30" count="3" type="cond" truecount="2" falsecount="0"/>
        <line num="31" count="2" type="stmt"/>
        <line num="34" count="43" type="stmt"/>
        <line num="41" count="43" type="stmt"/>
        <line num="42" count="43" type="stmt"/>
        <line num="46" count="2" type="stmt"/>
        <line num="47" count="2" type="stmt"/>
        <line num="51" count="4" type="stmt"/>
        <line num="52" count="4" type="cond" truecount="2" falsecount="0"/>
        <line num="53" count="3" type="stmt"/>
        <line num="54" count="3" type="stmt"/>
        <line num="55" count="3" type="stmt"/>
        <line num="56" count="3" type="stmt"/>
        <line num="60" count="4" type="stmt"/>
        <line num="61" count="4" type="cond" truecount="2" falsecount="0"/>
        <line num="62" count="3" type="stmt"/>
        <line num="63" count="3" type="stmt"/>
        <line num="64" count="3" type="stmt"/>
        <line num="65" count="3" type="stmt"/>
        <line num="66" count="3" type="stmt"/>
        <line num="70" count="8" type="stmt"/>
        <line num="71" count="8" type="cond" truecount="2" falsecount="0"/>
        <line num="72" count="7" type="stmt"/>
        <line num="73" count="7" type="stmt"/>
        <line num="74" count="7" type="stmt"/>
        <line num="75" count="7" type="stmt"/>
        <line num="79" count="8" type="stmt"/>
        <line num="80" count="8" type="cond" truecount="2" falsecount="0"/>
        <line num="81" count="7" type="cond" truecount="2" falsecount="0"/>
        <line num="82" count="6" type="stmt"/>
        <line num="86" count="19" type="stmt"/>
        <line num="87" count="19" type="cond" truecount="2" falsecount="0"/>
        <line num="88" count="16" type="cond" truecount="2" falsecount="0"/>
        <line num="89" count="1" type="stmt"/>
        <line num="90" count="1" type="stmt"/>
        <line num="92" count="15" type="stmt"/>
        <line num="96" count="12" type="stmt"/>
        <line num="97" count="12" type="stmt"/>
        <line num="98" count="12" type="stmt"/>
        <line num="99" count="11" type="cond" truecount="2" falsecount="0"/>
        <line num="100" count="8" type="stmt"/>
        <line num="103" count="12" type="stmt"/>
        <line num="107" count="6" type="stmt"/>
        <line num="108" count="6" type="stmt"/>
        <line num="109" count="6" type="stmt"/>
        <line num="110" count="14" type="cond" truecount="2" falsecount="0"/>
        <line num="111" count="6" type="stmt"/>
        <line num="112" count="6" type="stmt"/>
        <line num="115" count="6" type="stmt"/>
        <line num="116" count="6" type="stmt"/>
        <line num="120" count="2" type="stmt"/>
        <line num="121" count="2" type="cond" truecount="2" falsecount="0"/>
        <line num="122" count="1" type="stmt"/>
        <line num="123" count="1" type="stmt"/>
        <line num="128" count="99" type="cond" truecount="2" falsecount="0"/>
        <line num="129" count="97" type="stmt"/>
        <line num="130" count="97" type="stmt"/>
        <line num="131" count="97" type="stmt"/>
        <line num="132" count="97" type="stmt"/>
        <line num="133" count="84" type="stmt"/>
        <line num="134" count="84" type="stmt"/>
        <line num="135" count="84" type="stmt"/>
        <line num="136" count="84" type="cond" truecount="2" falsecount="0"/>
        <line num="137" count="3" type="cond" truecount="2" falsecount="0"/>
        <line num="138" count="3" type="cond" truecount="2" falsecount="0"/>
        <line num="139" count="3" type="stmt"/>
      </file>
    </package>
  </project>
</coverage>
