{"C:\\Users\\masou\\OneDrive\\spring26\\Reddit-AI-Debate-Analyzer\\backend\\src\\config\\env.ts": {"path":"C:\\Users\\masou\\OneDrive\\spring26\\Reddit-AI-Debate-Analyzer\\backend\\src\\config\\env.ts","statementMap":{"0":{"start":{"line":1,"column":0},"end":{"line":1,"column":28}},"1":{"start":{"line":2,"column":0},"end":{"line":2,"column":16}},"2":{"start":{"line":4,"column":13},"end":{"line":33,"column":2}},"3":{"start":{"line":15,"column":19},"end":{"line":15,"column":41}},"4":{"start":{"line":16,"column":4},"end":{"line":18,"column":5}},"5":{"start":{"line":17,"column":6},"end":{"line":17,"column":62}},"6":{"start":{"line":19,"column":4},"end":{"line":19,"column":55}}},"fnMap":{"0":{"name":"(anonymous_1)","decl":{"start":{"line":14,"column":15},"end":{"line":14,"column":18}},"loc":{"start":{"line":14,"column":20},"end":{"line":20,"column":3}}}},"branchMap":{"0":{"loc":{"start":{"line":5,"column":17},"end":{"line":5,"column":43}},"type":"binary-expr","locations":[{"start":{"line":5,"column":17},"end":{"line":5,"column":33}},{"start":{"line":5,"column":37},"end":{"line":5,"column":43}}]},"1":{"loc":{"start":{"line":6,"column":12},"end":{"line":6,"column":49}},"type":"binary-expr","locations":[{"start":{"line":6,"column":12},"end":{"line":6,"column":32}},{"start":{"line":6,"column":36},"end":{"line":6,"column":49}}]},"2":{"loc":{"start":{"line":8,"column":11},"end":{"line":8,"column":45}},"type":"binary-expr","locations":[{"start":{"line":8,"column":11},"end":{"line":8,"column":30}},{"start":{"line":8,"column":34},"end":{"line":8,"column":45}}]},"3":{"loc":{"start":{"line":9,"column":20},"end":{"line":9,"column":49}},"type":"binary-expr","locations":[{"start":{"line":9,"column":20},"end":{"line":9,"column":39}},{"start":{"line":9,"column":43},"end":{"line":9,"column":49}}]},"4":{"loc":{"start":{"line":10,"column":11},"end":{"line":10,"column":52}},"type":"binary-expr","locations":[{"start":{"line":10,"column":11},"end":{"line":10,"column":30}},{"start":{"line":10,"column":34},"end":{"line":10,"column":52}}]},"5":{"loc":{"start":{"line":11,"column":11},"end":{"line":11,"column":44}},"type":"binary-expr","locations":[{"start":{"line":11,"column":11},"end":{"line":11,"column":30}},{"start":{"line":11,"column":34},"end":{"line":11,"column":44}}]},"6":{"loc":{"start":{"line":12,"column":15},"end":{"line":12,"column":52}},"type":"binary-expr","locations":[{"start":{"line":12,"column":15},"end":{"line":12,"column":38}},{"start":{"line":12,"column":42},"end":{"line":12,"column":52}}]},"7":{"loc":{"start":{"line":16,"column":4},"end":{"line":18,"column":5}},"type":"if","locations":[{"start":{"line":16,"column":4},"end":{"line":18,"column":5}},{"start":{},"end":{}}]},"8":{"loc":{"start":{"line":16,"column":8},"end":{"line":16,"column":56}},"type":"binary-expr","locations":[{"start":{"line":16,"column":8},"end":{"line":16,"column":15}},{"start":{"line":16,"column":19},"end":{"line":16,"column":56}}]},"9":{"loc":{"start":{"line":19,"column":11},"end":{"line":19,"column":54}},"type":"binary-expr","locations":[{"start":{"line":19,"column":11},"end":{"line":19,"column":17}},{"start":{"line":19,"column":21},"end":{"line":19,"column":54}}]},"10":{"loc":{"start":{"line":21,"column":18},"end":{"line":21,"column":52}},"type":"binary-expr","locations":[{"start":{"line":21,"column":18},"end":{"line":21,"column":44}},{"start":{"line":21,"column":48},"end":{"line":21,"column":52}}]},"11":{"loc":{"start":{"line":23,"column":18},"end":{"line":23,"column":50}},"type":"binary-expr","locations":[{"start":{"line":23,"column":18},"end":{"line":23,"column":44}},{"start":{"line":23,"column":48},"end":{"line":23,"column":50}}]},"12":{"loc":{"start":{"line":24,"column":16},"end":{"line":24,"column":51}},"type":"binary-expr","locations":[{"start":{"line":24,"column":16},"end":{"line":24,"column":40}},{"start":{"line":24,"column":44},"end":{"line":24,"column":51}}]},"13":{"loc":{"start":{"line":26,"column":20},"end":{"line":26,"column":54}},"type":"binary-expr","locations":[{"start":{"line":26,"column":20},"end":{"line":26,"column":48}},{"start":{"line":26,"column":52},"end":{"line":26,"column":54}}]},"14":{"loc":{"start":{"line":28,"column":32},"end":{"line":28,"column":74}},"type":"binary-expr","locations":[{"start":{"line":28,"column":32},"end":{"line":28,"column":63}},{"start":{"line":28,"column":67},"end":{"line":28,"column":74}}]},"15":{"loc":{"start":{"line":29,"column":31},"end":{"line":29,"column":71}},"type":"binary-expr","locations":[{"start":{"line":29,"column":31},"end":{"line":29,"column":61}},{"start":{"line":29,"column":65},"end":{"line":29,"column":71}}]},"16":{"loc":{"start":{"line":31,"column":33},"end":{"line":31,"column":76}},"type":"binary-expr","locations":[{"start":{"line":31,"column":33},"end":{"line":31,"column":65}},{"start":{"line":31,"column":69},"end":{"line":31,"column":76}}]},"17":{"loc":{"start":{"line":32,"column":36},"end":{"line":32,"column":80}},"type":"binary-expr","locations":[{"start":{"line":32,"column":36},"end":{"line":32,"column":71}},{"start":{"line":32,"column":75},"end":{"line":32,"column":80}}]}},"s":{"0":3,"1":3,"2":3,"3":3,"4":3,"5":0,"6":3},"f":{"0":3},"b":{"0":[3,0],"1":[3,0],"2":[3,0],"3":[3,0],"4":[3,0],"5":[3,0],"6":[3,0],"7":[0,3],"8":[3,0],"9":[3,0],"10":[3,0],"11":[3,0],"12":[3,0],"13":[3,3],"14":[3,0],"15":[3,0],"16":[3,0],"17":[3,0]}}
,"C:\\Users\\masou\\OneDrive\\spring26\\Reddit-AI-Debate-Analyzer\\backend\\src\\services\\CircularLogicDetector.ts": {"path":"C:\\Users\\masou\\OneDrive\\spring26\\Reddit-AI-Debate-Analyzer\\backend\\src\\services\\CircularLogicDetector.ts","statementMap":{"0":{"start":{"line":8,"column":28},"end":{"line":8,"column":30}},"1":{"start":{"line":9,"column":22},"end":{"line":9,"column":87}},"2":{"start":{"line":9,"column":52},"end":{"line":9,"column":60}},"3":{"start":{"line":9,"column":74},"end":{"line":9,"column":86}},"4":{"start":{"line":11,"column":4},"end":{"line":11,"column":44}},"5":{"start":{"line":11,"column":30},"end":{"line":11,"column":44}},"6":{"start":{"line":14,"column":4},"end":{"line":30,"column":5}},"7":{"start":{"line":14,"column":17},"end":{"line":14,"column":18}},"8":{"start":{"line":15,"column":6},"end":{"line":29,"column":7}},"9":{"start":{"line":15,"column":19},"end":{"line":15,"column":24}},"10":{"start":{"line":16,"column":24},"end":{"line":16,"column":71}},"11":{"start":{"line":17,"column":8},"end":{"line":28,"column":9}},"12":{"start":{"line":18,"column":24},"end":{"line":18,"column":50}},"13":{"start":{"line":19,"column":10},"end":{"line":27,"column":13}},"14":{"start":{"line":33,"column":28},"end":{"line":37,"column":6}},"15":{"start":{"line":39,"column":4},"end":{"line":52,"column":5}},"16":{"start":{"line":40,"column":20},"end":{"line":40,"column":38}},"17":{"start":{"line":41,"column":6},"end":{"line":51,"column":7}},"18":{"start":{"line":42,"column":8},"end":{"line":50,"column":11}},"19":{"start":{"line":54,"column":4},"end":{"line":54,"column":18}},"20":{"start":{"line":58,"column":19},"end":{"line":58,"column":56}},"21":{"start":{"line":59,"column":19},"end":{"line":59,"column":56}},"22":{"start":{"line":60,"column":23},"end":{"line":60,"column":24}},"23":{"start":{"line":61,"column":4},"end":{"line":63,"column":5}},"24":{"start":{"line":62,"column":6},"end":{"line":62,"column":40}},"25":{"start":{"line":62,"column":25},"end":{"line":62,"column":40}},"26":{"start":{"line":64,"column":4},"end":{"line":64,"column":61}},"27":{"start":{"line":68,"column":4},"end":{"line":68,"column":58}},"28":{"start":{"line":6,"column":0},"end":{"line":6,"column":13}}},"fnMap":{"0":{"name":"(anonymous_0)","decl":{"start":{"line":7,"column":2},"end":{"line":7,"column":7}},"loc":{"start":{"line":7,"column":27},"end":{"line":55,"column":3}}},"1":{"name":"(anonymous_1)","decl":{"start":{"line":9,"column":47},"end":{"line":9,"column":48}},"loc":{"start":{"line":9,"column":52},"end":{"line":9,"column":60}}},"2":{"name":"(anonymous_2)","decl":{"start":{"line":9,"column":69},"end":{"line":9,"column":70}},"loc":{"start":{"line":9,"column":74},"end":{"line":9,"column":86}}},"3":{"name":"(anonymous_3)","decl":{"start":{"line":57,"column":10},"end":{"line":57,"column":24}},"loc":{"start":{"line":57,"column":45},"end":{"line":65,"column":3}}},"4":{"name":"(anonymous_4)","decl":{"start":{"line":67,"column":10},"end":{"line":67,"column":23}},"loc":{"start":{"line":67,"column":54},"end":{"line":69,"column":3}}}},"branchMap":{"0":{"loc":{"start":{"line":11,"column":4},"end":{"line":11,"column":44}},"type":"if","locations":[{"start":{"line":11,"column":4},"end":{"line":11,"column":44}},{"start":{},"end":{}}]},"1":{"loc":{"start":{"line":17,"column":8},"end":{"line":28,"column":9}},"type":"if","locations":[{"start":{"line":17,"column":8},"end":{"line":28,"column":9}},{"start":{},"end":{}}]},"2":{"loc":{"start":{"line":41,"column":6},"end":{"line":51,"column":7}},"type":"if","locations":[{"start":{"line":41,"column":6},"end":{"line":51,"column":7}},{"start":{},"end":{}}]},"3":{"loc":{"start":{"line":41,"column":10},"end":{"line":41,"column":44}},"type":"binary-expr","locations":[{"start":{"line":41,"column":10},"end":{"line":41,"column":15}},{"start":{"line":41,"column":19},"end":{"line":41,"column":44}}]},"4":{"loc":{"start":{"line":62,"column":6},"end":{"line":62,"column":40}},"type":"if","locations":[{"start":{"line":62,"column":6},"end":{"line":62,"column":40}},{"start":{},"end":{}}]}},"s":{"0":18,"1":18,"2":38,"3":38,"4":18,"5":12,"6":6,"7":6,"8":12,"9":12,"10":6,"11":6,"12":1,"13":1,"14":6,"15":6,"16":18,"17":18,"18":3,"19":6,"20":6,"21":6,"22":6,"23":6,"24":32,"25":13,"26":6,"27":4,"28":3},"f":{"0":18,"1":38,"2":38,"3":6,"4":4},"b":{"0":[12,6],"1":[1,5],"2":[3,15],"3":[18,3],"4":[13,19]}}
,"C:\\Users\\masou\\OneDrive\\spring26\\Reddit-AI-Debate-Analyzer\\backend\\src\\services\\InMemoryCacheService.ts": {"path":"C:\\Users\\masou\\OneDrive\\spring26\\Reddit-AI-Debate-Analyzer\\backend\\src\\services\\InMemoryCacheService.ts","statementMap":{"0":{"start":{"line":19,"column":4},"end":{"line":19,"column":27}},"1":{"start":{"line":20,"column":4},"end":{"line":20,"column":33}},"2":{"start":{"line":21,"column":4},"end":{"line":21,"column":43}},"3":{"start":{"line":22,"column":4},"end":{"line":22,"column":88}},"4":{"start":{"line":22,"column":45},"end":{"line":22,"column":64}},"5":{"start":{"line":23,"column":4},"end":{"line":23,"column":20}},"6":{"start":{"line":27,"column":18},"end":{"line":27,"column":37}},"7":{"start":{"line":28,"column":4},"end":{"line":28,"column":28}},"8":{"start":{"line":28,"column":16},"end":{"line":28,"column":28}},"9":{"start":{"line":29,"column":4},"end":{"line":32,"column":5}},"10":{"start":{"line":30,"column":6},"end":{"line":30,"column":29}},"11":{"start":{"line":31,"column":6},"end":{"line":31,"column":18}},"12":{"start":{"line":33,"column":4},"end":{"line":33,"column":45}},"13":{"start":{"line":37,"column":4},"end":{"line":46,"column":5}},"14":{"start":{"line":38,"column":6},"end":{"line":38,"column":26}},"15":{"start":{"line":39,"column":6},"end":{"line":45,"column":7}},"16":{"start":{"line":41,"column":26},"end":{"line":41,"column":56}},"17":{"start":{"line":42,"column":8},"end":{"line":44,"column":9}},"18":{"start":{"line":43,"column":10},"end":{"line":43,"column":39}},"19":{"start":{"line":47,"column":4},"end":{"line":50,"column":7}},"20":{"start":{"line":51,"column":4},"end":{"line":51,"column":20}},"21":{"start":{"line":55,"column":4},"end":{"line":55,"column":27}},"22":{"start":{"line":59,"column":18},"end":{"line":59,"column":37}},"23":{"start":{"line":60,"column":4},"end":{"line":60,"column":29}},"24":{"start":{"line":60,"column":16},"end":{"line":60,"column":29}},"25":{"start":{"line":61,"column":4},"end":{"line":64,"column":5}},"26":{"start":{"line":62,"column":6},"end":{"line":62,"column":29}},"27":{"start":{"line":63,"column":6},"end":{"line":63,"column":19}},"28":{"start":{"line":65,"column":4},"end":{"line":65,"column":16}},"29":{"start":{"line":69,"column":16},"end":{"line":69,"column":26}},"30":{"start":{"line":70,"column":4},"end":{"line":74,"column":5}},"31":{"start":{"line":71,"column":6},"end":{"line":73,"column":7}},"32":{"start":{"line":72,"column":8},"end":{"line":72,"column":31}},"33":{"start":{"line":78,"column":4},"end":{"line":81,"column":5}},"34":{"start":{"line":79,"column":6},"end":{"line":79,"column":42}},"35":{"start":{"line":80,"column":6},"end":{"line":80,"column":34}},"36":{"start":{"line":82,"column":4},"end":{"line":82,"column":23}},"37":{"start":{"line":86,"column":4},"end":{"line":86,"column":54}},"38":{"start":{"line":86,"column":47},"end":{"line":86,"column":54}},"39":{"start":{"line":87,"column":4},"end":{"line":87,"column":71}},"40":{"start":{"line":88,"column":4},"end":{"line":88,"column":81}},"41":{"start":{"line":89,"column":4},"end":{"line":90,"column":70}},"42":{"start":{"line":91,"column":4},"end":{"line":97,"column":5}},"43":{"start":{"line":92,"column":6},"end":{"line":92,"column":68}},"44":{"start":{"line":93,"column":6},"end":{"line":94,"column":49}},"45":{"start":{"line":95,"column":6},"end":{"line":96,"column":55}},"46":{"start":{"line":12,"column":0},"end":{"line":12,"column":13}}},"fnMap":{"0":{"name":"(anonymous_0)","decl":{"start":{"line":18,"column":2},"end":{"line":18,"column":14}},"loc":{"start":{"line":18,"column":59},"end":{"line":24,"column":3}}},"1":{"name":"(anonymous_1)","decl":{"start":{"line":22,"column":39},"end":{"line":22,"column":42}},"loc":{"start":{"line":22,"column":45},"end":{"line":22,"column":64}}},"2":{"name":"(anonymous_2)","decl":{"start":{"line":26,"column":2},"end":{"line":26,"column":7}},"loc":{"start":{"line":26,"column":35},"end":{"line":34,"column":3}}},"3":{"name":"(anonymous_3)","decl":{"start":{"line":36,"column":2},"end":{"line":36,"column":7}},"loc":{"start":{"line":36,"column":57},"end":{"line":52,"column":3}}},"4":{"name":"(anonymous_4)","decl":{"start":{"line":54,"column":2},"end":{"line":54,"column":7}},"loc":{"start":{"line":54,"column":26},"end":{"line":56,"column":3}}},"5":{"name":"(anonymous_5)","decl":{"start":{"line":58,"column":2},"end":{"line":58,"column":7}},"loc":{"start":{"line":58,"column":26},"end":{"line":66,"column":3}}},"6":{"name":"(anonymous_6)","decl":{"start":{"line":68,"column":2},"end":{"line":68,"column":14}},"loc":{"start":{"line":68,"column":14},"end":{"line":75,"column":3}}},"7":{"name":"(anonymous_7)","decl":{"start":{"line":77,"column":2},"end":{"line":77,"column":9}},"loc":{"start":{"line":77,"column":9},"end":{"line":83,"column":3}}},"8":{"name":"(anonymous_8)","decl":{"start":{"line":85,"column":10},"end":{"line":85,"column":18}},"loc":{"start":{"line":85,"column":18},"end":{"line":98,"column":3}}}},"branchMap":{"0":{"loc":{"start":{"line":18,"column":14},"end":{"line":18,"column":33}},"type":"default-arg","locations":[{"start":{"line":18,"column":27},"end":{"line":18,"column":33}}]},"1":{"loc":{"start":{"line":18,"column":35},"end":{"line":18,"column":59}},"type":"default-arg","locations":[{"start":{"line":18,"column":53},"end":{"line":18,"column":59}}]},"2":{"loc":{"start":{"line":28,"column":4},"end":{"line":28,"column":28}},"type":"if","locations":[{"start":{"line":28,"column":4},"end":{"line":28,"column":28}},{"start":{},"end":{}}]},"3":{"loc":{"start":{"line":29,"column":4},"end":{"line":32,"column":5}},"type":"if","locations":[{"start":{"line":29,"column":4},"end":{"line":32,"column":5}},{"start":{},"end":{}}]},"4":{"loc":{"start":{"line":36,"column":40},"end":{"line":36,"column":57}},"type":"default-arg","locations":[{"start":{"line":36,"column":53},"end":{"line":36,"column":57}}]},"5":{"loc":{"start":{"line":37,"column":4},"end":{"line":46,"column":5}},"type":"if","locations":[{"start":{"line":37,"column":4},"end":{"line":46,"column":5}},{"start":{},"end":{}}]},"6":{"loc":{"start":{"line":37,"column":8},"end":{"line":37,"column":66}},"type":"binary-expr","locations":[{"start":{"line":37,"column":8},"end":{"line":37,"column":42}},{"start":{"line":37,"column":46},"end":{"line":37,"column":66}}]},"7":{"loc":{"start":{"line":39,"column":6},"end":{"line":45,"column":7}},"type":"if","locations":[{"start":{"line":39,"column":6},"end":{"line":45,"column":7}},{"start":{},"end":{}}]},"8":{"loc":{"start":{"line":42,"column":8},"end":{"line":44,"column":9}},"type":"if","locations":[{"start":{"line":42,"column":8},"end":{"line":44,"column":9}},{"start":{},"end":{}}]},"9":{"loc":{"start":{"line":60,"column":4},"end":{"line":60,"column":29}},"type":"if","locations":[{"start":{"line":60,"column":4},"end":{"line":60,"column":29}},{"start":{},"end":{}}]},"10":{"loc":{"start":{"line":61,"column":4},"end":{"line":64,"column":5}},"type":"if","locations":[{"start":{"line":61,"column":4},"end":{"line":64,"column":5}},{"start":{},"end":{}}]},"11":{"loc":{"start":{"line":71,"column":6},"end":{"line":73,"column":7}},"type":"if","locations":[{"start":{"line":71,"column":6},"end":{"line":73,"column":7}},{"start":{},"end":{}}]},"12":{"loc":{"start":{"line":78,"column":4},"end":{"line":81,"column":5}},"type":"if","locations":[{"start":{"line":78,"column":4},"end":{"line":81,"column":5}},{"start":{},"end":{}}]},"13":{"loc":{"start":{"line":86,"column":4},"end":{"line":86,"column":54}},"type":"if","locations":[{"start":{"line":86,"column":4},"end":{"line":86,"column":54}},{"start":{},"end":{}}]},"14":{"loc":{"start":{"line":93,"column":21},"end":{"line":93,"column":70}},"type":"binary-expr","locations":[{"start":{"line":93,"column":21},"end":{"line":93,"column":41}},{"start":{"line":93,"column":45},"end":{"line":93,"column":70}}]}},"s":{"0":31,"1":31,"2":31,"3":31,"4":0,"5":31,"6":34,"7":34,"8":23,"9":11,"10":1,"11":1,"12":10,"13":33,"14":1,"15":1,"16":1,"17":1,"18":1,"19":33,"20":33,"21":2,"22":3,"23":3,"24":1,"25":2,"26":1,"27":1,"28":1,"29":2,"30":2,"31":6,"32":2,"33":32,"34":31,"35":31,"36":32,"37":64,"38":0,"39":64,"40":64,"41":64,"42":64,"43":42,"44":42,"45":42,"46":3},"f":{"0":31,"1":0,"2":34,"3":33,"4":2,"5":3,"6":2,"7":32,"8":64},"b":{"0":[0],"1":[0],"2":[23,11],"3":[1,10],"4":[11],"5":[1,32],"6":[33,1],"7":[1,0],"8":[1,0],"9":[1,2],"10":[1,1],"11":[2,4],"12":[31,1],"13":[0,64],"14":[42,42]}}
,"C:\\Users\\masou\\OneDrive\\spring26\\Reddit-AI-Debate-Analyzer\\backend\\src\\services\\MockAIAnalysisService.ts": {"path":"C:\\Users\\masou\\OneDrive\\spring26\\Reddit-AI-Debate-Analyzer\\backend\\src\\services\\MockAIAnalysisService.ts","statementMap":{"0":{"start":{"line":12,"column":4},"end":{"line":14,"column":6}},"1":{"start":{"line":19,"column":6},"end":{"line":19,"column":71}},"2":{"start":{"line":20,"column":4},"end":{"line":26,"column":6}},"3":{"start":{"line":33,"column":4},"end":{"line":33,"column":16}},"4":{"start":{"line":37,"column":22},"end":{"line":37,"column":67}},"5":{"start":{"line":38,"column":4},"end":{"line":38,"column":104}},"6":{"start":{"line":10,"column":0},"end":{"line":10,"column":13}}},"fnMap":{"0":{"name":"(anonymous_0)","decl":{"start":{"line":11,"column":2},"end":{"line":11,"column":7}},"loc":{"start":{"line":11,"column":34},"end":{"line":15,"column":3}}},"1":{"name":"(anonymous_1)","decl":{"start":{"line":17,"column":2},"end":{"line":17,"column":7}},"loc":{"start":{"line":17,"column":36},"end":{"line":27,"column":3}}},"2":{"name":"(anonymous_2)","decl":{"start":{"line":29,"column":2},"end":{"line":29,"column":7}},"loc":{"start":{"line":31,"column":30},"end":{"line":34,"column":3}}},"3":{"name":"(anonymous_3)","decl":{"start":{"line":36,"column":2},"end":{"line":36,"column":7}},"loc":{"start":{"line":36,"column":48},"end":{"line":39,"column":3}}}},"branchMap":{"0":{"loc":{"start":{"line":19,"column":6},"end":{"line":19,"column":71}},"type":"cond-expr","locations":[{"start":{"line":19,"column":26},"end":{"line":19,"column":32}},{"start":{"line":19,"column":35},"end":{"line":19,"column":71}}]},"1":{"loc":{"start":{"line":19,"column":35},"end":{"line":19,"column":71}},"type":"cond-expr","locations":[{"start":{"line":19,"column":55},"end":{"line":19,"column":63}},{"start":{"line":19,"column":66},"end":{"line":19,"column":71}}]},"2":{"loc":{"start":{"line":37,"column":22},"end":{"line":37,"column":67}},"type":"binary-expr","locations":[{"start":{"line":37,"column":22},"end":{"line":37,"column":46}},{"start":{"line":37,"column":50},"end":{"line":37,"column":67}}]}},"s":{"0":5,"1":5,"2":5,"3":3,"4":4,"5":4,"6":4},"f":{"0":5,"1":5,"2":3,"3":4},"b":{"0":[1,4],"1":[1,3],"2":[4,1]}}
,"C:\\Users\\masou\\OneDrive\\spring26\\Reddit-AI-Debate-Analyzer\\backend\\src\\services\\ReasoningSummaryService.ts": {"path":"C:\\Users\\masou\\OneDrive\\spring26\\Reddit-AI-Debate-Analyzer\\backend\\src\\services\\ReasoningSummaryService.ts","statementMap":{"0":{"start":{"line":8,"column":0},"end":{"line":8,"column":36}},"1":{"start":{"line":12,"column":12},"end":{"line":12,"column":41}},"2":{"start":{"line":13,"column":12},"end":{"line":13,"column":32}},"3":{"start":{"line":14,"column":12},"end":{"line":14,"column":42}},"4":{"start":{"line":15,"column":12},"end":{"line":15,"column":51}},"5":{"start":{"line":19,"column":21},"end":{"line":19,"column":53}},"6":{"start":{"line":22,"column":19},"end":{"line":22,"column":70}},"7":{"start":{"line":23,"column":4},"end":{"line":23,"column":30}},"8":{"start":{"line":23,"column":16},"end":{"line":23,"column":30}},"9":{"start":{"line":26,"column":18},"end":{"line":26,"column":67}},"10":{"start":{"line":27,"column":4},"end":{"line":31,"column":5}},"11":{"start":{"line":28,"column":18},"end":{"line":28,"column":38}},"12":{"start":{"line":29,"column":6},"end":{"line":29,"column":88}},"13":{"start":{"line":30,"column":6},"end":{"line":30,"column":17}},"14":{"start":{"line":34,"column":20},"end":{"line":34,"column":61}},"15":{"start":{"line":35,"column":4},"end":{"line":40,"column":5}},"16":{"start":{"line":36,"column":23},"end":{"line":36,"column":73}},"17":{"start":{"line":37,"column":6},"end":{"line":37,"column":27}},"18":{"start":{"line":38,"column":6},"end":{"line":38,"column":42}},"19":{"start":{"line":39,"column":6},"end":{"line":39,"column":16}},"20":{"start":{"line":42,"column":4},"end":{"line":42,"column":49}},"21":{"start":{"line":46,"column":21},"end":{"line":46,"column":54}},"22":{"start":{"line":48,"column":31},"end":{"line":51,"column":6}},"23":{"start":{"line":52,"column":27},"end":{"line":52,"column":83}},"24":{"start":{"line":53,"column":20},"end":{"line":53,"column":94}},"25":{"start":{"line":55,"column":25},"end":{"line":55,"column":73}},"26":{"start":{"line":57,"column":16},"end":{"line":63,"column":6}},"27":{"start":{"line":65,"column":16},"end":{"line":65,"column":34}},"28":{"start":{"line":66,"column":4},"end":{"line":66,"column":86}},"29":{"start":{"line":67,"column":4},"end":{"line":67,"column":15}},"30":{"start":{"line":71,"column":21},"end":{"line":71,"column":53}},"31":{"start":{"line":72,"column":4},"end":{"line":72,"column":38}},"32":{"start":{"line":73,"column":4},"end":{"line":73,"column":56}},"33":{"start":{"line":77,"column":4},"end":{"line":84,"column":6}},"34":{"start":{"line":10,"column":0},"end":{"line":10,"column":13}}},"fnMap":{"0":{"name":"(anonymous_0)","decl":{"start":{"line":11,"column":2},"end":{"line":11,"column":null}},"loc":{"start":{"line":15,"column":51},"end":{"line":16,"column":6}}},"1":{"name":"(anonymous_1)","decl":{"start":{"line":18,"column":2},"end":{"line":18,"column":7}},"loc":{"start":{"line":18,"column":36},"end":{"line":43,"column":3}}},"2":{"name":"(anonymous_2)","decl":{"start":{"line":45,"column":2},"end":{"line":45,"column":7}},"loc":{"start":{"line":45,"column":48},"end":{"line":68,"column":3}}},"3":{"name":"(anonymous_3)","decl":{"start":{"line":70,"column":2},"end":{"line":70,"column":7}},"loc":{"start":{"line":70,"column":41},"end":{"line":74,"column":3}}},"4":{"name":"(anonymous_4)","decl":{"start":{"line":76,"column":10},"end":{"line":76,"column":18}},"loc":{"start":{"line":76,"column":43},"end":{"line":85,"column":3}}}},"branchMap":{"0":{"loc":{"start":{"line":23,"column":4},"end":{"line":23,"column":30}},"type":"if","locations":[{"start":{"line":23,"column":4},"end":{"line":23,"column":30}},{"start":{},"end":{}}]},"1":{"loc":{"start":{"line":27,"column":4},"end":{"line":31,"column":5}},"type":"if","locations":[{"start":{"line":27,"column":4},"end":{"line":31,"column":5}},{"start":{},"end":{}}]},"2":{"loc":{"start":{"line":35,"column":4},"end":{"line":40,"column":5}},"type":"if","locations":[{"start":{"line":35,"column":4},"end":{"line":40,"column":5}},{"start":{},"end":{}}]},"3":{"loc":{"start":{"line":55,"column":25},"end":{"line":55,"column":73}},"type":"binary-expr","locations":[{"start":{"line":55,"column":25},"end":{"line":55,"column":40}},{"start":{"line":55,"column":44},"end":{"line":55,"column":73}}]},"4":{"loc":{"start":{"line":83,"column":19},"end":{"line":83,"column":51}},"type":"binary-expr","locations":[{"start":{"line":83,"column":19},"end":{"line":83,"column":33}},{"start":{"line":83,"column":37},"end":{"line":83,"column":51}}]}},"s":{"0":1,"1":7,"2":7,"3":7,"4":7,"5":6,"6":6,"7":6,"8":2,"9":4,"10":4,"11":2,"12":2,"13":2,"14":2,"15":2,"16":1,"17":1,"18":1,"19":1,"20":1,"21":2,"22":2,"23":2,"24":2,"25":2,"26":2,"27":2,"28":2,"29":2,"30":1,"31":1,"32":1,"33":4,"34":1},"f":{"0":7,"1":6,"2":2,"3":1,"4":4},"b":{"0":[2,4],"1":[2,2],"2":[1,1],"3":[2,0],"4":[4,0]}}
,"C:\\Users\\masou\\OneDrive\\spring26\\Reddit-AI-Debate-Analyzer\\backend\\src\\services\\UnsupportedClaimsDetector.ts": {"path":"C:\\Users\\masou\\OneDrive\\spring26\\Reddit-AI-Debate-Analyzer\\backend\\src\\services\\UnsupportedClaimsDetector.ts","statementMap":{"0":{"start":{"line":8,"column":22},"end":{"line":8,"column":51}},"1":{"start":{"line":11,"column":28},"end":{"line":11,"column":30}},"2":{"start":{"line":14,"column":78},"end":{"line":23,"column":6}},"3":{"start":{"line":25,"column":4},"end":{"line":47,"column":5}},"4":{"start":{"line":26,"column":20},"end":{"line":26,"column":38}},"5":{"start":{"line":27,"column":6},"end":{"line":46,"column":7}},"6":{"start":{"line":29,"column":28},"end":{"line":31,"column":null}},"7":{"start":{"line":33,"column":28},"end":{"line":33,"column":110}},"8":{"start":{"line":35,"column":8},"end":{"line":45,"column":9}},"9":{"start":{"line":36,"column":10},"end":{"line":44,"column":13}},"10":{"start":{"line":49,"column":4},"end":{"line":49,"column":18}},"11":{"start":{"line":53,"column":4},"end":{"line":53,"column":58}},"12":{"start":{"line":7,"column":0},"end":{"line":7,"column":13}}},"fnMap":{"0":{"name":"(anonymous_0)","decl":{"start":{"line":8,"column":2},"end":{"line":8,"column":22}},"loc":{"start":{"line":8,"column":51},"end":{"line":8,"column":55}}},"1":{"name":"(anonymous_1)","decl":{"start":{"line":10,"column":2},"end":{"line":10,"column":7}},"loc":{"start":{"line":10,"column":27},"end":{"line":50,"column":3}}},"2":{"name":"(anonymous_2)","decl":{"start":{"line":52,"column":10},"end":{"line":52,"column":23}},"loc":{"start":{"line":52,"column":54},"end":{"line":54,"column":3}}}},"branchMap":{"0":{"loc":{"start":{"line":27,"column":6},"end":{"line":46,"column":7}},"type":"if","locations":[{"start":{"line":27,"column":6},"end":{"line":46,"column":7}},{"start":{},"end":{}}]},"1":{"loc":{"start":{"line":27,"column":10},"end":{"line":27,"column":44}},"type":"binary-expr","locations":[{"start":{"line":27,"column":10},"end":{"line":27,"column":15}},{"start":{"line":27,"column":19},"end":{"line":27,"column":44}}]},"2":{"loc":{"start":{"line":35,"column":8},"end":{"line":45,"column":9}},"type":"if","locations":[{"start":{"line":35,"column":8},"end":{"line":45,"column":9}},{"start":{},"end":{}}]}},"s":{"0":56,"1":20,"2":20,"3":20,"4":40,"5":40,"6":9,"7":9,"8":9,"9":7,"10":20,"11":7,"12":3},"f":{"0":56,"1":20,"2":7},"b":{"0":[9,31],"1":[40,9],"2":[7,2]}}
,"C:\\Users\\masou\\OneDrive\\spring26\\Reddit-AI-Debate-Analyzer\\backend\\src\\services\\WeakEvidenceDetector.ts": {"path":"C:\\Users\\masou\\OneDrive\\spring26\\Reddit-AI-Debate-Analyzer\\backend\\src\\services\\WeakEvidenceDetector.ts","statementMap":{"0":{"start":{"line":8,"column":28},"end":{"line":8,"column":30}},"1":{"start":{"line":11,"column":74},"end":{"line":32,"column":6}},"2":{"start":{"line":34,"column":4},"end":{"line":47,"column":5}},"3":{"start":{"line":35,"column":20},"end":{"line":35,"column":38}},"4":{"start":{"line":36,"column":6},"end":{"line":46,"column":7}},"5":{"start":{"line":37,"column":8},"end":{"line":45,"column":11}},"6":{"start":{"line":49,"column":4},"end":{"line":49,"column":18}},"7":{"start":{"line":53,"column":4},"end":{"line":53,"column":58}},"8":{"start":{"line":6,"column":0},"end":{"line":6,"column":13}}},"fnMap":{"0":{"name":"(anonymous_0)","decl":{"start":{"line":7,"column":2},"end":{"line":7,"column":7}},"loc":{"start":{"line":7,"column":27},"end":{"line":50,"column":3}}},"1":{"name":"(anonymous_1)","decl":{"start":{"line":52,"column":10},"end":{"line":52,"column":23}},"loc":{"start":{"line":52,"column":54},"end":{"line":54,"column":3}}}},"branchMap":{"0":{"loc":{"start":{"line":36,"column":6},"end":{"line":46,"column":7}},"type":"if","locations":[{"start":{"line":36,"column":6},"end":{"line":46,"column":7}},{"start":{},"end":{}}]},"1":{"loc":{"start":{"line":36,"column":10},"end":{"line":36,"column":44}},"type":"binary-expr","locations":[{"start":{"line":36,"column":10},"end":{"line":36,"column":15}},{"start":{"line":36,"column":19},"end":{"line":36,"column":44}}]}},"s":{"0":21,"1":21,"2":21,"3":105,"4":105,"5":12,"6":21,"7":12,"8":3},"f":{"0":21,"1":12},"b":{"0":[12,93],"1":[105,12]}}
,"C:\\Users\\masou\\OneDrive\\spring26\\Reddit-AI-Debate-Analyzer\\backend\\src\\services\\WritingFeedbackService.ts": {"path":"C:\\Users\\masou\\OneDrive\\spring26\\Reddit-AI-Debate-Analyzer\\backend\\src\\services\\WritingFeedbackService.ts","statementMap":{"0":{"start":{"line":1,"column":0},"end":{"line":1,"column":28}},"1":{"start":{"line":9,"column":0},"end":{"line":9,"column":64}},"2":{"start":{"line":10,"column":0},"end":{"line":10,"column":62}},"3":{"start":{"line":11,"column":0},"end":{"line":11,"column":72}},"4":{"start":{"line":12,"column":0},"end":{"line":12,"column":36}},"5":{"start":{"line":20,"column":12},"end":{"line":20,"column":41}},"6":{"start":{"line":21,"column":12},"end":{"line":21,"column":32}},"7":{"start":{"line":22,"column":12},"end":{"line":22,"column":50}},"8":{"start":{"line":24,"column":4},"end":{"line":24,"column":61}},"9":{"start":{"line":25,"column":4},"end":{"line":25,"column":59}},"10":{"start":{"line":26,"column":4},"end":{"line":26,"column":83}},"11":{"start":{"line":30,"column":17},"end":{"line":30,"column":36}},"12":{"start":{"line":31,"column":21},"end":{"line":31,"column":45}},"13":{"start":{"line":34,"column":19},"end":{"line":34,"column":65}},"14":{"start":{"line":35,"column":4},"end":{"line":35,"column":30}},"15":{"start":{"line":35,"column":16},"end":{"line":35,"column":30}},"16":{"start":{"line":38,"column":60},"end":{"line":42,"column":6}},"17":{"start":{"line":44,"column":22},"end":{"line":44,"column":78}},"18":{"start":{"line":45,"column":19},"end":{"line":45,"column":58}},"19":{"start":{"line":48,"column":4},"end":{"line":48,"column":88}},"20":{"start":{"line":50,"column":4},"end":{"line":50,"column":18}},"21":{"start":{"line":54,"column":19},"end":{"line":54,"column":48}},"22":{"start":{"line":57,"column":19},"end":{"line":65,"column":6}},"23":{"start":{"line":67,"column":4},"end":{"line":67,"column":45}},"24":{"start":{"line":71,"column":18},"end":{"line":71,"column":43}},"25":{"start":{"line":72,"column":24},"end":{"line":72,"column":56}},"26":{"start":{"line":73,"column":23},"end":{"line":73,"column":61}},"27":{"start":{"line":75,"column":4},"end":{"line":84,"column":6}},"28":{"start":{"line":81,"column":36},"end":{"line":81,"column":54}},"29":{"start":{"line":88,"column":4},"end":{"line":88,"column":40}},"30":{"start":{"line":88,"column":29},"end":{"line":88,"column":40}},"31":{"start":{"line":89,"column":52},"end":{"line":89,"column":90}},"32":{"start":{"line":90,"column":18},"end":{"line":90,"column":19}},"33":{"start":{"line":91,"column":4},"end":{"line":93,"column":5}},"34":{"start":{"line":92,"column":6},"end":{"line":92,"column":57}},"35":{"start":{"line":94,"column":4},"end":{"line":94,"column":74}},"36":{"start":{"line":98,"column":38},"end":{"line":98,"column":40}},"37":{"start":{"line":100,"column":4},"end":{"line":127,"column":5}},"38":{"start":{"line":101,"column":6},"end":{"line":126,"column":7}},"39":{"start":{"line":103,"column":10},"end":{"line":108,"column":13}},"40":{"start":{"line":109,"column":10},"end":{"line":109,"column":16}},"41":{"start":{"line":111,"column":10},"end":{"line":116,"column":13}},"42":{"start":{"line":117,"column":10},"end":{"line":117,"column":16}},"43":{"start":{"line":119,"column":10},"end":{"line":124,"column":13}},"44":{"start":{"line":125,"column":10},"end":{"line":125,"column":16}},"45":{"start":{"line":129,"column":4},"end":{"line":129,"column":23}},"46":{"start":{"line":133,"column":33},"end":{"line":133,"column":35}},"47":{"start":{"line":136,"column":4},"end":{"line":138,"column":5}},"48":{"start":{"line":137,"column":6},"end":{"line":137,"column":58}},"49":{"start":{"line":141,"column":4},"end":{"line":143,"column":5}},"50":{"start":{"line":142,"column":6},"end":{"line":142,"column":54}},"51":{"start":{"line":146,"column":4},"end":{"line":148,"column":5}},"52":{"start":{"line":147,"column":6},"end":{"line":147,"column":62}},"53":{"start":{"line":150,"column":4},"end":{"line":152,"column":5}},"54":{"start":{"line":151,"column":6},"end":{"line":151,"column":54}},"55":{"start":{"line":154,"column":4},"end":{"line":154,"column":22}},"56":{"start":{"line":158,"column":4},"end":{"line":158,"column":66}},"57":{"start":{"line":14,"column":0},"end":{"line":14,"column":13}}},"fnMap":{"0":{"name":"(anonymous_1)","decl":{"start":{"line":19,"column":2},"end":{"line":19,"column":null}},"loc":{"start":{"line":22,"column":50},"end":{"line":27,"column":3}}},"1":{"name":"(anonymous_2)","decl":{"start":{"line":29,"column":2},"end":{"line":29,"column":7}},"loc":{"start":{"line":29,"column":33},"end":{"line":51,"column":3}}},"2":{"name":"(anonymous_3)","decl":{"start":{"line":53,"column":2},"end":{"line":53,"column":7}},"loc":{"start":{"line":53,"column":80},"end":{"line":68,"column":3}}},"3":{"name":"(anonymous_4)","decl":{"start":{"line":70,"column":10},"end":{"line":70,"column":27}},"loc":{"start":{"line":70,"column":58},"end":{"line":85,"column":3}}},"4":{"name":"(anonymous_5)","decl":{"start":{"line":81,"column":24},"end":{"line":81,"column":25}},"loc":{"start":{"line":81,"column":36},"end":{"line":81,"column":54}}},"5":{"name":"(anonymous_6)","decl":{"start":{"line":87,"column":10},"end":{"line":87,"column":22}},"loc":{"start":{"line":87,"column":38},"end":{"line":95,"column":3}}},"6":{"name":"(anonymous_7)","decl":{"start":{"line":97,"column":10},"end":{"line":97,"column":29}},"loc":{"start":{"line":97,"column":45},"end":{"line":130,"column":3}}},"7":{"name":"(anonymous_8)","decl":{"start":{"line":132,"column":10},"end":{"line":132,"column":28}},"loc":{"start":{"line":132,"column":58},"end":{"line":155,"column":3}}},"8":{"name":"(anonymous_9)","decl":{"start":{"line":157,"column":10},"end":{"line":157,"column":18}},"loc":{"start":{"line":157,"column":31},"end":{"line":159,"column":3}}}},"branchMap":{"0":{"loc":{"start":{"line":35,"column":4},"end":{"line":35,"column":30}},"type":"if","locations":[{"start":{"line":35,"column":4},"end":{"line":35,"column":30}},{"start":{},"end":{}}]},"1":{"loc":{"start":{"line":59,"column":15},"end":{"line":59,"column":30}},"type":"binary-expr","locations":[{"start":{"line":59,"column":15},"end":{"line":59,"column":22}},{"start":{"line":59,"column":26},"end":{"line":59,"column":30}}]},"2":{"loc":{"start":{"line":80,"column":18},"end":{"line":82,"column":13}},"type":"cond-expr","locations":[{"start":{"line":81,"column":10},"end":{"line":81,"column":74}},{"start":{"line":82,"column":10},"end":{"line":82,"column":13}}]},"3":{"loc":{"start":{"line":88,"column":4},"end":{"line":88,"column":40}},"type":"if","locations":[{"start":{"line":88,"column":4},"end":{"line":88,"column":40}},{"start":{},"end":{}}]},"4":{"loc":{"start":{"line":92,"column":17},"end":{"line":92,"column":56}},"type":"binary-expr","locations":[{"start":{"line":92,"column":17},"end":{"line":92,"column":48}},{"start":{"line":92,"column":52},"end":{"line":92,"column":56}}]},"5":{"loc":{"start":{"line":101,"column":6},"end":{"line":126,"column":7}},"type":"switch","locations":[{"start":{"line":102,"column":8},"end":{"line":109,"column":16}},{"start":{"line":110,"column":8},"end":{"line":117,"column":16}},{"start":{"line":118,"column":8},"end":{"line":125,"column":16}}]},"6":{"loc":{"start":{"line":136,"column":4},"end":{"line":138,"column":5}},"type":"if","locations":[{"start":{"line":136,"column":4},"end":{"line":138,"column":5}},{"start":{},"end":{}}]},"7":{"loc":{"start":{"line":141,"column":4},"end":{"line":143,"column":5}},"type":"if","locations":[{"start":{"line":141,"column":4},"end":{"line":143,"column":5}},{"start":{},"end":{}}]},"8":{"loc":{"start":{"line":146,"column":4},"end":{"line":148,"column":5}},"type":"if","locations":[{"start":{"line":146,"column":4},"end":{"line":148,"column":5}},{"start":{},"end":{}}]},"9":{"loc":{"start":{"line":150,"column":4},"end":{"line":152,"column":5}},"type":"if","locations":[{"start":{"line":150,"column":4},"end":{"line":152,"column":5}},{"start":{},"end":{}}]}},"s":{"0":2,"1":2,"2":2,"3":2,"4":2,"5":47,"6":47,"7":47,"8":47,"9":47,"10":47,"11":21,"12":21,"13":21,"14":21,"15":3,"16":18,"17":18,"18":18,"19":18,"20":18,"21":5,"22":5,"23":5,"24":21,"25":21,"26":21,"27":21,"28":16,"29":28,"30":14,"31":14,"32":14,"33":14,"34":33,"35":14,"36":27,"37":27,"38":23,"39":8,"40":8,"41":8,"42":8,"43":6,"44":6,"45":27,"46":30,"47":30,"48":5,"49":30,"50":5,"51":30,"52":2,"53":30,"54":20,"55":30,"56":26,"57":2},"f":{"0":47,"1":21,"2":5,"3":21,"4":16,"5":28,"6":27,"7":30,"8":26},"b":{"0":[3,18],"1":[5,3],"2":[8,13],"3":[14,14],"4":[33,1],"5":[8,8,6],"6":[5,25],"7":[5,25],"8":[2,28],"9":[20,10]}}
,"C:\\Users\\masou\\OneDrive\\spring26\\Reddit-AI-Debate-Analyzer\\backend\\src\\services\\WritingFeedbackSessionManager.ts": {"path":"C:\\Users\\masou\\OneDrive\\spring26\\Reddit-AI-Debate-Analyzer\\backend\\src\\services\\WritingFeedbackSessionManager.ts","statementMap":{"0":{"start":{"line":21,"column":4},"end":{"line":21,"column":30}},"1":{"start":{"line":22,"column":4},"end":{"line":22,"column":35}},"2":{"start":{"line":23,"column":4},"end":{"line":23,"column":45}},"3":{"start":{"line":24,"column":4},"end":{"line":24,"column":20}},"4":{"start":{"line":28,"column":4},"end":{"line":33,"column":5}},"5":{"start":{"line":29,"column":6},"end":{"line":29,"column":34}},"6":{"start":{"line":30,"column":6},"end":{"line":32,"column":7}},"7":{"start":{"line":31,"column":8},"end":{"line":31,"column":21}},"8":{"start":{"line":34,"column":4},"end":{"line":40,"column":7}},"9":{"start":{"line":41,"column":4},"end":{"line":41,"column":20}},"10":{"start":{"line":42,"column":4},"end":{"line":42,"column":16}},"11":{"start":{"line":46,"column":4},"end":{"line":46,"column":33}},"12":{"start":{"line":47,"column":4},"end":{"line":47,"column":20}},"13":{"start":{"line":51,"column":18},"end":{"line":51,"column":43}},"14":{"start":{"line":52,"column":4},"end":{"line":52,"column":29}},"15":{"start":{"line":52,"column":16},"end":{"line":52,"column":29}},"16":{"start":{"line":53,"column":4},"end":{"line":53,"column":35}},"17":{"start":{"line":54,"column":4},"end":{"line":54,"column":38}},"18":{"start":{"line":55,"column":4},"end":{"line":55,"column":20}},"19":{"start":{"line":56,"column":4},"end":{"line":56,"column":16}},"20":{"start":{"line":60,"column":18},"end":{"line":60,"column":43}},"21":{"start":{"line":61,"column":4},"end":{"line":61,"column":29}},"22":{"start":{"line":61,"column":16},"end":{"line":61,"column":29}},"23":{"start":{"line":62,"column":4},"end":{"line":62,"column":51}},"24":{"start":{"line":63,"column":4},"end":{"line":63,"column":35}},"25":{"start":{"line":64,"column":4},"end":{"line":64,"column":38}},"26":{"start":{"line":65,"column":4},"end":{"line":65,"column":20}},"27":{"start":{"line":66,"column":4},"end":{"line":66,"column":16}},"28":{"start":{"line":70,"column":18},"end":{"line":70,"column":43}},"29":{"start":{"line":71,"column":4},"end":{"line":71,"column":29}},"30":{"start":{"line":71,"column":16},"end":{"line":71,"column":29}},"31":{"start":{"line":72,"column":4},"end":{"line":72,"column":34}},"32":{"start":{"line":73,"column":4},"end":{"line":73,"column":38}},"33":{"start":{"line":74,"column":4},"end":{"line":74,"column":20}},"34":{"start":{"line":75,"column":4},"end":{"line":75,"column":16}},"35":{"start":{"line":79,"column":18},"end":{"line":79,"column":43}},"36":{"start":{"line":80,"column":4},"end":{"line":80,"column":29}},"37":{"start":{"line":80,"column":16},"end":{"line":80,"column":29}},"38":{"start":{"line":81,"column":4},"end":{"line":81,"column":81}},"39":{"start":{"line":81,"column":68},"end":{"line":81,"column":81}},"40":{"start":{"line":82,"column":4},"end":{"line":82,"column":34}},"41":{"start":{"line":86,"column":18},"end":{"line":86,"column":43}},"42":{"start":{"line":87,"column":4},"end":{"line":87,"column":28}},"43":{"start":{"line":87,"column":16},"end":{"line":87,"column":28}},"44":{"start":{"line":88,"column":4},"end":{"line":91,"column":5}},"45":{"start":{"line":89,"column":6},"end":{"line":89,"column":35}},"46":{"start":{"line":90,"column":6},"end":{"line":90,"column":18}},"47":{"start":{"line":92,"column":4},"end":{"line":92,"column":34}},"48":{"start":{"line":96,"column":16},"end":{"line":96,"column":26}},"49":{"start":{"line":97,"column":29},"end":{"line":97,"column":31}},"50":{"start":{"line":98,"column":4},"end":{"line":102,"column":5}},"51":{"start":{"line":99,"column":6},"end":{"line":101,"column":7}},"52":{"start":{"line":100,"column":8},"end":{"line":100,"column":28}},"53":{"start":{"line":103,"column":4},"end":{"line":103,"column":18}},"54":{"start":{"line":107,"column":16},"end":{"line":107,"column":26}},"55":{"start":{"line":108,"column":18},"end":{"line":108,"column":19}},"56":{"start":{"line":109,"column":4},"end":{"line":114,"column":5}},"57":{"start":{"line":110,"column":6},"end":{"line":113,"column":7}},"58":{"start":{"line":111,"column":8},"end":{"line":111,"column":37}},"59":{"start":{"line":112,"column":8},"end":{"line":112,"column":18}},"60":{"start":{"line":115,"column":4},"end":{"line":115,"column":20}},"61":{"start":{"line":116,"column":4},"end":{"line":116,"column":19}},"62":{"start":{"line":120,"column":18},"end":{"line":120,"column":43}},"63":{"start":{"line":121,"column":4},"end":{"line":124,"column":5}},"64":{"start":{"line":122,"column":6},"end":{"line":122,"column":37}},"65":{"start":{"line":123,"column":6},"end":{"line":123,"column":40}},"66":{"start":{"line":128,"column":4},"end":{"line":128,"column":54}},"67":{"start":{"line":128,"column":47},"end":{"line":128,"column":54}},"68":{"start":{"line":129,"column":4},"end":{"line":129,"column":59}},"69":{"start":{"line":130,"column":4},"end":{"line":130,"column":41}},"70":{"start":{"line":131,"column":4},"end":{"line":131,"column":46}},"71":{"start":{"line":132,"column":4},"end":{"line":141,"column":5}},"72":{"start":{"line":133,"column":6},"end":{"line":133,"column":33}},"73":{"start":{"line":134,"column":6},"end":{"line":134,"column":48}},"74":{"start":{"line":135,"column":6},"end":{"line":135,"column":47}},"75":{"start":{"line":136,"column":6},"end":{"line":140,"column":7}},"76":{"start":{"line":137,"column":8},"end":{"line":137,"column":87}},"77":{"start":{"line":138,"column":8},"end":{"line":138,"column":97}},"78":{"start":{"line":139,"column":8},"end":{"line":139,"column":65}},"79":{"start":{"line":15,"column":0},"end":{"line":15,"column":13}}},"fnMap":{"0":{"name":"(anonymous_0)","decl":{"start":{"line":20,"column":2},"end":{"line":20,"column":14}},"loc":{"start":{"line":20,"column":60},"end":{"line":25,"column":3}}},"1":{"name":"(anonymous_1)","decl":{"start":{"line":27,"column":2},"end":{"line":27,"column":17}},"loc":{"start":{"line":27,"column":50},"end":{"line":43,"column":3}}},"2":{"name":"(anonymous_2)","decl":{"start":{"line":45,"column":2},"end":{"line":45,"column":15}},"loc":{"start":{"line":45,"column":30},"end":{"line":48,"column":3}}},"3":{"name":"(anonymous_3)","decl":{"start":{"line":50,"column":2},"end":{"line":50,"column":13}},"loc":{"start":{"line":50,"column":47},"end":{"line":57,"column":3}}},"4":{"name":"(anonymous_4)","decl":{"start":{"line":59,"column":2},"end":{"line":59,"column":16}},"loc":{"start":{"line":59,"column":57},"end":{"line":67,"column":3}}},"5":{"name":"(anonymous_5)","decl":{"start":{"line":69,"column":2},"end":{"line":69,"column":22}},"loc":{"start":{"line":69,"column":37},"end":{"line":76,"column":3}}},"6":{"name":"(anonymous_6)","decl":{"start":{"line":78,"column":2},"end":{"line":78,"column":20}},"loc":{"start":{"line":78,"column":35},"end":{"line":83,"column":3}}},"7":{"name":"(anonymous_7)","decl":{"start":{"line":85,"column":2},"end":{"line":85,"column":12}},"loc":{"start":{"line":85,"column":27},"end":{"line":93,"column":3}}},"8":{"name":"(anonymous_8)","decl":{"start":{"line":95,"column":2},"end":{"line":95,"column":18}},"loc":{"start":{"line":95,"column":18},"end":{"line":104,"column":3}}},"9":{"name":"(anonymous_9)","decl":{"start":{"line":106,"column":2},"end":{"line":106,"column":22}},"loc":{"start":{"line":106,"column":22},"end":{"line":117,"column":3}}},"10":{"name":"(anonymous_10)","decl":{"start":{"line":119,"column":2},"end":{"line":119,"column":23}},"loc":{"start":{"line":119,"column":38},"end":{"line":125,"column":3}}},"11":{"name":"(anonymous_11)","decl":{"start":{"line":127,"column":10},"end":{"line":127,"column":18}},"loc":{"start":{"line":127,"column":18},"end":{"line":142,"column":3}}}},"branchMap":{"0":{"loc":{"start":{"line":20,"column":14},"end":{"line":20,"column":30}},"type":"default-arg","locations":[{"start":{"line":20,"column":28},"end":{"line":20,"column":30}}]},"1":{"loc":{"start":{"line":20,"column":32},"end":{"line":20,"column":60}},"type":"default-arg","locations":[{"start":{"line":20,"column":51},"end":{"line":20,"column":60}}]},"2":{"loc":{"start":{"line":28,"column":4},"end":{"line":33,"column":5}},"type":"if","locations":[{"start":{"line":28,"column":4},"end":{"line":33,"column":5}},{"start":{},"end":{}}]},"3":{"loc":{"start":{"line":28,"column":8},"end":{"line":28,"column":76}},"type":"binary-expr","locations":[{"start":{"line":28,"column":8},"end":{"line":28,"column":46}},{"start":{"line":28,"column":50},"end":{"line":28,"column":76}}]},"4":{"loc":{"start":{"line":30,"column":6},"end":{"line":32,"column":7}},"type":"if","locations":[{"start":{"line":30,"column":6},"end":{"line":32,"column":7}},{"start":{},"end":{}}]},"5":{"loc":{"start":{"line":52,"column":4},"end":{"line":52,"column":29}},"type":"if","locations":[{"start":{"line":52,"column":4},"end":{"line":52,"column":29}},{"start":{},"end":{}}]},"6":{"loc":{"start":{"line":61,"column":4},"end":{"line":61,"column":29}},"type":"if","locations":[{"start":{"line":61,"column":4},"end":{"line":61,"column":29}},{"start":{},"end":{}}]},"7":{"loc":{"start":{"line":71,"column":4},"end":{"line":71,"column":29}},"type":"if","locations":[{"start":{"line":71,"column":4},"end":{"line":71,"column":29}},{"start":{},"end":{}}]},"8":{"loc":{"start":{"line":80,"column":4},"end":{"line":80,"column":29}},"type":"if","locations":[{"start":{"line":80,"column":4},"end":{"line":80,"column":29}},{"start":{},"end":{}}]},"9":{"loc":{"start":{"line":81,"column":4},"end":{"line":81,"column":81}},"type":"if","locations":[{"start":{"line":81,"column":4},"end":{"line":81,"column":81}},{"start":{},"end":{}}]},"10":{"loc":{"start":{"line":87,"column":4},"end":{"line":87,"column":28}},"type":"if","locations":[{"start":{"line":87,"column":4},"end":{"line":87,"column":28}},{"start":{},"end":{}}]},"11":{"loc":{"start":{"line":88,"column":4},"end":{"line":91,"column":5}},"type":"if","locations":[{"start":{"line":88,"column":4},"end":{"line":91,"column":5}},{"start":{},"end":{}}]},"12":{"loc":{"start":{"line":99,"column":6},"end":{"line":101,"column":7}},"type":"if","locations":[{"start":{"line":99,"column":6},"end":{"line":101,"column":7}},{"start":{},"end":{}}]},"13":{"loc":{"start":{"line":110,"column":6},"end":{"line":113,"column":7}},"type":"if","locations":[{"start":{"line":110,"column":6},"end":{"line":113,"column":7}},{"start":{},"end":{}}]},"14":{"loc":{"start":{"line":121,"column":4},"end":{"line":124,"column":5}},"type":"if","locations":[{"start":{"line":121,"column":4},"end":{"line":124,"column":5}},{"start":{},"end":{}}]},"15":{"loc":{"start":{"line":128,"column":4},"end":{"line":128,"column":54}},"type":"if","locations":[{"start":{"line":128,"column":4},"end":{"line":128,"column":54}},{"start":{},"end":{}}]},"16":{"loc":{"start":{"line":136,"column":6},"end":{"line":140,"column":7}},"type":"if","locations":[{"start":{"line":136,"column":6},"end":{"line":140,"column":7}},{"start":{},"end":{}}]},"17":{"loc":{"start":{"line":137,"column":23},"end":{"line":137,"column":85}},"type":"binary-expr","locations":[{"start":{"line":137,"column":23},"end":{"line":137,"column":52}},{"start":{"line":137,"column":56},"end":{"line":137,"column":85}}]},"18":{"loc":{"start":{"line":138,"column":23},"end":{"line":138,"column":95}},"type":"binary-expr","locations":[{"start":{"line":138,"column":23},"end":{"line":138,"column":57}},{"start":{"line":138,"column":61},"end":{"line":138,"column":95}}]}},"s":{"0":55,"1":55,"2":55,"3":55,"4":81,"5":4,"6":4,"7":3,"8":78,"9":78,"10":78,"11":3,"12":3,"13":7,"14":7,"15":2,"16":5,"17":5,"18":5,"19":5,"20":6,"21":6,"22":1,"23":5,"24":5,"25":5,"26":5,"27":5,"28":12,"29":12,"30":2,"31":10,"32":10,"33":10,"34":10,"35":12,"36":12,"37":2,"38":10,"39":1,"40":9,"41":28,"42":28,"43":5,"44":23,"45":2,"46":2,"47":21,"48":15,"49":15,"50":15,"51":15,"52":12,"53":15,"54":8,"55":8,"56":8,"57":25,"58":7,"59":7,"60":8,"61":8,"62":3,"63":3,"64":2,"65":2,"66":164,"67":2,"68":162,"69":162,"70":162,"71":162,"72":227,"73":227,"74":227,"75":227,"76":5,"77":5,"78":5,"79":2},"f":{"0":55,"1":81,"2":3,"3":7,"4":6,"5":12,"6":12,"7":28,"8":15,"9":8,"10":3,"11":164},"b":{"0":[25],"1":[25],"2":[4,77],"3":[81,5],"4":[3,1],"5":[2,5],"6":[1,5],"7":[2,10],"8":[2,10],"9":[1,9],"10":[5,23],"11":[2,21],"12":[12,3],"13":[7,18],"14":[2,1],"15":[2,162],"16":[5,222],"17":[5,5],"18":[5,5]}}
}
