{"C:\\Users\\masou\\OneDrive\\spring26\\Reddit-AI-Debate-Analyzer\\backend\\src\\config\\env.ts": {"path":"C:\\Users\\masou\\OneDrive\\spring26\\Reddit-AI-Debate-Analyzer\\backend\\src\\config\\env.ts","statementMap":{"0":{"start":{"line":1,"column":0},"end":{"line":1,"column":28}},"1":{"start":{"line":2,"column":0},"end":{"line":2,"column":16}},"2":{"start":{"line":4,"column":13},"end":{"line":33,"column":2}},"3":{"start":{"line":15,"column":19},"end":{"line":15,"column":41}},"4":{"start":{"line":16,"column":4},"end":{"line":18,"column":5}},"5":{"start":{"line":17,"column":6},"end":{"line":17,"column":62}},"6":{"start":{"line":19,"column":4},"end":{"line":19,"column":55}}},"fnMap":{"0":{"name":"(anonymous_1)","decl":{"start":{"line":14,"column":15},"end":{"line":14,"column":18}},"loc":{"start":{"line":14,"column":20},"end":{"line":20,"column":3}}}},"branchMap":{"0":{"loc":{"start":{"line":5,"column":17},"end":{"line":5,"column":43}},"type":"binary-expr","locations":[{"start":{"line":5,"column":17},"end":{"line":5,"column":33}},{"start":{"line":5,"column":37},"end":{"line":5,"column":43}}]},"1":{"loc":{"start":{"line":6,"column":12},"end":{"line":6,"column":49}},"type":"binary-expr","locations":[{"start":{"line":6,"column":12},"end":{"line":6,"column":32}},{"start":{"line":6,"column":36},"end":{"line":6,"column":49}}]},"2":{"loc":{"start":{"line":8,"column":11},"end":{"line":8,"column":45}},"type":"binary-expr","locations":[{"start":{"line":8,"column":11},"end":{"line":8,"column":30}},{"start":{"line":8,"column":34},"end":{"line":8,"column":45}}]},"3":{"loc":{"start":{"line":9,"column":20},"end":{"line":9,"column":49}},"type":"binary-expr","locations":[{"start":{"line":9,"column":20},"end":{"line":9,"column":39}},{"start":{"line":9,"column":43},"end":{"line":9,"column":49}}]},"4":{"loc":{"start":{"line":10,"column":11},"end":{"line":10,"column":52}},"type":"binary-expr","locations":[{"start":{"line":10,"column":11},"end":{"line":10,"column":30}},{"start":{"line":10,"column":34},"end":{"line":10,"column":52}}]},"5":{"loc":{"start":{"line":11,"column":11},"end":{"line":11,"column":44}},"type":"binary-expr","locations":[{"start":{"line":11,"column":11},"end":{"line":11,"column":30}},{"start":{"line":11,"column":34},"end":{"line":11,"column":44}}]},"6":{"loc":{"start":{"line":12,"column":15},"end":{"line":12,"column":52}},"type":"binary-expr","locations":[{"start":{"line":12,"column":15},"end":{"line":12,"column":38}},{"start":{"line":12,"column":42},"end":{"line":12,"column":52}}]},"7":{"loc":{"start":{"line":16,"column":4},"end":{"line":18,"column":5}},"type":"if","locations":[{"start":{"line":16,"column":4},"end":{"line":18,"column":5}},{"start":{},"end":{}}]},"8":{"loc":{"start":{"line":16,"column":8},"end":{"line":16,"column":56}},"type":"binary-expr","locations":[{"start":{"line":16,"column":8},"end":{"line":16,"column":15}},{"start":{"line":16,"column":19},"end":{"line":16,"column":56}}]},"9":{"loc":{"start":{"line":19,"column":11},"end":{"line":19,"column":54}},"type":"binary-expr","locations":[{"start":{"line":19,"column":11},"end":{"line":19,"column":17}},{"start":{"line":19,"column":21},"end":{"line":19,"column":54}}]},"10":{"loc":{"start":{"line":21,"column":18},"end":{"line":21,"column":52}},"type":"binary-expr","locations":[{"start":{"line":21,"column":18},"end":{"line":21,"column":44}},{"start":{"line":21,"column":48},"end":{"line":21,"column":52}}]},"11":{"loc":{"start":{"line":23,"column":18},"end":{"line":23,"column":50}},"type":"binary-expr","locations":[{"start":{"line":23,"column":18},"end":{"line":23,"column":44}},{"start":{"line":23,"column":48},"end":{"line":23,"column":50}}]},"12":{"loc":{"start":{"line":24,"column":16},"end":{"line":24,"column":51}},"type":"binary-expr","locations":[{"start":{"line":24,"column":16},"end":{"line":24,"column":40}},{"start":{"line":24,"column":44},"end":{"line":24,"column":51}}]},"13":{"loc":{"start":{"line":26,"column":20},"end":{"line":26,"column":54}},"type":"binary-expr","locations":[{"start":{"line":26,"column":20},"end":{"line":26,"column":48}},{"start":{"line":26,"column":52},"end":{"line":26,"column":54}}]},"14":{"loc":{"start":{"line":28,"column":32},"end":{"line":28,"column":74}},"type":"binary-expr","locations":[{"start":{"line":28,"column":32},"end":{"line":28,"column":63}},{"start":{"line":28,"column":67},"end":{"line":28,"column":74}}]},"15":{"loc":{"start":{"line":29,"column":31},"end":{"line":29,"column":71}},"type":"binary-expr","locations":[{"start":{"line":29,"column":31},"end":{"line":29,"column":61}},{"start":{"line":29,"column":65},"end":{"line":29,"column":71}}]},"16":{"loc":{"start":{"line":31,"column":33},"end":{"line":31,"column":76}},"type":"binary-expr","locations":[{"start":{"line":31,"column":33},"end":{"line":31,"column":65}},{"start":{"line":31,"column":69},"end":{"line":31,"column":76}}]},"17":{"loc":{"start":{"line":32,"column":36},"end":{"line":32,"column":80}},"type":"binary-expr","locations":[{"start":{"line":32,"column":36},"end":{"line":32,"column":71}},{"start":{"line":32,"column":75},"end":{"line":32,"column":80}}]}},"s":{"0":1,"1":1,"2":1,"3":1,"4":1,"5":0,"6":1},"f":{"0":1},"b":{"0":[1,0],"1":[1,0],"2":[1,0],"3":[1,0],"4":[1,0],"5":[1,0],"6":[1,0],"7":[0,1],"8":[1,0],"9":[1,0],"10":[1,0],"11":[1,0],"12":[1,0],"13":[1,1],"14":[1,0],"15":[1,0],"16":[1,0],"17":[1,0]}}
,"C:\\Users\\masou\\OneDrive\\spring26\\Reddit-AI-Debate-Analyzer\\backend\\src\\services\\CircularLogicDetector.ts": {"path":"C:\\Users\\masou\\OneDrive\\spring26\\Reddit-AI-Debate-Analyzer\\backend\\src\\services\\CircularLogicDetector.ts","statementMap":{"0":{"start":{"line":8,"column":28},"end":{"line":8,"column":30}},"1":{"start":{"line":9,"column":22},"end":{"line":9,"column":87}},"2":{"start":{"line":9,"column":52},"end":{"line":9,"column":60}},"3":{"start":{"line":9,"column":74},"end":{"line":9,"column":86}},"4":{"start":{"line":11,"column":4},"end":{"line":11,"column":44}},"5":{"start":{"line":11,"column":30},"end":{"line":11,"column":44}},"6":{"start":{"line":14,"column":4},"end":{"line":30,"column":5}},"7":{"start":{"line":14,"column":17},"end":{"line":14,"column":18}},"8":{"start":{"line":15,"column":6},"end":{"line":29,"column":7}},"9":{"start":{"line":15,"column":19},"end":{"line":15,"column":24}},"10":{"start":{"line":16,"column":24},"end":{"line":16,"column":71}},"11":{"start":{"line":17,"column":8},"end":{"line":28,"column":9}},"12":{"start":{"line":18,"column":24},"end":{"line":18,"column":50}},"13":{"start":{"line":19,"column":10},"end":{"line":27,"column":13}},"14":{"start":{"line":33,"column":28},"end":{"line":37,"column":6}},"15":{"start":{"line":39,"column":4},"end":{"line":52,"column":5}},"16":{"start":{"line":40,"column":20},"end":{"line":40,"column":38}},"17":{"start":{"line":41,"column":6},"end":{"line":51,"column":7}},"18":{"start":{"line":42,"column":8},"end":{"line":50,"column":11}},"19":{"start":{"line":54,"column":4},"end":{"line":54,"column":18}},"20":{"start":{"line":58,"column":19},"end":{"line":58,"column":56}},"21":{"start":{"line":59,"column":19},"end":{"line":59,"column":56}},"22":{"start":{"line":60,"column":23},"end":{"line":60,"column":24}},"23":{"start":{"line":61,"column":4},"end":{"line":63,"column":5}},"24":{"start":{"line":62,"column":6},"end":{"line":62,"column":40}},"25":{"start":{"line":62,"column":25},"end":{"line":62,"column":40}},"26":{"start":{"line":64,"column":4},"end":{"line":64,"column":61}},"27":{"start":{"line":68,"column":4},"end":{"line":68,"column":58}},"28":{"start":{"line":6,"column":0},"end":{"line":6,"column":13}}},"fnMap":{"0":{"name":"(anonymous_0)","decl":{"start":{"line":7,"column":2},"end":{"line":7,"column":7}},"loc":{"start":{"line":7,"column":27},"end":{"line":55,"column":3}}},"1":{"name":"(anonymous_1)","decl":{"start":{"line":9,"column":47},"end":{"line":9,"column":48}},"loc":{"start":{"line":9,"column":52},"end":{"line":9,"column":60}}},"2":{"name":"(anonymous_2)","decl":{"start":{"line":9,"column":69},"end":{"line":9,"column":70}},"loc":{"start":{"line":9,"column":74},"end":{"line":9,"column":86}}},"3":{"name":"(anonymous_3)","decl":{"start":{"line":57,"column":10},"end":{"line":57,"column":24}},"loc":{"start":{"line":57,"column":45},"end":{"line":65,"column":3}}},"4":{"name":"(anonymous_4)","decl":{"start":{"line":67,"column":10},"end":{"line":67,"column":23}},"loc":{"start":{"line":67,"column":54},"end":{"line":69,"column":3}}}},"branchMap":{"0":{"loc":{"start":{"line":11,"column":4},"end":{"line":11,"column":44}},"type":"if","locations":[{"start":{"line":11,"column":4},"end":{"line":11,"column":44}},{"start":{},"end":{}}]},"1":{"loc":{"start":{"line":17,"column":8},"end":{"line":28,"column":9}},"type":"if","locations":[{"start":{"line":17,"column":8},"end":{"line":28,"column":9}},{"start":{},"end":{}}]},"2":{"loc":{"start":{"line":41,"column":6},"end":{"line":51,"column":7}},"type":"if","locations":[{"start":{"line":41,"column":6},"end":{"line":51,"column":7}},{"start":{},"end":{}}]},"3":{"loc":{"start":{"line":41,"column":10},"end":{"line":41,"column":44}},"type":"binary-expr","locations":[{"start":{"line":41,"column":10},"end":{"line":41,"column":15}},{"start":{"line":41,"column":19},"end":{"line":41,"column":44}}]},"4":{"loc":{"start":{"line":62,"column":6},"end":{"line":62,"column":40}},"type":"if","locations":[{"start":{"line":62,"column":6},"end":{"line":62,"column":40}},{"start":{},"end":{}}]}},"s":{"0":0,"1":0,"2":0,"3":0,"4":0,"5":0,"6":0,"7":0,"8":0,"9":0,"10":0,"11":0,"12":0,"13":0,"14":0,"15":0,"16":0,"17":0,"18":0,"19":0,"20":0,"21":0,"22":0,"23":0,"24":0,"25":0,"26":0,"27":0,"28":1},"f":{"0":0,"1":0,"2":0,"3":0,"4":0},"b":{"0":[0,0],"1":[0,0],"2":[0,0],"3":[0,0],"4":[0,0]}}
,"C:\\Users\\masou\\OneDrive\\spring26\\Reddit-AI-Debate-Analyzer\\backend\\src\\services\\UnsupportedClaimsDetector.ts": {"path":"C:\\Users\\masou\\OneDrive\\spring26\\Reddit-AI-Debate-Analyzer\\backend\\src\\services\\UnsupportedClaimsDetector.ts","statementMap":{"0":{"start":{"line":8,"column":22},"end":{"line":8,"column":51}},"1":{"start":{"line":11,"column":28},"end":{"line":11,"column":30}},"2":{"start":{"line":14,"column":78},"end":{"line":23,"column":6}},"3":{"start":{"line":25,"column":4},"end":{"line":47,"column":5}},"4":{"start":{"line":26,"column":20},"end":{"line":26,"column":38}},"5":{"start":{"line":27,"column":6},"end":{"line":46,"column":7}},"6":{"start":{"line":29,"column":28},"end":{"line":31,"column":null}},"7":{"start":{"line":33,"column":28},"end":{"line":33,"column":110}},"8":{"start":{"line":35,"column":8},"end":{"line":45,"column":9}},"9":{"start":{"line":36,"column":10},"end":{"line":44,"column":13}},"10":{"start":{"line":49,"column":4},"end":{"line":49,"column":18}},"11":{"start":{"line":53,"column":4},"end":{"line":53,"column":58}},"12":{"start":{"line":7,"column":0},"end":{"line":7,"column":13}}},"fnMap":{"0":{"name":"(anonymous_0)","decl":{"start":{"line":8,"column":2},"end":{"line":8,"column":22}},"loc":{"start":{"line":8,"column":51},"end":{"line":8,"column":55}}},"1":{"name":"(anonymous_1)","decl":{"start":{"line":10,"column":2},"end":{"line":10,"column":7}},"loc":{"start":{"line":10,"column":27},"end":{"line":50,"column":3}}},"2":{"name":"(anonymous_2)","decl":{"start":{"line":52,"column":10},"end":{"line":52,"column":23}},"loc":{"start":{"line":52,"column":54},"end":{"line":54,"column":3}}}},"branchMap":{"0":{"loc":{"start":{"line":27,"column":6},"end":{"line":46,"column":7}},"type":"if","locations":[{"start":{"line":27,"column":6},"end":{"line":46,"column":7}},{"start":{},"end":{}}]},"1":{"loc":{"start":{"line":27,"column":10},"end":{"line":27,"column":44}},"type":"binary-expr","locations":[{"start":{"line":27,"column":10},"end":{"line":27,"column":15}},{"start":{"line":27,"column":19},"end":{"line":27,"column":44}}]},"2":{"loc":{"start":{"line":35,"column":8},"end":{"line":45,"column":9}},"type":"if","locations":[{"start":{"line":35,"column":8},"end":{"line":45,"column":9}},{"start":{},"end":{}}]}},"s":{"0":36,"1":0,"2":0,"3":0,"4":0,"5":0,"6":0,"7":0,"8":0,"9":0,"10":0,"11":0,"12":1},"f":{"0":36,"1":0,"2":0},"b":{"0":[0,0],"1":[0,0],"2":[0,0]}}
,"C:\\Users\\masou\\OneDrive\\spring26\\Reddit-AI-Debate-Analyzer\\backend\\src\\services\\WeakEvidenceDetector.ts": {"path":"C:\\Users\\masou\\OneDrive\\spring26\\Reddit-AI-Debate-Analyzer\\backend\\src\\services\\WeakEvidenceDetector.ts","statementMap":{"0":{"start":{"line":8,"column":28},"end":{"line":8,"column":30}},"1":{"start":{"line":11,"column":74},"end":{"line":32,"column":6}},"2":{"start":{"line":34,"column":4},"end":{"line":47,"column":5}},"3":{"start":{"line":35,"column":20},"end":{"line":35,"column":38}},"4":{"start":{"line":36,"column":6},"end":{"line":46,"column":7}},"5":{"start":{"line":37,"column":8},"end":{"line":45,"column":11}},"6":{"start":{"line":49,"column":4},"end":{"line":49,"column":18}},"7":{"start":{"line":53,"column":4},"end":{"line":53,"column":58}},"8":{"start":{"line":6,"column":0},"end":{"line":6,"column":13}}},"fnMap":{"0":{"name":"(anonymous_0)","decl":{"start":{"line":7,"column":2},"end":{"line":7,"column":7}},"loc":{"start":{"line":7,"column":27},"end":{"line":50,"column":3}}},"1":{"name":"(anonymous_1)","decl":{"start":{"line":52,"column":10},"end":{"line":52,"column":23}},"loc":{"start":{"line":52,"column":54},"end":{"line":54,"column":3}}}},"branchMap":{"0":{"loc":{"start":{"line":36,"column":6},"end":{"line":46,"column":7}},"type":"if","locations":[{"start":{"line":36,"column":6},"end":{"line":46,"column":7}},{"start":{},"end":{}}]},"1":{"loc":{"start":{"line":36,"column":10},"end":{"line":36,"column":44}},"type":"binary-expr","locations":[{"start":{"line":36,"column":10},"end":{"line":36,"column":15}},{"start":{"line":36,"column":19},"end":{"line":36,"column":44}}]}},"s":{"0":0,"1":0,"2":0,"3":0,"4":0,"5":0,"6":0,"7":0,"8":1},"f":{"0":0,"1":0},"b":{"0":[0,0],"1":[0,0]}}
,"C:\\Users\\masou\\OneDrive\\spring26\\Reddit-AI-Debate-Analyzer\\backend\\src\\services\\WritingFeedbackService.ts": {"path":"C:\\Users\\masou\\OneDrive\\spring26\\Reddit-AI-Debate-Analyzer\\backend\\src\\services\\WritingFeedbackService.ts","statementMap":{"0":{"start":{"line":1,"column":0},"end":{"line":1,"column":28}},"1":{"start":{"line":9,"column":0},"end":{"line":9,"column":64}},"2":{"start":{"line":10,"column":0},"end":{"line":10,"column":62}},"3":{"start":{"line":11,"column":0},"end":{"line":11,"column":72}},"4":{"start":{"line":12,"column":0},"end":{"line":12,"column":36}},"5":{"start":{"line":20,"column":12},"end":{"line":20,"column":41}},"6":{"start":{"line":21,"column":12},"end":{"line":21,"column":32}},"7":{"start":{"line":22,"column":12},"end":{"line":22,"column":50}},"8":{"start":{"line":24,"column":4},"end":{"line":24,"column":61}},"9":{"start":{"line":25,"column":4},"end":{"line":25,"column":59}},"10":{"start":{"line":26,"column":4},"end":{"line":26,"column":83}},"11":{"start":{"line":30,"column":17},"end":{"line":30,"column":36}},"12":{"start":{"line":31,"column":21},"end":{"line":31,"column":45}},"13":{"start":{"line":34,"column":19},"end":{"line":34,"column":65}},"14":{"start":{"line":35,"column":4},"end":{"line":35,"column":30}},"15":{"start":{"line":35,"column":16},"end":{"line":35,"column":30}},"16":{"start":{"line":38,"column":60},"end":{"line":42,"column":6}},"17":{"start":{"line":44,"column":22},"end":{"line":44,"column":78}},"18":{"start":{"line":45,"column":19},"end":{"line":45,"column":58}},"19":{"start":{"line":48,"column":4},"end":{"line":48,"column":88}},"20":{"start":{"line":50,"column":4},"end":{"line":50,"column":18}},"21":{"start":{"line":54,"column":19},"end":{"line":54,"column":48}},"22":{"start":{"line":57,"column":19},"end":{"line":65,"column":6}},"23":{"start":{"line":67,"column":4},"end":{"line":67,"column":45}},"24":{"start":{"line":71,"column":18},"end":{"line":71,"column":43}},"25":{"start":{"line":72,"column":24},"end":{"line":72,"column":56}},"26":{"start":{"line":73,"column":23},"end":{"line":73,"column":61}},"27":{"start":{"line":75,"column":4},"end":{"line":84,"column":6}},"28":{"start":{"line":81,"column":36},"end":{"line":81,"column":54}},"29":{"start":{"line":88,"column":4},"end":{"line":88,"column":40}},"30":{"start":{"line":88,"column":29},"end":{"line":88,"column":40}},"31":{"start":{"line":89,"column":52},"end":{"line":89,"column":90}},"32":{"start":{"line":90,"column":18},"end":{"line":90,"column":19}},"33":{"start":{"line":91,"column":4},"end":{"line":93,"column":5}},"34":{"start":{"line":92,"column":6},"end":{"line":92,"column":57}},"35":{"start":{"line":94,"column":4},"end":{"line":94,"column":74}},"36":{"start":{"line":98,"column":38},"end":{"line":98,"column":40}},"37":{"start":{"line":100,"column":4},"end":{"line":127,"column":5}},"38":{"start":{"line":101,"column":6},"end":{"line":126,"column":7}},"39":{"start":{"line":103,"column":10},"end":{"line":108,"column":13}},"40":{"start":{"line":109,"column":10},"end":{"line":109,"column":16}},"41":{"start":{"line":111,"column":10},"end":{"line":116,"column":13}},"42":{"start":{"line":117,"column":10},"end":{"line":117,"column":16}},"43":{"start":{"line":119,"column":10},"end":{"line":124,"column":13}},"44":{"start":{"line":125,"column":10},"end":{"line":125,"column":16}},"45":{"start":{"line":129,"column":4},"end":{"line":129,"column":23}},"46":{"start":{"line":133,"column":33},"end":{"line":133,"column":35}},"47":{"start":{"line":136,"column":4},"end":{"line":138,"column":5}},"48":{"start":{"line":137,"column":6},"end":{"line":137,"column":58}},"49":{"start":{"line":141,"column":4},"end":{"line":143,"column":5}},"50":{"start":{"line":142,"column":6},"end":{"line":142,"column":54}},"51":{"start":{"line":146,"column":4},"end":{"line":148,"column":5}},"52":{"start":{"line":147,"column":6},"end":{"line":147,"column":62}},"53":{"start":{"line":150,"column":4},"end":{"line":152,"column":5}},"54":{"start":{"line":151,"column":6},"end":{"line":151,"column":54}},"55":{"start":{"line":154,"column":4},"end":{"line":154,"column":22}},"56":{"start":{"line":158,"column":4},"end":{"line":158,"column":66}},"57":{"start":{"line":14,"column":0},"end":{"line":14,"column":13}}},"fnMap":{"0":{"name":"(anonymous_1)","decl":{"start":{"line":19,"column":2},"end":{"line":19,"column":null}},"loc":{"start":{"line":22,"column":50},"end":{"line":27,"column":3}}},"1":{"name":"(anonymous_2)","decl":{"start":{"line":29,"column":2},"end":{"line":29,"column":7}},"loc":{"start":{"line":29,"column":33},"end":{"line":51,"column":3}}},"2":{"name":"(anonymous_3)","decl":{"start":{"line":53,"column":2},"end":{"line":53,"column":7}},"loc":{"start":{"line":53,"column":80},"end":{"line":68,"column":3}}},"3":{"name":"(anonymous_4)","decl":{"start":{"line":70,"column":10},"end":{"line":70,"column":27}},"loc":{"start":{"line":70,"column":58},"end":{"line":85,"column":3}}},"4":{"name":"(anonymous_5)","decl":{"start":{"line":81,"column":24},"end":{"line":81,"column":25}},"loc":{"start":{"line":81,"column":36},"end":{"line":81,"column":54}}},"5":{"name":"(anonymous_6)","decl":{"start":{"line":87,"column":10},"end":{"line":87,"column":22}},"loc":{"start":{"line":87,"column":38},"end":{"line":95,"column":3}}},"6":{"name":"(anonymous_7)","decl":{"start":{"line":97,"column":10},"end":{"line":97,"column":29}},"loc":{"start":{"line":97,"column":45},"end":{"line":130,"column":3}}},"7":{"name":"(anonymous_8)","decl":{"start":{"line":132,"column":10},"end":{"line":132,"column":28}},"loc":{"start":{"line":132,"column":58},"end":{"line":155,"column":3}}},"8":{"name":"(anonymous_9)","decl":{"start":{"line":157,"column":10},"end":{"line":157,"column":18}},"loc":{"start":{"line":157,"column":31},"end":{"line":159,"column":3}}}},"branchMap":{"0":{"loc":{"start":{"line":35,"column":4},"end":{"line":35,"column":30}},"type":"if","locations":[{"start":{"line":35,"column":4},"end":{"line":35,"column":30}},{"start":{},"end":{}}]},"1":{"loc":{"start":{"line":59,"column":15},"end":{"line":59,"column":30}},"type":"binary-expr","locations":[{"start":{"line":59,"column":15},"end":{"line":59,"column":22}},{"start":{"line":59,"column":26},"end":{"line":59,"column":30}}]},"2":{"loc":{"start":{"line":80,"column":18},"end":{"line":82,"column":13}},"type":"cond-expr","locations":[{"start":{"line":81,"column":10},"end":{"line":81,"column":74}},{"start":{"line":82,"column":10},"end":{"line":82,"column":13}}]},"3":{"loc":{"start":{"line":88,"column":4},"end":{"line":88,"column":40}},"type":"if","locations":[{"start":{"line":88,"column":4},"end":{"line":88,"column":40}},{"start":{},"end":{}}]},"4":{"loc":{"start":{"line":92,"column":17},"end":{"line":92,"column":56}},"type":"binary-expr","locations":[{"start":{"line":92,"column":17},"end":{"line":92,"column":48}},{"start":{"line":92,"column":52},"end":{"line":92,"column":56}}]},"5":{"loc":{"start":{"line":101,"column":6},"end":{"line":126,"column":7}},"type":"switch","locations":[{"start":{"line":102,"column":8},"end":{"line":109,"column":16}},{"start":{"line":110,"column":8},"end":{"line":117,"column":16}},{"start":{"line":118,"column":8},"end":{"line":125,"column":16}}]},"6":{"loc":{"start":{"line":136,"column":4},"end":{"line":138,"column":5}},"type":"if","locations":[{"start":{"line":136,"column":4},"end":{"line":138,"column":5}},{"start":{},"end":{}}]},"7":{"loc":{"start":{"line":141,"column":4},"end":{"line":143,"column":5}},"type":"if","locations":[{"start":{"line":141,"column":4},"end":{"line":143,"column":5}},{"start":{},"end":{}}]},"8":{"loc":{"start":{"line":146,"column":4},"end":{"line":148,"column":5}},"type":"if","locations":[{"start":{"line":146,"column":4},"end":{"line":148,"column":5}},{"start":{},"end":{}}]},"9":{"loc":{"start":{"line":150,"column":4},"end":{"line":152,"column":5}},"type":"if","locations":[{"start":{"line":150,"column":4},"end":{"line":152,"column":5}},{"start":{},"end":{}}]}},"s":{"0":1,"1":1,"2":1,"3":1,"4":1,"5":36,"6":36,"7":36,"8":36,"9":36,"10":36,"11":9,"12":9,"13":9,"14":9,"15":2,"16":7,"17":7,"18":7,"19":7,"20":7,"21":3,"22":3,"23":3,"24":10,"25":10,"26":10,"27":10,"28":10,"29":17,"30":7,"31":10,"32":10,"33":10,"34":27,"35":10,"36":16,"37":16,"38":17,"39":8,"40":8,"41":4,"42":4,"43":4,"44":4,"45":16,"46":19,"47":19,"48":4,"49":19,"50":4,"51":19,"52":2,"53":19,"54":11,"55":19,"56":14,"57":1},"f":{"0":36,"1":9,"2":3,"3":10,"4":10,"5":17,"6":16,"7":19,"8":14},"b":{"0":[2,7],"1":[3,2],"2":[4,6],"3":[7,10],"4":[27,1],"5":[8,4,4],"6":[4,15],"7":[4,15],"8":[2,17],"9":[11,8]}}
,"C:\\Users\\masou\\OneDrive\\spring26\\Reddit-AI-Debate-Analyzer\\backend\\src\\services\\WritingFeedbackSessionManager.ts": {"path":"C:\\Users\\masou\\OneDrive\\spring26\\Reddit-AI-Debate-Analyzer\\backend\\src\\services\\WritingFeedbackSessionManager.ts","statementMap":{"0":{"start":{"line":21,"column":4},"end":{"line":21,"column":30}},"1":{"start":{"line":22,"column":4},"end":{"line":22,"column":35}},"2":{"start":{"line":23,"column":4},"end":{"line":23,"column":45}},"3":{"start":{"line":24,"column":4},"end":{"line":24,"column":20}},"4":{"start":{"line":28,"column":4},"end":{"line":33,"column":5}},"5":{"start":{"line":29,"column":6},"end":{"line":29,"column":34}},"6":{"start":{"line":30,"column":6},"end":{"line":32,"column":7}},"7":{"start":{"line":31,"column":8},"end":{"line":31,"column":21}},"8":{"start":{"line":34,"column":4},"end":{"line":40,"column":7}},"9":{"start":{"line":41,"column":4},"end":{"line":41,"column":20}},"10":{"start":{"line":42,"column":4},"end":{"line":42,"column":16}},"11":{"start":{"line":46,"column":4},"end":{"line":46,"column":33}},"12":{"start":{"line":47,"column":4},"end":{"line":47,"column":20}},"13":{"start":{"line":51,"column":18},"end":{"line":51,"column":43}},"14":{"start":{"line":52,"column":4},"end":{"line":52,"column":29}},"15":{"start":{"line":52,"column":16},"end":{"line":52,"column":29}},"16":{"start":{"line":53,"column":4},"end":{"line":53,"column":35}},"17":{"start":{"line":54,"column":4},"end":{"line":54,"column":38}},"18":{"start":{"line":55,"column":4},"end":{"line":55,"column":20}},"19":{"start":{"line":56,"column":4},"end":{"line":56,"column":16}},"20":{"start":{"line":60,"column":18},"end":{"line":60,"column":43}},"21":{"start":{"line":61,"column":4},"end":{"line":61,"column":29}},"22":{"start":{"line":61,"column":16},"end":{"line":61,"column":29}},"23":{"start":{"line":62,"column":4},"end":{"line":62,"column":51}},"24":{"start":{"line":63,"column":4},"end":{"line":63,"column":35}},"25":{"start":{"line":64,"column":4},"end":{"line":64,"column":38}},"26":{"start":{"line":65,"column":4},"end":{"line":65,"column":20}},"27":{"start":{"line":66,"column":4},"end":{"line":66,"column":16}},"28":{"start":{"line":70,"column":18},"end":{"line":70,"column":43}},"29":{"start":{"line":71,"column":4},"end":{"line":71,"column":29}},"30":{"start":{"line":71,"column":16},"end":{"line":71,"column":29}},"31":{"start":{"line":72,"column":4},"end":{"line":72,"column":34}},"32":{"start":{"line":73,"column":4},"end":{"line":73,"column":38}},"33":{"start":{"line":74,"column":4},"end":{"line":74,"column":20}},"34":{"start":{"line":75,"column":4},"end":{"line":75,"column":16}},"35":{"start":{"line":79,"column":18},"end":{"line":79,"column":43}},"36":{"start":{"line":80,"column":4},"end":{"line":80,"column":29}},"37":{"start":{"line":80,"column":16},"end":{"line":80,"column":29}},"38":{"start":{"line":81,"column":4},"end":{"line":81,"column":81}},"39":{"start":{"line":81,"column":68},"end":{"line":81,"column":81}},"40":{"start":{"line":82,"column":4},"end":{"line":82,"column":34}},"41":{"start":{"line":86,"column":18},"end":{"line":86,"column":43}},"42":{"start":{"line":87,"column":4},"end":{"line":87,"column":28}},"43":{"start":{"line":87,"column":16},"end":{"line":87,"column":28}},"44":{"start":{"line":88,"column":4},"end":{"line":91,"column":5}},"45":{"start":{"line":89,"column":6},"end":{"line":89,"column":35}},"46":{"start":{"line":90,"column":6},"end":{"line":90,"column":18}},"47":{"start":{"line":92,"column":4},"end":{"line":92,"column":34}},"48":{"start":{"line":96,"column":16},"end":{"line":96,"column":26}},"49":{"start":{"line":97,"column":29},"end":{"line":97,"column":31}},"50":{"start":{"line":98,"column":4},"end":{"line":102,"column":5}},"51":{"start":{"line":99,"column":6},"end":{"line":101,"column":7}},"52":{"start":{"line":100,"column":8},"end":{"line":100,"column":28}},"53":{"start":{"line":103,"column":4},"end":{"line":103,"column":18}},"54":{"start":{"line":107,"column":16},"end":{"line":107,"column":26}},"55":{"start":{"line":108,"column":18},"end":{"line":108,"column":19}},"56":{"start":{"line":109,"column":4},"end":{"line":114,"column":5}},"57":{"start":{"line":110,"column":6},"end":{"line":113,"column":7}},"58":{"start":{"line":111,"column":8},"end":{"line":111,"column":37}},"59":{"start":{"line":112,"column":8},"end":{"line":112,"column":18}},"60":{"start":{"line":115,"column":4},"end":{"line":115,"column":20}},"61":{"start":{"line":116,"column":4},"end":{"line":116,"column":19}},"62":{"start":{"line":120,"column":18},"end":{"line":120,"column":43}},"63":{"start":{"line":121,"column":4},"end":{"line":124,"column":5}},"64":{"start":{"line":122,"column":6},"end":{"line":122,"column":37}},"65":{"start":{"line":123,"column":6},"end":{"line":123,"column":40}},"66":{"start":{"line":128,"column":4},"end":{"line":128,"column":54}},"67":{"start":{"line":128,"column":47},"end":{"line":128,"column":54}},"68":{"start":{"line":129,"column":4},"end":{"line":129,"column":59}},"69":{"start":{"line":130,"column":4},"end":{"line":130,"column":41}},"70":{"start":{"line":131,"column":4},"end":{"line":131,"column":46}},"71":{"start":{"line":132,"column":4},"end":{"line":141,"column":5}},"72":{"start":{"line":133,"column":6},"end":{"line":133,"column":33}},"73":{"start":{"line":134,"column":6},"end":{"line":134,"column":48}},"74":{"start":{"line":135,"column":6},"end":{"line":135,"column":47}},"75":{"start":{"line":136,"column":6},"end":{"line":140,"column":7}},"76":{"start":{"line":137,"column":8},"end":{"line":137,"column":87}},"77":{"start":{"line":138,"column":8},"end":{"line":138,"column":97}},"78":{"start":{"line":139,"column":8},"end":{"line":139,"column":65}},"79":{"start":{"line":15,"column":0},"end":{"line":15,"column":13}}},"fnMap":{"0":{"name":"(anonymous_0)","decl":{"start":{"line":20,"column":2},"end":{"line":20,"column":14}},"loc":{"start":{"line":20,"column":60},"end":{"line":25,"column":3}}},"1":{"name":"(anonymous_1)","decl":{"start":{"line":27,"column":2},"end":{"line":27,"column":17}},"loc":{"start":{"line":27,"column":50},"end":{"line":43,"column":3}}},"2":{"name":"(anonymous_2)","decl":{"start":{"line":45,"column":2},"end":{"line":45,"column":15}},"loc":{"start":{"line":45,"column":30},"end":{"line":48,"column":3}}},"3":{"name":"(anonymous_3)","decl":{"start":{"line":50,"column":2},"end":{"line":50,"column":13}},"loc":{"start":{"line":50,"column":47},"end":{"line":57,"column":3}}},"4":{"name":"(anonymous_4)","decl":{"start":{"line":59,"column":2},"end":{"line":59,"column":16}},"loc":{"start":{"line":59,"column":57},"end":{"line":67,"column":3}}},"5":{"name":"(anonymous_5)","decl":{"start":{"line":69,"column":2},"end":{"line":69,"column":22}},"loc":{"start":{"line":69,"column":37},"end":{"line":76,"column":3}}},"6":{"name":"(anonymous_6)","decl":{"start":{"line":78,"column":2},"end":{"line":78,"column":20}},"loc":{"start":{"line":78,"column":35},"end":{"line":83,"column":3}}},"7":{"name":"(anonymous_7)","decl":{"start":{"line":85,"column":2},"end":{"line":85,"column":12}},"loc":{"start":{"line":85,"column":27},"end":{"line":93,"column":3}}},"8":{"name":"(anonymous_8)","decl":{"start":{"line":95,"column":2},"end":{"line":95,"column":18}},"loc":{"start":{"line":95,"column":18},"end":{"line":104,"column":3}}},"9":{"name":"(anonymous_9)","decl":{"start":{"line":106,"column":2},"end":{"line":106,"column":22}},"loc":{"start":{"line":106,"column":22},"end":{"line":117,"column":3}}},"10":{"name":"(anonymous_10)","decl":{"start":{"line":119,"column":2},"end":{"line":119,"column":23}},"loc":{"start":{"line":119,"column":38},"end":{"line":125,"column":3}}},"11":{"name":"(anonymous_11)","decl":{"start":{"line":127,"column":10},"end":{"line":127,"column":18}},"loc":{"start":{"line":127,"column":18},"end":{"line":142,"column":3}}}},"branchMap":{"0":{"loc":{"start":{"line":20,"column":14},"end":{"line":20,"column":30}},"type":"default-arg","locations":[{"start":{"line":20,"column":28},"end":{"line":20,"column":30}}]},"1":{"loc":{"start":{"line":20,"column":32},"end":{"line":20,"column":60}},"type":"default-arg","locations":[{"start":{"line":20,"column":51},"end":{"line":20,"column":60}}]},"2":{"loc":{"start":{"line":28,"column":4},"end":{"line":33,"column":5}},"type":"if","locations":[{"start":{"line":28,"column":4},"end":{"line":33,"column":5}},{"start":{},"end":{}}]},"3":{"loc":{"start":{"line":28,"column":8},"end":{"line":28,"column":76}},"type":"binary-expr","locations":[{"start":{"line":28,"column":8},"end":{"line":28,"column":46}},{"start":{"line":28,"column":50},"end":{"line":28,"column":76}}]},"4":{"loc":{"start":{"line":30,"column":6},"end":{"line":32,"column":7}},"type":"if","locations":[{"start":{"line":30,"column":6},"end":{"line":32,"column":7}},{"start":{},"end":{}}]},"5":{"loc":{"start":{"line":52,"column":4},"end":{"line":52,"column":29}},"type":"if","locations":[{"start":{"line":52,"column":4},"end":{"line":52,"column":29}},{"start":{},"end":{}}]},"6":{"loc":{"start":{"line":61,"column":4},"end":{"line":61,"column":29}},"type":"if","locations":[{"start":{"line":61,"column":4},"end":{"line":61,"column":29}},{"start":{},"end":{}}]},"7":{"loc":{"start":{"line":71,"column":4},"end":{"line":71,"column":29}},"type":"if","locations":[{"start":{"line":71,"column":4},"end":{"line":71,"column":29}},{"start":{},"end":{}}]},"8":{"loc":{"start":{"line":80,"column":4},"end":{"line":80,"column":29}},"type":"if","locations":[{"start":{"line":80,"column":4},"end":{"line":80,"column":29}},{"start":{},"end":{}}]},"9":{"loc":{"start":{"line":81,"column":4},"end":{"line":81,"column":81}},"type":"if","locations":[{"start":{"line":81,"column":4},"end":{"line":81,"column":81}},{"start":{},"end":{}}]},"10":{"loc":{"start":{"line":87,"column":4},"end":{"line":87,"column":28}},"type":"if","locations":[{"start":{"line":87,"column":4},"end":{"line":87,"column":28}},{"start":{},"end":{}}]},"11":{"loc":{"start":{"line":88,"column":4},"end":{"line":91,"column":5}},"type":"if","locations":[{"start":{"line":88,"column":4},"end":{"line":91,"column":5}},{"start":{},"end":{}}]},"12":{"loc":{"start":{"line":99,"column":6},"end":{"line":101,"column":7}},"type":"if","locations":[{"start":{"line":99,"column":6},"end":{"line":101,"column":7}},{"start":{},"end":{}}]},"13":{"loc":{"start":{"line":110,"column":6},"end":{"line":113,"column":7}},"type":"if","locations":[{"start":{"line":110,"column":6},"end":{"line":113,"column":7}},{"start":{},"end":{}}]},"14":{"loc":{"start":{"line":121,"column":4},"end":{"line":124,"column":5}},"type":"if","locations":[{"start":{"line":121,"column":4},"end":{"line":124,"column":5}},{"start":{},"end":{}}]},"15":{"loc":{"start":{"line":128,"column":4},"end":{"line":128,"column":54}},"type":"if","locations":[{"start":{"line":128,"column":4},"end":{"line":128,"column":54}},{"start":{},"end":{}}]},"16":{"loc":{"start":{"line":136,"column":6},"end":{"line":140,"column":7}},"type":"if","locations":[{"start":{"line":136,"column":6},"end":{"line":140,"column":7}},{"start":{},"end":{}}]},"17":{"loc":{"start":{"line":137,"column":23},"end":{"line":137,"column":85}},"type":"binary-expr","locations":[{"start":{"line":137,"column":23},"end":{"line":137,"column":52}},{"start":{"line":137,"column":56},"end":{"line":137,"column":85}}]},"18":{"loc":{"start":{"line":138,"column":23},"end":{"line":138,"column":95}},"type":"binary-expr","locations":[{"start":{"line":138,"column":23},"end":{"line":138,"column":57}},{"start":{"line":138,"column":61},"end":{"line":138,"column":95}}]}},"s":{"0":35,"1":35,"2":35,"3":35,"4":45,"5":3,"6":3,"7":2,"8":43,"9":43,"10":43,"11":2,"12":2,"13":4,"14":4,"15":1,"16":3,"17":3,"18":3,"19":3,"20":4,"21":4,"22":1,"23":3,"24":3,"25":3,"26":3,"27":3,"28":8,"29":8,"30":1,"31":7,"32":7,"33":7,"34":7,"35":8,"36":8,"37":1,"38":7,"39":1,"40":6,"41":19,"42":19,"43":3,"44":16,"45":1,"46":1,"47":15,"48":12,"49":12,"50":12,"51":11,"52":8,"53":12,"54":6,"55":6,"56":6,"57":14,"58":6,"59":6,"60":6,"61":6,"62":2,"63":2,"64":1,"65":1,"66":99,"67":2,"68":97,"69":97,"70":97,"71":97,"72":84,"73":84,"74":84,"75":84,"76":3,"77":3,"78":3,"79":1},"f":{"0":35,"1":45,"2":2,"3":4,"4":4,"5":8,"6":8,"7":19,"8":12,"9":6,"10":2,"11":99},"b":{"0":[25],"1":[25],"2":[3,42],"3":[45,4],"4":[2,1],"5":[1,3],"6":[1,3],"7":[1,7],"8":[1,7],"9":[1,6],"10":[3,16],"11":[1,15],"12":[8,3],"13":[6,8],"14":[1,1],"15":[2,97],"16":[3,81],"17":[3,3],"18":[3,3]}}
}
