TN:
SF:src\config\env.ts
FN:14,(anonymous_1)
FNF:1
FNH:1
FNDA:3,(anonymous_1)
DA:1,3
DA:2,3
DA:4,3
DA:15,3
DA:16,3
DA:17,0
DA:19,3
LF:7
LH:6
BRDA:5,0,0,3
BRDA:5,0,1,0
BRDA:6,1,0,3
BRDA:6,1,1,0
BRDA:8,2,0,3
BRDA:8,2,1,0
BRDA:9,3,0,3
BRDA:9,3,1,0
BRDA:10,4,0,3
BRDA:10,4,1,0
BRDA:11,5,0,3
BRDA:11,5,1,0
BRDA:12,6,0,3
BRDA:12,6,1,0
BRDA:16,7,0,0
BRDA:16,7,1,3
BRDA:16,8,0,3
BRDA:16,8,1,0
BRDA:19,9,0,3
BRDA:19,9,1,0
BRDA:21,10,0,3
BRDA:21,10,1,0
BRDA:23,11,0,3
BRDA:23,11,1,0
BRDA:24,12,0,3
BRDA:24,12,1,0
BRDA:26,13,0,3
BRDA:26,13,1,3
BRDA:28,14,0,3
BRDA:28,14,1,0
BRDA:29,15,0,3
BRDA:29,15,1,0
BRDA:31,16,0,3
BRDA:31,16,1,0
BRDA:32,17,0,3
BRDA:32,17,1,0
BRF:36
BRH:19
end_of_record
TN:
SF:src\services\CircularLogicDetector.ts
FN:7,(anonymous_0)
FN:9,(anonymous_1)
FN:9,(anonymous_2)
FN:57,(anonymous_3)
FN:67,(anonymous_4)
FNF:5
FNH:5
FNDA:18,(anonymous_0)
FNDA:38,(anonymous_1)
FNDA:38,(anonymous_2)
FNDA:6,(anonymous_3)
FNDA:4,(anonymous_4)
DA:6,3
DA:8,18
DA:9,38
DA:11,18
DA:14,6
DA:15,12
DA:16,6
DA:17,6
DA:18,1
DA:19,1
DA:33,6
DA:39,6
DA:40,18
DA:41,18
DA:42,3
DA:54,6
DA:58,6
DA:59,6
DA:60,6
DA:61,6
DA:62,32
DA:64,6
DA:68,4
LF:23
LH:23
BRDA:11,0,0,12
BRDA:11,0,1,6
BRDA:17,1,0,1
BRDA:17,1,1,5
BRDA:41,2,0,3
BRDA:41,2,1,15
BRDA:41,3,0,18
BRDA:41,3,1,3
BRDA:62,4,0,13
BRDA:62,4,1,19
BRF:10
BRH:10
end_of_record
TN:
SF:src\services\InMemoryCacheService.ts
FN:18,(anonymous_0)
FN:22,(anonymous_1)
FN:26,(anonymous_2)
FN:36,(anonymous_3)
FN:54,(anonymous_4)
FN:58,(anonymous_5)
FN:68,(anonymous_6)
FN:77,(anonymous_7)
FN:85,(anonymous_8)
FNF:9
FNH:8
FNDA:31,(anonymous_0)
FNDA:0,(anonymous_1)
FNDA:34,(anonymous_2)
FNDA:33,(anonymous_3)
FNDA:2,(anonymous_4)
FNDA:3,(anonymous_5)
FNDA:2,(anonymous_6)
FNDA:32,(anonymous_7)
FNDA:64,(anonymous_8)
DA:12,3
DA:19,31
DA:20,31
DA:21,31
DA:22,31
DA:23,31
DA:27,34
DA:28,34
DA:29,11
DA:30,1
DA:31,1
DA:33,10
DA:37,33
DA:38,1
DA:39,1
DA:41,1
DA:42,1
DA:43,1
DA:47,33
DA:51,33
DA:55,2
DA:59,3
DA:60,3
DA:61,2
DA:62,1
DA:63,1
DA:65,1
DA:69,2
DA:70,2
DA:71,6
DA:72,2
DA:78,32
DA:79,31
DA:80,31
DA:82,32
DA:86,64
DA:87,64
DA:88,64
DA:89,64
DA:91,64
DA:92,42
DA:93,42
DA:95,42
LF:43
LH:43
BRDA:18,0,0,0
BRDA:18,1,0,0
BRDA:28,2,0,23
BRDA:28,2,1,11
BRDA:29,3,0,1
BRDA:29,3,1,10
BRDA:36,4,0,11
BRDA:37,5,0,1
BRDA:37,5,1,32
BRDA:37,6,0,33
BRDA:37,6,1,1
BRDA:39,7,0,1
BRDA:39,7,1,0
BRDA:42,8,0,1
BRDA:42,8,1,0
BRDA:60,9,0,1
BRDA:60,9,1,2
BRDA:61,10,0,1
BRDA:61,10,1,1
BRDA:71,11,0,2
BRDA:71,11,1,4
BRDA:78,12,0,31
BRDA:78,12,1,1
BRDA:86,13,0,0
BRDA:86,13,1,64
BRDA:93,14,0,42
BRDA:93,14,1,42
BRF:27
BRH:22
end_of_record
TN:
SF:src\services\MockAIAnalysisService.ts
FN:11,(anonymous_0)
FN:17,(anonymous_1)
FN:29,(anonymous_2)
FN:36,(anonymous_3)
FNF:4
FNH:4
FNDA:5,(anonymous_0)
FNDA:5,(anonymous_1)
FNDA:3,(anonymous_2)
FNDA:4,(anonymous_3)
DA:10,4
DA:12,5
DA:19,5
DA:20,5
DA:33,3
DA:37,4
DA:38,4
LF:7
LH:7
BRDA:19,0,0,1
BRDA:19,0,1,4
BRDA:19,1,0,1
BRDA:19,1,1,3
BRDA:37,2,0,4
BRDA:37,2,1,1
BRF:6
BRH:6
end_of_record
TN:
SF:src\services\ReasoningSummaryService.ts
FN:11,(anonymous_0)
FN:18,(anonymous_1)
FN:45,(anonymous_2)
FN:70,(anonymous_3)
FN:76,(anonymous_4)
FNF:5
FNH:5
FNDA:7,(anonymous_0)
FNDA:6,(anonymous_1)
FNDA:2,(anonymous_2)
FNDA:1,(anonymous_3)
FNDA:4,(anonymous_4)
DA:8,1
DA:10,1
DA:12,7
DA:13,7
DA:14,7
DA:15,7
DA:19,6
DA:22,6
DA:23,6
DA:26,4
DA:27,4
DA:28,2
DA:29,2
DA:30,2
DA:34,2
DA:35,2
DA:36,1
DA:37,1
DA:38,1
DA:39,1
DA:42,1
DA:46,2
DA:48,2
DA:52,2
DA:53,2
DA:55,2
DA:57,2
DA:65,2
DA:66,2
DA:67,2
DA:71,1
DA:72,1
DA:73,1
DA:77,4
LF:34
LH:34
BRDA:23,0,0,2
BRDA:23,0,1,4
BRDA:27,1,0,2
BRDA:27,1,1,2
BRDA:35,2,0,1
BRDA:35,2,1,1
BRDA:55,3,0,2
BRDA:55,3,1,0
BRDA:83,4,0,4
BRDA:83,4,1,0
BRF:10
BRH:8
end_of_record
TN:
SF:src\services\UnsupportedClaimsDetector.ts
FN:8,(anonymous_0)
FN:10,(anonymous_1)
FN:52,(anonymous_2)
FNF:3
FNH:3
FNDA:56,(anonymous_0)
FNDA:20,(anonymous_1)
FNDA:7,(anonymous_2)
DA:7,3
DA:8,56
DA:11,20
DA:14,20
DA:25,20
DA:26,40
DA:27,40
DA:29,9
DA:33,9
DA:35,9
DA:36,7
DA:49,20
DA:53,7
LF:13
LH:13
BRDA:27,0,0,9
BRDA:27,0,1,31
BRDA:27,1,0,40
BRDA:27,1,1,9
BRDA:35,2,0,7
BRDA:35,2,1,2
BRF:6
BRH:6
end_of_record
TN:
SF:src\services\WeakEvidenceDetector.ts
FN:7,(anonymous_0)
FN:52,(anonymous_1)
FNF:2
FNH:2
FNDA:21,(anonymous_0)
FNDA:12,(anonymous_1)
DA:6,3
DA:8,21
DA:11,21
DA:34,21
DA:35,105
DA:36,105
DA:37,12
DA:49,21
DA:53,12
LF:9
LH:9
BRDA:36,0,0,12
BRDA:36,0,1,93
BRDA:36,1,0,105
BRDA:36,1,1,12
BRF:4
BRH:4
end_of_record
TN:
SF:src\services\WritingFeedbackService.ts
FN:19,(anonymous_1)
FN:29,(anonymous_2)
FN:53,(anonymous_3)
FN:70,(anonymous_4)
FN:81,(anonymous_5)
FN:87,(anonymous_6)
FN:97,(anonymous_7)
FN:132,(anonymous_8)
FN:157,(anonymous_9)
FNF:9
FNH:9
FNDA:47,(anonymous_1)
FNDA:21,(anonymous_2)
FNDA:5,(anonymous_3)
FNDA:21,(anonymous_4)
FNDA:16,(anonymous_5)
FNDA:28,(anonymous_6)
FNDA:27,(anonymous_7)
FNDA:30,(anonymous_8)
FNDA:26,(anonymous_9)
DA:1,2
DA:9,2
DA:10,2
DA:11,2
DA:12,2
DA:14,2
DA:20,47
DA:21,47
DA:22,47
DA:24,47
DA:25,47
DA:26,47
DA:30,21
DA:31,21
DA:34,21
DA:35,21
DA:38,18
DA:44,18
DA:45,18
DA:48,18
DA:50,18
DA:54,5
DA:57,5
DA:67,5
DA:71,21
DA:72,21
DA:73,21
DA:75,21
DA:81,16
DA:88,28
DA:89,14
DA:90,14
DA:91,14
DA:92,33
DA:94,14
DA:98,27
DA:100,27
DA:101,23
DA:103,8
DA:109,8
DA:111,8
DA:117,8
DA:119,6
DA:125,6
DA:129,27
DA:133,30
DA:136,30
DA:137,5
DA:141,30
DA:142,5
DA:146,30
DA:147,2
DA:150,30
DA:151,20
DA:154,30
DA:158,26
LF:56
LH:56
BRDA:35,0,0,3
BRDA:35,0,1,18
BRDA:59,1,0,5
BRDA:59,1,1,3
BRDA:80,2,0,8
BRDA:80,2,1,13
BRDA:88,3,0,14
BRDA:88,3,1,14
BRDA:92,4,0,33
BRDA:92,4,1,1
BRDA:101,5,0,8
BRDA:101,5,1,8
BRDA:101,5,2,6
BRDA:136,6,0,5
BRDA:136,6,1,25
BRDA:141,7,0,5
BRDA:141,7,1,25
BRDA:146,8,0,2
BRDA:146,8,1,28
BRDA:150,9,0,20
BRDA:150,9,1,10
BRF:21
BRH:21
end_of_record
TN:
SF:src\services\WritingFeedbackSessionManager.ts
FN:20,(anonymous_0)
FN:27,(anonymous_1)
FN:45,(anonymous_2)
FN:50,(anonymous_3)
FN:59,(anonymous_4)
FN:69,(anonymous_5)
FN:78,(anonymous_6)
FN:85,(anonymous_7)
FN:95,(anonymous_8)
FN:106,(anonymous_9)
FN:119,(anonymous_10)
FN:127,(anonymous_11)
FNF:12
FNH:12
FNDA:55,(anonymous_0)
FNDA:81,(anonymous_1)
FNDA:3,(anonymous_2)
FNDA:7,(anonymous_3)
FNDA:6,(anonymous_4)
FNDA:12,(anonymous_5)
FNDA:12,(anonymous_6)
FNDA:28,(anonymous_7)
FNDA:15,(anonymous_8)
FNDA:8,(anonymous_9)
FNDA:3,(anonymous_10)
FNDA:164,(anonymous_11)
DA:15,2
DA:21,55
DA:22,55
DA:23,55
DA:24,55
DA:28,81
DA:29,4
DA:30,4
DA:31,3
DA:34,78
DA:41,78
DA:42,78
DA:46,3
DA:47,3
DA:51,7
DA:52,7
DA:53,5
DA:54,5
DA:55,5
DA:56,5
DA:60,6
DA:61,6
DA:62,5
DA:63,5
DA:64,5
DA:65,5
DA:66,5
DA:70,12
DA:71,12
DA:72,10
DA:73,10
DA:74,10
DA:75,10
DA:79,12
DA:80,12
DA:81,10
DA:82,9
DA:86,28
DA:87,28
DA:88,23
DA:89,2
DA:90,2
DA:92,21
DA:96,15
DA:97,15
DA:98,15
DA:99,15
DA:100,12
DA:103,15
DA:107,8
DA:108,8
DA:109,8
DA:110,25
DA:111,7
DA:112,7
DA:115,8
DA:116,8
DA:120,3
DA:121,3
DA:122,2
DA:123,2
DA:128,164
DA:129,162
DA:130,162
DA:131,162
DA:132,162
DA:133,227
DA:134,227
DA:135,227
DA:136,227
DA:137,5
DA:138,5
DA:139,5
LF:73
LH:73
BRDA:20,0,0,25
BRDA:20,1,0,25
BRDA:28,2,0,4
BRDA:28,2,1,77
BRDA:28,3,0,81
BRDA:28,3,1,5
BRDA:30,4,0,3
BRDA:30,4,1,1
BRDA:52,5,0,2
BRDA:52,5,1,5
BRDA:61,6,0,1
BRDA:61,6,1,5
BRDA:71,7,0,2
BRDA:71,7,1,10
BRDA:80,8,0,2
BRDA:80,8,1,10
BRDA:81,9,0,1
BRDA:81,9,1,9
BRDA:87,10,0,5
BRDA:87,10,1,23
BRDA:88,11,0,2
BRDA:88,11,1,21
BRDA:99,12,0,12
BRDA:99,12,1,3
BRDA:110,13,0,7
BRDA:110,13,1,18
BRDA:121,14,0,2
BRDA:121,14,1,1
BRDA:128,15,0,2
BRDA:128,15,1,162
BRDA:136,16,0,5
BRDA:136,16,1,222
BRDA:137,17,0,5
BRDA:137,17,1,5
BRDA:138,18,0,5
BRDA:138,18,1,5
BRF:36
BRH:36
end_of_record
