TN:
SF:src\config\env.ts
FN:14,(anonymous_1)
FNF:1
FNH:1
FNDA:1,(anonymous_1)
DA:1,1
DA:2,1
DA:4,1
DA:15,1
DA:16,1
DA:17,0
DA:19,1
LF:7
LH:6
BRDA:5,0,0,1
BRDA:5,0,1,0
BRDA:6,1,0,1
BRDA:6,1,1,0
BRDA:8,2,0,1
BRDA:8,2,1,0
BRDA:9,3,0,1
BRDA:9,3,1,0
BRDA:10,4,0,1
BRDA:10,4,1,0
BRDA:11,5,0,1
BRDA:11,5,1,0
BRDA:12,6,0,1
BRDA:12,6,1,0
BRDA:16,7,0,0
BRDA:16,7,1,1
BRDA:16,8,0,1
BRDA:16,8,1,0
BRDA:19,9,0,1
BRDA:19,9,1,0
BRDA:21,10,0,1
BRDA:21,10,1,0
BRDA:23,11,0,1
BRDA:23,11,1,0
BRDA:24,12,0,1
BRDA:24,12,1,0
BRDA:26,13,0,1
BRDA:26,13,1,1
BRDA:28,14,0,1
BRDA:28,14,1,0
BRDA:29,15,0,1
BRDA:29,15,1,0
BRDA:31,16,0,1
BRDA:31,16,1,0
BRDA:32,17,0,1
BRDA:32,17,1,0
BRF:36
BRH:19
end_of_record
TN:
SF:src\services\CircularLogicDetector.ts
FN:7,(anonymous_0)
FN:9,(anonymous_1)
FN:9,(anonymous_2)
FN:57,(anonymous_3)
FN:67,(anonymous_4)
FNF:5
FNH:0
FNDA:0,(anonymous_0)
FNDA:0,(anonymous_1)
FNDA:0,(anonymous_2)
FNDA:0,(anonymous_3)
FNDA:0,(anonymous_4)
DA:6,1
DA:8,0
DA:9,0
DA:11,0
DA:14,0
DA:15,0
DA:16,0
DA:17,0
DA:18,0
DA:19,0
DA:33,0
DA:39,0
DA:40,0
DA:41,0
DA:42,0
DA:54,0
DA:58,0
DA:59,0
DA:60,0
DA:61,0
DA:62,0
DA:64,0
DA:68,0
LF:23
LH:1
BRDA:11,0,0,0
BRDA:11,0,1,0
BRDA:17,1,0,0
BRDA:17,1,1,0
BRDA:41,2,0,0
BRDA:41,2,1,0
BRDA:41,3,0,0
BRDA:41,3,1,0
BRDA:62,4,0,0
BRDA:62,4,1,0
BRF:10
BRH:0
end_of_record
TN:
SF:src\services\UnsupportedClaimsDetector.ts
FN:8,(anonymous_0)
FN:10,(anonymous_1)
FN:52,(anonymous_2)
FNF:3
FNH:1
FNDA:36,(anonymous_0)
FNDA:0,(anonymous_1)
FNDA:0,(anonymous_2)
DA:7,1
DA:8,36
DA:11,0
DA:14,0
DA:25,0
DA:26,0
DA:27,0
DA:29,0
DA:33,0
DA:35,0
DA:36,0
DA:49,0
DA:53,0
LF:13
LH:2
BRDA:27,0,0,0
BRDA:27,0,1,0
BRDA:27,1,0,0
BRDA:27,1,1,0
BRDA:35,2,0,0
BRDA:35,2,1,0
BRF:6
BRH:0
end_of_record
TN:
SF:src\services\WeakEvidenceDetector.ts
FN:7,(anonymous_0)
FN:52,(anonymous_1)
FNF:2
FNH:0
FNDA:0,(anonymous_0)
FNDA:0,(anonymous_1)
DA:6,1
DA:8,0
DA:11,0
DA:34,0
DA:35,0
DA:36,0
DA:37,0
DA:49,0
DA:53,0
LF:9
LH:1
BRDA:36,0,0,0
BRDA:36,0,1,0
BRDA:36,1,0,0
BRDA:36,1,1,0
BRF:4
BRH:0
end_of_record
TN:
SF:src\services\WritingFeedbackService.ts
FN:19,(anonymous_1)
FN:29,(anonymous_2)
FN:53,(anonymous_3)
FN:70,(anonymous_4)
FN:81,(anonymous_5)
FN:87,(anonymous_6)
FN:97,(anonymous_7)
FN:132,(anonymous_8)
FN:157,(anonymous_9)
FNF:9
FNH:9
FNDA:36,(anonymous_1)
FNDA:9,(anonymous_2)
FNDA:3,(anonymous_3)
FNDA:10,(anonymous_4)
FNDA:10,(anonymous_5)
FNDA:17,(anonymous_6)
FNDA:16,(anonymous_7)
FNDA:19,(anonymous_8)
FNDA:14,(anonymous_9)
DA:1,1
DA:9,1
DA:10,1
DA:11,1
DA:12,1
DA:14,1
DA:20,36
DA:21,36
DA:22,36
DA:24,36
DA:25,36
DA:26,36
DA:30,9
DA:31,9
DA:34,9
DA:35,9
DA:38,7
DA:44,7
DA:45,7
DA:48,7
DA:50,7
DA:54,3
DA:57,3
DA:67,3
DA:71,10
DA:72,10
DA:73,10
DA:75,10
DA:81,10
DA:88,17
DA:89,10
DA:90,10
DA:91,10
DA:92,27
DA:94,10
DA:98,16
DA:100,16
DA:101,17
DA:103,8
DA:109,8
DA:111,4
DA:117,4
DA:119,4
DA:125,4
DA:129,16
DA:133,19
DA:136,19
DA:137,4
DA:141,19
DA:142,4
DA:146,19
DA:147,2
DA:150,19
DA:151,11
DA:154,19
DA:158,14
LF:56
LH:56
BRDA:35,0,0,2
BRDA:35,0,1,7
BRDA:59,1,0,3
BRDA:59,1,1,2
BRDA:80,2,0,4
BRDA:80,2,1,6
BRDA:88,3,0,7
BRDA:88,3,1,10
BRDA:92,4,0,27
BRDA:92,4,1,1
BRDA:101,5,0,8
BRDA:101,5,1,4
BRDA:101,5,2,4
BRDA:136,6,0,4
BRDA:136,6,1,15
BRDA:141,7,0,4
BRDA:141,7,1,15
BRDA:146,8,0,2
BRDA:146,8,1,17
BRDA:150,9,0,11
BRDA:150,9,1,8
BRF:21
BRH:21
end_of_record
TN:
SF:src\services\WritingFeedbackSessionManager.ts
FN:20,(anonymous_0)
FN:27,(anonymous_1)
FN:45,(anonymous_2)
FN:50,(anonymous_3)
FN:59,(anonymous_4)
FN:69,(anonymous_5)
FN:78,(anonymous_6)
FN:85,(anonymous_7)
FN:95,(anonymous_8)
FN:106,(anonymous_9)
FN:119,(anonymous_10)
FN:127,(anonymous_11)
FNF:12
FNH:12
FNDA:35,(anonymous_0)
FNDA:45,(anonymous_1)
FNDA:2,(anonymous_2)
FNDA:4,(anonymous_3)
FNDA:4,(anonymous_4)
FNDA:8,(anonymous_5)
FNDA:8,(anonymous_6)
FNDA:19,(anonymous_7)
FNDA:12,(anonymous_8)
FNDA:6,(anonymous_9)
FNDA:2,(anonymous_10)
FNDA:99,(anonymous_11)
DA:15,1
DA:21,35
DA:22,35
DA:23,35
DA:24,35
DA:28,45
DA:29,3
DA:30,3
DA:31,2
DA:34,43
DA:41,43
DA:42,43
DA:46,2
DA:47,2
DA:51,4
DA:52,4
DA:53,3
DA:54,3
DA:55,3
DA:56,3
DA:60,4
DA:61,4
DA:62,3
DA:63,3
DA:64,3
DA:65,3
DA:66,3
DA:70,8
DA:71,8
DA:72,7
DA:73,7
DA:74,7
DA:75,7
DA:79,8
DA:80,8
DA:81,7
DA:82,6
DA:86,19
DA:87,19
DA:88,16
DA:89,1
DA:90,1
DA:92,15
DA:96,12
DA:97,12
DA:98,12
DA:99,11
DA:100,8
DA:103,12
DA:107,6
DA:108,6
DA:109,6
DA:110,14
DA:111,6
DA:112,6
DA:115,6
DA:116,6
DA:120,2
DA:121,2
DA:122,1
DA:123,1
DA:128,99
DA:129,97
DA:130,97
DA:131,97
DA:132,97
DA:133,84
DA:134,84
DA:135,84
DA:136,84
DA:137,3
DA:138,3
DA:139,3
LF:73
LH:73
BRDA:20,0,0,25
BRDA:20,1,0,25
BRDA:28,2,0,3
BRDA:28,2,1,42
BRDA:28,3,0,45
BRDA:28,3,1,4
BRDA:30,4,0,2
BRDA:30,4,1,1
BRDA:52,5,0,1
BRDA:52,5,1,3
BRDA:61,6,0,1
BRDA:61,6,1,3
BRDA:71,7,0,1
BRDA:71,7,1,7
BRDA:80,8,0,1
BRDA:80,8,1,7
BRDA:81,9,0,1
BRDA:81,9,1,6
BRDA:87,10,0,3
BRDA:87,10,1,16
BRDA:88,11,0,1
BRDA:88,11,1,15
BRDA:99,12,0,8
BRDA:99,12,1,3
BRDA:110,13,0,6
BRDA:110,13,1,8
BRDA:121,14,0,1
BRDA:121,14,1,1
BRDA:128,15,0,2
BRDA:128,15,1,97
BRDA:136,16,0,3
BRDA:136,16,1,81
BRDA:137,17,0,3
BRDA:137,17,1,3
BRDA:138,18,0,3
BRDA:138,18,1,3
BRF:36
BRH:36
end_of_record
